--- Audit Started at 2026-06-10 12:16:31 ---

Processing Batch 1/26 (Index 0 to 25)
FAILED to process batch 1 at index 0
--- Audit Started at 2026-06-10 13:09:12 ---

Processing Batch 1/64 (Index 0 to 10)
  [UPDATE] 'an' (ID: 3): english: 'on' -> 'at / on / to', example_de: 'Heute Nacht war das Licht an.' -> 'Wir treffen uns am Bahnhof.', example_en: 'Tonight the light was on.' -> 'We are meeting at the train station.'
Batch 1 saved successfully. Total cumulative updates: 1

Processing Batch 2/64 (Index 10 to 20)
Batch 2 saved successfully. Total cumulative updates: 1

Processing Batch 3/64 (Index 20 to 30)
  [UPDATE] 'auf sein' (ID: 21): word_class: 'Andere' -> 'Verb'
  [UPDATE] 'aus sein' (ID: 30): word_class: 'Andere' -> 'Verb'
Batch 3 saved successfully. Total cumulative updates: 3

Processing Batch 4/64 (Index 30 to 40)
  [UPDATE] 'der Ausländer' (ID: 36): theme: 'Dienstleistungen & Behörden' -> 'Person & Familie'
Batch 4 saved successfully. Total cumulative updates: 4
--- Audit Started at 2026-06-10 13:14:18 ---

Processing Batch 2/22 (Index 40 to 70)
FAILED to process batch 2 at index 40
--- Audit Started at 2026-06-10 13:16:28 ---

Processing Batch 5/64 (Index 40 to 50)
Batch 5 saved successfully. Total cumulative updates: 0

Processing Batch 6/64 (Index 50 to 60)
  [UPDATE] 'der Bahnhof' (ID: 51): example_en: 'Do I get to the train station here?' -> 'Is this the way to the train station?'
  [UPDATE] 'der Bahnsteig' (ID: 52): example_en: 'On which platform does the train depart?' -> 'From which platform does the train depart?'
  [UPDATE] 'die Bank' (ID: 56): english: 'bank / bench' -> 'bank'
  [UPDATE] 'bar' (ID: 57): word_class: 'Adverb' -> 'Adjektiv'
Batch 6 saved successfully. Total cumulative updates: 4

Processing Batch 7/64 (Index 60 to 70)
  [UPDATE] 'bekannt' (ID: 67): theme: 'Dienstleistungen & Behörden' -> 'Person & Familie'
Batch 7 saved successfully. Total cumulative updates: 5

Processing Batch 8/64 (Index 70 to 80)
  [UPDATE] 'besser' (ID: 73): adjective_forms.comparative: 'besser' -> '', adjective_forms.superlative: 'am besten' -> ''
  [UPDATE] 'best-' (ID: 74): adjective_forms.comparative: 'besser' -> '', adjective_forms.superlative: 'am besten' -> ''
  [UPDATE] 'das Bier' (ID: 79): plural: 'None' -> 'die Biere'
Batch 8 saved successfully. Total cumulative updates: 8
--- Audit Started at 2026-06-10 15:44:37 ---

Processing Batch 9/64 (Index 80 to 90)
FAILED to process batch 9 at index 80
--- Audit Started at 2026-06-10 17:06:13 ---

Processing Batch 9/64 (Index 80 to 90)
Batch 9 saved successfully. Total cumulative updates: 0

Processing Batch 10/64 (Index 90 to 100)
  [UPDATE] 'der Bogen' (ID: 93): theme: 'Arbeit & Beruf' -> 'Ausbildung & Lernen'
  [UPDATE] 'der Brief' (ID: 96): theme: 'Ausbildung & Lernen' -> 'Dienstleistungen & Behörden'
  [UPDATE] 'die Briefmarke' (ID: 97): example_de: 'Kaufst du bitte Briefmarken bei der Post?' -> 'Kaufst du bitte Briefmarken bei der Post.', example_en: 'Could you please buy stamps at the post office?' -> 'Please buy stamps at the post office.'
Batch 10 saved successfully. Total cumulative updates: 3

Processing Batch 11/64 (Index 100 to 110)
  [UPDATE] 'die Bäckerei' (ID: 107): theme: 'Essen & Trinken' -> 'Einkaufen & Konsum'
Batch 11 saved successfully. Total cumulative updates: 4

Processing Batch 12/64 (Index 110 to 120)
  [UPDATE] 'die Dame' (ID: 114): example_en: 'Dear Sir or Madam! (literally: Very honored ladies and gentlemen)' -> 'Dear Sir or Madam!'
  [UPDATE] 'der Dank' (ID: 116): theme: 'Ausbildung & Lernen' -> 'Zeit, Maße & Basiswortschatz'
  [UPDATE] 'danken' (ID: 118): theme: 'Ausbildung & Lernen' -> 'Zeit, Maße & Basiswortschatz'
  [UPDATE] 'das Datum' (ID: 120): theme: 'Dienstleistungen & Behörden' -> 'Zeit, Maße & Basiswortschatz'
Batch 12 saved successfully. Total cumulative updates: 8

Processing Batch 13/64 (Index 120 to 130)
  [UPDATE] 'denn' (ID: 123): theme: 'Ausbildung & Lernen' -> 'Zeit, Maße & Basiswortschatz'
Batch 13 saved successfully. Total cumulative updates: 9

Processing Batch 14/64 (Index 130 to 140)
  [UPDATE] 'die Dusche' (ID: 138): theme: 'Gesundheit & Körper' -> 'Wohnen & Haushalt'
Batch 14 saved successfully. Total cumulative updates: 10

Processing Batch 15/64 (Index 140 to 150)
  [UPDATE] 'einfach' (ID: 146): theme: 'Reise & Verkehr' -> 'Ausbildung & Lernen'
Batch 15 saved successfully. Total cumulative updates: 11

Processing Batch 16/64 (Index 150 to 160)
  [UPDATE] 'die E-Mail' (ID: 156): theme: 'Ausbildung & Lernen' -> 'Dienstleistungen & Behörden'
  [UPDATE] 'empfehlen' (ID: 157): theme: 'Ausbildung & Lernen' -> 'Essen & Trinken'
  [UPDATE] 'der Empfänger' (ID: 158): theme: 'Ausbildung & Lernen' -> 'Dienstleistungen & Behörden'
Batch 16 saved successfully. Total cumulative updates: 14

Processing Batch 17/64 (Index 160 to 170)
  [UPDATE] 'entschuldigen' (ID: 161): theme: 'Ausbildung & Lernen' -> 'Zeit, Maße & Basiswortschatz'
  [UPDATE] 'die Entschuldigung' (ID: 162): theme: 'Ausbildung & Lernen' -> 'Zeit, Maße & Basiswortschatz'
  [UPDATE] 'das Ergebnis' (ID: 164): theme: 'Arbeit & Beruf' -> 'Ausbildung & Lernen'
  [UPDATE] 'der Erwachsene' (ID: 167): theme: 'Dienstleistungen & Behörden' -> 'Person & Familie'
  [UPDATE] 'erzählen' (ID: 168): theme: 'Ausbildung & Lernen' -> 'Zeit, Maße & Basiswortschatz'
Batch 17 saved successfully. Total cumulative updates: 19

Processing Batch 18/64 (Index 170 to 180)
Batch 18 saved successfully. Total cumulative updates: 19

Processing Batch 19/64 (Index 180 to 190)
  [UPDATE] 'fehlen' (ID: 183): theme: 'Gesundheit & Körper' -> 'Arbeit & Beruf'
  [UPDATE] 'das Feuer' (ID: 188): plural: 'die Feuer' -> 'None', theme: 'Natur & Umwelt' -> 'Zeit, Maße & Basiswortschatz'
Batch 19 saved successfully. Total cumulative updates: 21

Processing Batch 20/64 (Index 190 to 200)
  [UPDATE] 'finden' (ID: 191): theme: 'Person & Familie' -> 'Zeit, Maße & Basiswortschatz'
Batch 20 saved successfully. Total cumulative updates: 22

Processing Batch 21/64 (Index 200 to 210)
Batch 21 saved successfully. Total cumulative updates: 22

Processing Batch 22/64 (Index 210 to 220)
Batch 22 saved successfully. Total cumulative updates: 22

Processing Batch 23/64 (Index 220 to 230)
  [UPDATE] 'der Geburtstag' (ID: 221): theme: 'Freizeit & Unterhaltung' -> 'Person & Familie'
  [UPDATE] 'gefallen' (ID: 222): theme: 'Person & Familie' -> 'Zeit, Maße & Basiswortschatz'
Batch 23 saved successfully. Total cumulative updates: 24

Processing Batch 24/64 (Index 230 to 240)
  [UPDATE] 'geschlossen' (ID: 232): theme: 'Einkaufen & Konsum' -> 'Dienstleistungen & Behörden'
  [UPDATE] 'die Geschwister' (ID: 233): plural: 'die Geschwister' -> 'None'
  [UPDATE] 'das Gespräch' (ID: 235): theme: 'Ausbildung & Lernen' -> 'Arbeit & Beruf'
  [UPDATE] 'gestorben' (ID: 237): theme: 'Gesundheit & Körper' -> 'Person & Familie', word_class: 'Verb' -> 'Adjektiv'
  [UPDATE] 'das Gewicht' (ID: 239): theme: 'Gesundheit & Körper' -> 'Person & Familie'
Batch 24 saved successfully. Total cumulative updates: 29

Processing Batch 25/64 (Index 240 to 250)
  [UPDATE] 'glauben' (ID: 243): theme: 'Ausbildung & Lernen' -> 'Zeit, Maße & Basiswortschatz'
  [UPDATE] 'der Glückwunsch' (ID: 248): theme: 'Freizeit & Unterhaltung' -> 'Person & Familie'
  [UPDATE] 'gratulieren' (ID: 249): theme: 'Freizeit & Unterhaltung' -> 'Person & Familie'
Batch 25 saved successfully. Total cumulative updates: 32

Processing Batch 26/64 (Index 250 to 260)
  [UPDATE] 'die Großeltern' (ID: 252): plural: 'die Großeltern' -> 'None'
  [UPDATE] 'die Gruppe' (ID: 255): theme: 'Freizeit & Unterhaltung' -> 'Ausbildung & Lernen'
  [UPDATE] 'der Gruß' (ID: 256): theme: 'Ausbildung & Lernen' -> 'Zeit, Maße & Basiswortschatz'
  [UPDATE] 'gültig' (ID: 259): theme: 'Reise & Verkehr' -> 'Dienstleistungen & Behörden'
Batch 26 saved successfully. Total cumulative updates: 36

Processing Batch 27/64 (Index 260 to 270)
  [UPDATE] 'die Halle' (ID: 264): theme: 'Wohnen & Haushalt' -> 'Reise & Verkehr'
  [UPDATE] 'hallo' (ID: 265): theme: 'Ausbildung & Lernen' -> 'Zeit, Maße & Basiswortschatz'
  [UPDATE] 'das Handy' (ID: 269): theme: 'Ausbildung & Lernen' -> 'Dienstleistungen & Behörden'
Batch 27 saved successfully. Total cumulative updates: 39

Processing Batch 28/64 (Index 270 to 280)
  [UPDATE] 'die Heimat' (ID: 274): theme: 'Zeit, Maße & Basiswortschatz' -> 'Person & Familie'
  [UPDATE] 'heißen' (ID: 276): theme: 'Ausbildung & Lernen' -> 'Person & Familie'
  [UPDATE] 'helfen' (ID: 277): theme: 'Ausbildung & Lernen' -> 'Zeit, Maße & Basiswortschatz'
  [UPDATE] 'der Herd' (ID: 279): theme: 'Essen & Trinken' -> 'Wohnen & Haushalt'
Batch 28 saved successfully. Total cumulative updates: 43

Processing Batch 29/64 (Index 280 to 290)
  [UPDATE] 'die Hilfe' (ID: 284): theme: 'Gesundheit & Körper' -> 'Zeit, Maße & Basiswortschatz'
  [UPDATE] 'die Hochzeit' (ID: 288): theme: 'Freizeit & Unterhaltung' -> 'Person & Familie', example_de: 'Zur dieser Hochzeit kommen mehr als fünfzig Gäste.' -> 'Zu dieser Hochzeit kommen mehr als fünfzig Gäste.'
Batch 29 saved successfully. Total cumulative updates: 45

Processing Batch 30/64 (Index 290 to 300)
  [UPDATE] 'hören' (ID: 294): theme: 'Ausbildung & Lernen' -> 'Zeit, Maße & Basiswortschatz'
  [UPDATE] 'international' (ID: 299): theme: 'Dienstleistungen & Behörden' -> 'Ausbildung & Lernen'
  [UPDATE] 'das Internet' (ID: 300): theme: 'Ausbildung & Lernen' -> 'Freizeit & Unterhaltung'
Batch 30 saved successfully. Total cumulative updates: 48

Processing Batch 31/64 (Index 300 to 310)
  [UPDATE] 'ja' (ID: 301): theme: 'Ausbildung & Lernen' -> 'Zeit, Maße & Basiswortschatz'
  [UPDATE] 'jung' (ID: 307): theme: 'Zeit, Maße & Basiswortschatz' -> 'Person & Familie'
Batch 31 saved successfully. Total cumulative updates: 50

Processing Batch 32/64 (Index 310 to 320)
  [UPDATE] 'kennenlernen' (ID: 317): theme: 'Ausbildung & Lernen' -> 'Person & Familie'
Batch 32 saved successfully. Total cumulative updates: 51

Processing Batch 33/64 (Index 320 to 330)
  [UPDATE] 'klar' (ID: 322): theme: 'Ausbildung & Lernen' -> 'Zeit, Maße & Basiswortschatz'
  [UPDATE] 'die Klasse' (ID: 323): theme: 'Reise & Verkehr' -> 'Ausbildung & Lernen'
Batch 33 saved successfully. Total cumulative updates: 53

Processing Batch 34/64 (Index 330 to 340)
  [UPDATE] 'krank' (ID: 333): example_de: 'Ich kann heute nicht zur Arbeit kommen, ich bin krank.' -> 'Ich kann heute nicht zur Arbeit kommen, ich bin krank und liege im Bett.', example_en: 'I cannot come to work today, I am sick.' -> 'I cannot come to work today, I am sick and lying in bed.'
  [UPDATE] 'kulturell' (ID: 337): adjective_forms.comparative: 'kultureller' -> '', adjective_forms.superlative: 'am kulturellsten' -> ''
Batch 34 saved successfully. Total cumulative updates: 55

Processing Batch 35/64 (Index 340 to 350)
  [UPDATE] 'können' (ID: 341): theme: 'Ausbildung & Lernen' -> 'Zeit, Maße & Basiswortschatz'
  [UPDATE] 'der Kühlschrank' (ID: 343): theme: 'Essen & Trinken' -> 'Wohnen & Haushalt'
  [UPDATE] 'lachen' (ID: 344): theme: 'Ausbildung & Lernen' -> 'Person & Familie'
  [UPDATE] 'langsam' (ID: 349): theme: 'Reise & Verkehr' -> 'Zeit, Maße & Basiswortschatz'
  [UPDATE] 'laufen' (ID: 350): theme: 'Freizeit & Unterhaltung' -> 'Reise & Verkehr'
Batch 35 saved successfully. Total cumulative updates: 60

Processing Batch 36/64 (Index 350 to 360)
  [UPDATE] 'das Leben' (ID: 353): theme: 'Dienstleistungen & Behörden' -> 'Zeit, Maße & Basiswortschatz'
  [UPDATE] 'das Lebensmittel' (ID: 354): theme: 'Essen & Trinken' -> 'Einkaufen & Konsum'
  [UPDATE] 'leider' (ID: 360): theme: 'Ausbildung & Lernen' -> 'Zeit, Maße & Basiswortschatz'
Batch 36 saved successfully. Total cumulative updates: 63

Processing Batch 37/64 (Index 360 to 370)
  [UPDATE] 'die Leute' (ID: 365): plural: 'die Leute' -> 'None', theme: 'Dienstleistungen & Behörden' -> 'Person & Familie'
  [UPDATE] 'lieber' (ID: 369): theme: 'Person & Familie' -> 'Zeit, Maße & Basiswortschatz'
Batch 37 saved successfully. Total cumulative updates: 65

Processing Batch 38/64 (Index 370 to 380)
  [UPDATE] 'die Maschine' (ID: 380): theme: 'Zeit, Maße & Basiswortschatz' -> 'Wohnen & Haushalt'
Batch 38 saved successfully. Total cumulative updates: 66

Processing Batch 39/64 (Index 380 to 390)
  [UPDATE] 'der Mensch' (ID: 385): theme: 'Dienstleistungen & Behörden' -> 'Person & Familie'
Batch 39 saved successfully. Total cumulative updates: 67

Processing Batch 40/64 (Index 390 to 400)
  [UPDATE] 'die Mitte' (ID: 394): theme: 'Einkaufen & Konsum' -> 'Zeit, Maße & Basiswortschatz'
  [UPDATE] 'männlich' (ID: 400): theme: 'Dienstleistungen & Behörden' -> 'Person & Familie'
Batch 40 saved successfully. Total cumulative updates: 69

Processing Batch 41/64 (Index 400 to 410)
  [UPDATE] 'mögen' (ID: 403): theme: 'Person & Familie' -> 'Essen & Trinken'
  [UPDATE] 'nein' (ID: 410): theme: 'Ausbildung & Lernen' -> 'Zeit, Maße & Basiswortschatz'
Batch 41 saved successfully. Total cumulative updates: 71

Processing Batch 42/64 (Index 410 to 420)
  [UPDATE] 'nicht' (ID: 412): theme: 'Ausbildung & Lernen' -> 'Zeit, Maße & Basiswortschatz'
  [UPDATE] 'normal' (ID: 416): theme: 'Gesundheit & Körper' -> 'Person & Familie'
  [UPDATE] 'die Nummer' (ID: 417): theme: 'Ausbildung & Lernen' -> 'Zeit, Maße & Basiswortschatz'
  [UPDATE] 'oben' (ID: 420): theme: 'Zeit, Maße & Basiswortschatz' -> 'Wohnen & Haushalt'
Batch 42 saved successfully. Total cumulative updates: 75

Processing Batch 43/64 (Index 420 to 430)
  [UPDATE] 'oder' (ID: 422): theme: 'Ausbildung & Lernen' -> 'Zeit, Maße & Basiswortschatz'
  [UPDATE] 'die Ordnung' (ID: 427): theme: 'Wohnen & Haushalt' -> 'Zeit, Maße & Basiswortschatz'
  [UPDATE] 'der Ort' (ID: 428): theme: 'Zeit, Maße & Basiswortschatz' -> 'Reise & Verkehr'
  [UPDATE] 'das Papier' (ID: 429): theme: 'Arbeit & Beruf' -> 'Ausbildung & Lernen'
  [UPDATE] 'die Papiere' (ID: 430): plural: 'die Papiere' -> 'None', theme: 'Reise & Verkehr' -> 'Dienstleistungen & Behörden'
Batch 43 saved successfully. Total cumulative updates: 80

Processing Batch 44/64 (Index 430 to 440)
  [UPDATE] 'die Post' (ID: 440): theme: 'Ausbildung & Lernen' -> 'Dienstleistungen & Behörden'
Batch 44 saved successfully. Total cumulative updates: 81

Processing Batch 45/64 (Index 440 to 450)
  [UPDATE] 'das Problem' (ID: 445): theme: 'Ausbildung & Lernen' -> 'Zeit, Maße & Basiswortschatz'
  [UPDATE] 'der Raum' (ID: 450): theme: 'Wohnen & Haushalt' -> 'Ausbildung & Lernen'
Batch 45 saved successfully. Total cumulative updates: 83

Processing Batch 46/64 (Index 450 to 460)
  [UPDATE] 'rechts' (ID: 452): theme: 'Dienstleistungen & Behörden' -> 'Zeit, Maße & Basiswortschatz'
Batch 46 saved successfully. Total cumulative updates: 84

Processing Batch 47/64 (Index 460 to 470)
  [UPDATE] 'reparieren' (ID: 461): theme: 'Zeit, Maße & Basiswortschatz' -> 'Dienstleistungen & Behörden'
  [UPDATE] 'richtig' (ID: 464): adjective_forms.comparative: 'richtiger' -> '', adjective_forms.superlative: 'am richtigsten' -> ''
  [UPDATE] 'riechen' (ID: 465): theme: 'Zeit, Maße & Basiswortschatz' -> 'Essen & Trinken'
  [UPDATE] 'ruhig' (ID: 466): theme: 'Person & Familie' -> 'Wohnen & Haushalt'
  [UPDATE] 'sagen' (ID: 468): theme: 'Ausbildung & Lernen' -> 'Zeit, Maße & Basiswortschatz'
  [UPDATE] 'das Salz' (ID: 470): plural: 'die Salze' -> 'None'
Batch 47 saved successfully. Total cumulative updates: 90

Processing Batch 48/64 (Index 470 to 480)
  [UPDATE] 'schicken' (ID: 474): theme: 'Ausbildung & Lernen' -> 'Dienstleistungen & Behörden'
  [UPDATE] 'schlecht' (ID: 478): theme: 'Gesundheit & Körper' -> 'Zeit, Maße & Basiswortschatz'
Batch 48 saved successfully. Total cumulative updates: 92

Processing Batch 49/64 (Index 480 to 490)
Batch 49 saved successfully. Total cumulative updates: 92

Processing Batch 50/64 (Index 490 to 500)
  [UPDATE] 'sehen' (ID: 496): theme: 'Natur & Umwelt' -> 'Zeit, Maße & Basiswortschatz'
Batch 50 saved successfully. Total cumulative updates: 93

Processing Batch 51/64 (Index 500 to 510)
  [UPDATE] 'so' (ID: 506): theme: 'Ausbildung & Lernen' -> 'Zeit, Maße & Basiswortschatz'
Batch 51 saved successfully. Total cumulative updates: 94

Processing Batch 52/64 (Index 510 to 520)
  [UPDATE] 'der Sport' (ID: 514): theme: 'Gesundheit & Körper' -> 'Freizeit & Unterhaltung'
  [UPDATE] 'sprechen' (ID: 516): theme: 'Ausbildung & Lernen' -> 'Zeit, Maße & Basiswortschatz'
  [UPDATE] 'die Stadt' (ID: 519): theme: 'Wohnen & Haushalt' -> 'Reise & Verkehr'
Batch 52 saved successfully. Total cumulative updates: 97

Processing Batch 53/64 (Index 520 to 530)
  [UPDATE] 'stellen' (ID: 522): theme: 'Wohnen & Haushalt' -> 'Zeit, Maße & Basiswortschatz'
  [UPDATE] 'die Straße' (ID: 524): theme: 'Reise & Verkehr' -> 'Wohnen & Haushalt'
Batch 53 saved successfully. Total cumulative updates: 99

Processing Batch 54/64 (Index 530 to 540)
  [UPDATE] 'der Tee' (ID: 534): plural: 'die Tees' -> 'None'
  [UPDATE] 'der Teil' (ID: 535): theme: 'Ausbildung & Lernen' -> 'Zeit, Maße & Basiswortschatz'
  [UPDATE] 'das Telefon' (ID: 536): plural: 'die Telefone' -> 'None', theme: 'Ausbildung & Lernen' -> 'Dienstleistungen & Behörden'
  [UPDATE] 'telefonieren' (ID: 537): theme: 'Ausbildung & Lernen' -> 'Dienstleistungen & Behörden'
  [UPDATE] 'der Test' (ID: 539): plural: 'die Tests' -> 'None'
Batch 54 saved successfully. Total cumulative updates: 104

Processing Batch 55/64 (Index 540 to 550)
  [UPDATE] 'tot' (ID: 548): theme: 'Gesundheit & Körper' -> 'Person & Familie'
  [UPDATE] 'die Treppe' (ID: 549): example_de: 'Die Treppe hoch und dann links.' -> 'Die Toilette? Die Treppe hoch und dann links.', example_en: 'Up the stairs and then left.' -> 'The toilet? Up the stairs and then left.'
Batch 55 saved successfully. Total cumulative updates: 106

Processing Batch 56/64 (Index 550 to 560)
  [UPDATE] 'tschüss' (ID: 551): theme: 'Ausbildung & Lernen' -> 'Zeit, Maße & Basiswortschatz'
  [UPDATE] 'und' (ID: 556): theme: 'Zeit, Maße & Basiswortschatz' -> 'Gesundheit & Körper'
  [UPDATE] 'und' (ID: 557): theme: 'Ausbildung & Lernen' -> 'Person & Familie'
  [UPDATE] 'unser-' (ID: 558): theme: 'Zeit, Maße & Basiswortschatz' -> 'Ausbildung & Lernen'
  [UPDATE] 'unten' (ID: 559): theme: 'Zeit, Maße & Basiswortschatz' -> 'Wohnen & Haushalt'
  [UPDATE] 'unter' (ID: 560): theme: 'Zeit, Maße & Basiswortschatz' -> 'Wohnen & Haushalt'
Batch 56 saved successfully. Total cumulative updates: 112

Processing Batch 57/64 (Index 560 to 570)
  [UPDATE] 'der Urlaub' (ID: 564): theme: 'Reise & Verkehr' -> 'Arbeit & Beruf'
  [UPDATE] 'verboten' (ID: 566): theme: 'Zeit, Maße & Basiswortschatz' -> 'Dienstleistungen & Behörden'
Batch 57 saved successfully. Total cumulative updates: 114

Processing Batch 58/64 (Index 570 to 580)
  [UPDATE] 'der Verkäufer' (ID: 571): theme: 'Einkaufen & Konsum' -> 'Arbeit & Beruf'
  [UPDATE] 'verstehen' (ID: 574): theme: 'Ausbildung & Lernen' -> 'Zeit, Maße & Basiswortschatz'
  [UPDATE] 'vielleicht' (ID: 577): theme: 'Ausbildung & Lernen' -> 'Zeit, Maße & Basiswortschatz'
  [UPDATE] 'der Vorname' (ID: 580): theme: 'Dienstleistungen & Behörden' -> 'Person & Familie'
Batch 58 saved successfully. Total cumulative updates: 118

Processing Batch 59/64 (Index 580 to 590)
  [UPDATE] 'die Vorwahl' (ID: 582): theme: 'Ausbildung & Lernen' -> 'Dienstleistungen & Behörden'
  [UPDATE] 'warum' (ID: 586): theme: 'Ausbildung & Lernen' -> 'Zeit, Maße & Basiswortschatz'
  [UPDATE] 'was' (ID: 587): theme: 'Ausbildung & Lernen' -> 'Zeit, Maße & Basiswortschatz'
Batch 59 saved successfully. Total cumulative updates: 121

Processing Batch 60/64 (Index 590 to 600)
  [UPDATE] 'weiblich' (ID: 592): theme: 'Dienstleistungen & Behörden' -> 'Person & Familie'
  [UPDATE] 'wer' (ID: 599): theme: 'Person & Familie' -> 'Zeit, Maße & Basiswortschatz'
Batch 60 saved successfully. Total cumulative updates: 123

Processing Batch 61/64 (Index 600 to 610)
  [UPDATE] 'wie' (ID: 603): theme: 'Ausbildung & Lernen' -> 'Zeit, Maße & Basiswortschatz'
  [UPDATE] 'das Wiederhören' (ID: 606): theme: 'Ausbildung & Lernen' -> 'Zeit, Maße & Basiswortschatz'
  [UPDATE] 'das Wiedersehen' (ID: 607): theme: 'Ausbildung & Lernen' -> 'Zeit, Maße & Basiswortschatz'
  [UPDATE] 'willkommen' (ID: 608): theme: 'Ausbildung & Lernen' -> 'Zeit, Maße & Basiswortschatz'
Batch 61 saved successfully. Total cumulative updates: 127

Processing Batch 62/64 (Index 610 to 620)
  [UPDATE] 'wissen' (ID: 611): theme: 'Ausbildung & Lernen' -> 'Zeit, Maße & Basiswortschatz'
  [UPDATE] 'wollen' (ID: 617): theme: 'Einkaufen & Konsum' -> 'Zeit, Maße & Basiswortschatz'
Batch 62 saved successfully. Total cumulative updates: 129

Processing Batch 63/64 (Index 620 to 630)
  [UPDATE] 'die Zigarette' (ID: 623): theme: 'Freizeit & Unterhaltung' -> 'Einkaufen & Konsum'
  [UPDATE] 'zu sein' (ID: 627): theme: 'Wohnen & Haushalt' -> 'Zeit, Maße & Basiswortschatz'
  [UPDATE] 'zum Beispiel (z. B.)' (ID: 630): theme: 'Ausbildung & Lernen' -> 'Zeit, Maße & Basiswortschatz'
Batch 63 saved successfully. Total cumulative updates: 132

Processing Batch 64/64 (Index 630 to 640)
Batch 64 saved successfully. Total cumulative updates: 132

Level A1 complete. Audited: 560, Corrections: 132
