--- Audit Started at 2026-06-10 17:57:00 ---

Processing Batch 1/115 (Index 0 to 10)
  [UPDATE] '(fahren' (ID: 1): example_de: 'Wann kommst du zurück?' -> 'Fahrt ihr nach der Party zurück nach Hause?', example_en: 'When are you coming back?' -> 'Are you driving back home after the party?', verb_conjugation.present_3sg: 'er fährt (zurück)' -> 'er fährt zurück', verb_conjugation.perfekt: 'ist (zurück)gefahren' -> 'ist zurückgefahren'
  [UPDATE] 'aber' (ID: 3): theme: 'Ausbildung & Lernen' -> 'Zeit, Maße & Basiswortschatz'
  [UPDATE] 'abgeben' (ID: 6): theme: 'Gesundheit & Körper' -> 'Reise & Verkehr'
  [UPDATE] 'abschließen' (ID: 8): theme: 'Ausbildung & Lernen' -> 'Wohnen & Haushalt'
Batch 1 saved successfully. Total cumulative updates: 4

Processing Batch 2/115 (Index 10 to 20)
  [UPDATE] 'die Ahnung' (ID: 11): theme: 'Person & Familie' -> 'Zeit, Maße & Basiswortschatz'
  [UPDATE] 'also' (ID: 17): theme: 'Ausbildung & Lernen' -> 'Zeit, Maße & Basiswortschatz'
  [UPDATE] 'das Alter' (ID: 19): theme: 'Dienstleistungen & Behörden' -> 'Person & Familie'
Batch 2 saved successfully. Total cumulative updates: 7

Processing Batch 3/115 (Index 20 to 30)
  [UPDATE] 'anbieten' (ID: 23): theme: 'Einkaufen & Konsum' -> 'Arbeit & Beruf'
Batch 3 saved successfully. Total cumulative updates: 8

Processing Batch 4/115 (Index 30 to 40)
  [UPDATE] 'die Anmeldung' (ID: 34): gender: 'der' -> 'die'
  [UPDATE] 'der Anruf' (ID: 35): theme: 'Ausbildung & Lernen' -> 'Dienstleistungen & Behörden'
  [UPDATE] 'der Anrufbeantworter' (ID: 36): theme: 'Ausbildung & Lernen' -> 'Dienstleistungen & Behörden'
  [UPDATE] 'anrufen' (ID: 37): theme: 'Ausbildung & Lernen' -> 'Dienstleistungen & Behörden'
Batch 4 saved successfully. Total cumulative updates: 12

Processing Batch 5/115 (Index 40 to 50)
  [UPDATE] 'arm' (ID: 50): theme: 'Einkaufen & Konsum' -> 'Zeit, Maße & Basiswortschatz'
Batch 5 saved successfully. Total cumulative updates: 13

Processing Batch 6/115 (Index 50 to 60)
  [UPDATE] 'der Artikel' (ID: 52): theme: 'Zeit, Maße & Basiswortschatz' -> 'Ausbildung & Lernen'
  [UPDATE] 'auch' (ID: 53): theme: 'Ausbildung & Lernen' -> 'Zeit, Maße & Basiswortschatz'
  [UPDATE] 'auf jeden Fall' (ID: 55): theme: 'Ausbildung & Lernen' -> 'Zeit, Maße & Basiswortschatz', example_de: 'Ich möchte auf jeden Fall den neuen Film sehen.' -> 'Ich möchte auf jeden Fall den neuen James-Bond-Film sehen.', example_en: 'I definitely want to see the new movie.' -> 'I definitely want to see the new James Bond movie.'
  [UPDATE] 'auf keinen Fall' (ID: 56): theme: 'Ausbildung & Lernen' -> 'Zeit, Maße & Basiswortschatz'
  [UPDATE] 'auf sein' (ID: 57): theme: 'Wohnen & Haushalt' -> 'Zeit, Maße & Basiswortschatz'
  [UPDATE] 'aufpassen' (ID: 60): theme: 'Reise & Verkehr' -> 'Person & Familie'
Batch 6 saved successfully. Total cumulative updates: 19

Processing Batch 7/115 (Index 60 to 70)
  [UPDATE] 'aufregend' (ID: 61): theme: 'Person & Familie' -> 'Zeit, Maße & Basiswortschatz'
  [UPDATE] 'der Ausgang' (ID: 69): theme: 'Wohnen & Haushalt' -> 'Zeit, Maße & Basiswortschatz'
Batch 7 saved successfully. Total cumulative updates: 21

Processing Batch 8/115 (Index 70 to 80)
Batch 8 saved successfully. Total cumulative updates: 21

Processing Batch 9/115 (Index 80 to 90)
  [UPDATE] 'außerdem' (ID: 86): theme: 'Ausbildung & Lernen' -> 'Einkaufen & Konsum'
  [UPDATE] 'außerhalb' (ID: 87): theme: 'Zeit, Maße & Basiswortschatz' -> 'Wohnen & Haushalt'
Batch 9 saved successfully. Total cumulative updates: 23

Processing Batch 10/115 (Index 90 to 100)
  [UPDATE] 'das Bad' (ID: 91): theme: 'Gesundheit & Körper' -> 'Wohnen & Haushalt'
Batch 10 saved successfully. Total cumulative updates: 24

Processing Batch 11/115 (Index 100 to 110)
  [UPDATE] 'die Bank' (ID: 101): plural: 'die Bänke' -> 'die Banken'
Batch 11 saved successfully. Total cumulative updates: 25

Processing Batch 12/115 (Index 110 to 120)
  [UPDATE] 'beenden' (ID: 112): theme: 'Arbeit & Beruf' -> 'Ausbildung & Lernen'
  [UPDATE] 'bei' (ID: 115): theme: 'Person & Familie' -> 'Zeit, Maße & Basiswortschatz'
  [UPDATE] 'bekannt' (ID: 118): theme: 'Person & Familie' -> 'Zeit, Maße & Basiswortschatz'
  [UPDATE] 'beliebt' (ID: 120): theme: 'Dienstleistungen & Behörden' -> 'Freizeit & Unterhaltung'
Batch 12 saved successfully. Total cumulative updates: 29

Processing Batch 13/115 (Index 120 to 130)
  [UPDATE] 'berichten' (ID: 125): gender: 'der' -> 'None', theme: 'Ausbildung & Lernen' -> 'Zeit, Maße & Basiswortschatz'
  [UPDATE] 'der Bescheid' (ID: 128): theme: 'Ausbildung & Lernen' -> 'Dienstleistungen & Behörden'
  [UPDATE] 'Bescheid bekommen' (ID: 129): theme: 'Ausbildung & Lernen' -> 'Dienstleistungen & Behörden'
  [UPDATE] 'Bescheid geben / sagen' (ID: 130): theme: 'Ausbildung & Lernen' -> 'Zeit, Maße & Basiswortschatz'
Batch 13 saved successfully. Total cumulative updates: 33

Processing Batch 14/115 (Index 130 to 140)
  [UPDATE] 'beschreiben' (ID: 131): theme: 'Ausbildung & Lernen' -> 'Zeit, Maße & Basiswortschatz'
  [UPDATE] 'bestätigen' (ID: 137): theme: 'Ausbildung & Lernen' -> 'Zeit, Maße & Basiswortschatz'
  [UPDATE] 'der Besuch' (ID: 138): theme: 'Freizeit & Unterhaltung' -> 'Person & Familie'
  [UPDATE] 'besuchen' (ID: 139): theme: 'Freizeit & Unterhaltung' -> 'Person & Familie'
  [UPDATE] 'das Bett' (ID: 140): theme: 'Gesundheit & Körper' -> 'Wohnen & Haushalt'
Batch 14 saved successfully. Total cumulative updates: 38

Processing Batch 15/115 (Index 140 to 150)
  [UPDATE] 'das Bild' (ID: 145): theme: 'Wohnen & Haushalt' -> 'Person & Familie'
  [UPDATE] 'bitte' (ID: 149): theme: 'Ausbildung & Lernen' -> 'Zeit, Maße & Basiswortschatz'
  [UPDATE] 'die Bitte' (ID: 150): theme: 'Ausbildung & Lernen' -> 'Zeit, Maße & Basiswortschatz'
Batch 15 saved successfully. Total cumulative updates: 41

Processing Batch 16/115 (Index 150 to 160)
  [UPDATE] 'bitten' (ID: 151): theme: 'Ausbildung & Lernen' -> 'Zeit, Maße & Basiswortschatz'
  [UPDATE] 'das Blatt' (ID: 153): theme: 'Arbeit & Beruf' -> 'Ausbildung & Lernen'
  [UPDATE] 'der Bleistift' (ID: 155): theme: 'Arbeit & Beruf' -> 'Ausbildung & Lernen'
  [UPDATE] 'der Blog' (ID: 156): theme: 'Zeit, Maße & Basiswortschatz' -> 'Freizeit & Unterhaltung'
  [UPDATE] 'blond' (ID: 157): theme: 'Zeit, Maße & Basiswortschatz' -> 'Person & Familie'
Batch 16 saved successfully. Total cumulative updates: 46

Processing Batch 17/115 (Index 160 to 170)
  [UPDATE] 'der Brief' (ID: 164): theme: 'Ausbildung & Lernen' -> 'Dienstleistungen & Behörden'
  [UPDATE] 'die Briefmarke' (ID: 165): theme: 'Ausbildung & Lernen' -> 'Dienstleistungen & Behörden'
Batch 17 saved successfully. Total cumulative updates: 48

Processing Batch 18/115 (Index 170 to 180)
  [UPDATE] 'die Bäckerei' (ID: 178): theme: 'Essen & Trinken' -> 'Einkaufen & Konsum'
Batch 18 saved successfully. Total cumulative updates: 49

Processing Batch 19/115 (Index 180 to 190)
  [UPDATE] 'chatten' (ID: 183): theme: 'Ausbildung & Lernen' -> 'Freizeit & Unterhaltung'
  [UPDATE] 'der Computer' (ID: 188): theme: 'Dienstleistungen & Behörden' -> 'Arbeit & Beruf'
  [UPDATE] 'die Creme' (ID: 189): theme: 'Essen & Trinken' -> 'Gesundheit & Körper'
Batch 19 saved successfully. Total cumulative updates: 52

Processing Batch 20/115 (Index 190 to 200)
  [UPDATE] 'da(r)- (z.B. darauf, darüber)' (ID: 191): theme: 'Ausbildung & Lernen' -> 'Zeit, Maße & Basiswortschatz'
  [UPDATE] 'dagegen sein' (ID: 193): theme: 'Ausbildung & Lernen' -> 'Zeit, Maße & Basiswortschatz'
  [UPDATE] 'damals' (ID: 194): example_de: 'Als Student hatte ich viel Zeit, aber damals hatte ich kein Geld.' -> 'Als Student hatte ich viel Zeit und wollte reisen. Aber damals hatte ich kein Geld.', example_en: 'As a student I had a lot of time, but back then I had no money.' -> 'As a student I had a lot of time and wanted to travel. But back then I had no money.'
  [UPDATE] 'die Dame' (ID: 195): theme: 'Ausbildung & Lernen' -> 'Person & Familie'
  [UPDATE] 'der Dank' (ID: 197): theme: 'Ausbildung & Lernen' -> 'Zeit, Maße & Basiswortschatz'
  [UPDATE] 'danke' (ID: 198): theme: 'Ausbildung & Lernen' -> 'Zeit, Maße & Basiswortschatz'
  [UPDATE] 'danken' (ID: 199): theme: 'Ausbildung & Lernen' -> 'Zeit, Maße & Basiswortschatz'
Batch 20 saved successfully. Total cumulative updates: 59

Processing Batch 21/115 (Index 200 to 210)
  [UPDATE] 'dass' (ID: 201): theme: 'Ausbildung & Lernen' -> 'Zeit, Maße & Basiswortschatz'
  [UPDATE] 'die Datei' (ID: 202): theme: 'Dienstleistungen & Behörden' -> 'Arbeit & Beruf'
  [UPDATE] 'das Datum' (ID: 203): theme: 'Dienstleistungen & Behörden' -> 'Zeit, Maße & Basiswortschatz'
  [UPDATE] 'denken' (ID: 205): theme: 'Person & Familie' -> 'Zeit, Maße & Basiswortschatz'
  [UPDATE] 'denn' (ID: 206): theme: 'Ausbildung & Lernen' -> 'Zeit, Maße & Basiswortschatz'
  [UPDATE] 'deshalb' (ID: 209): theme: 'Ausbildung & Lernen' -> 'Zeit, Maße & Basiswortschatz'
  [UPDATE] 'deutlich' (ID: 210): theme: 'Ausbildung & Lernen' -> 'Zeit, Maße & Basiswortschatz'
Batch 21 saved successfully. Total cumulative updates: 66

Processing Batch 22/115 (Index 210 to 220)
  [UPDATE] 'dick' (ID: 211): theme: 'Zeit, Maße & Basiswortschatz' -> 'Person & Familie'
  [UPDATE] 'diskutieren' (ID: 216): theme: 'Ausbildung & Lernen' -> 'Arbeit & Beruf'
  [UPDATE] 'doch' (ID: 217): theme: 'Ausbildung & Lernen' -> 'Zeit, Maße & Basiswortschatz'
  [UPDATE] 'draußen' (ID: 220): theme: 'Natur & Umwelt' -> 'Zeit, Maße & Basiswortschatz'
Batch 22 saved successfully. Total cumulative updates: 70

Processing Batch 23/115 (Index 220 to 230)
  [UPDATE] 'drucken' (ID: 223): theme: 'Zeit, Maße & Basiswortschatz' -> 'Arbeit & Beruf'
  [UPDATE] 'der Drucker' (ID: 224): theme: 'Zeit, Maße & Basiswortschatz' -> 'Arbeit & Beruf'
  [UPDATE] 'dumm' (ID: 227): gender: 'der' -> 'None', theme: 'Zeit, Maße & Basiswortschatz' -> 'Person & Familie'
  [UPDATE] 'dunkel' (ID: 228): theme: 'Zeit, Maße & Basiswortschatz' -> 'Natur & Umwelt'
Batch 23 saved successfully. Total cumulative updates: 74

Processing Batch 24/115 (Index 230 to 240)
  [UPDATE] 'die Dusche' (ID: 231): theme: 'Gesundheit & Körper' -> 'Wohnen & Haushalt'
  [UPDATE] 'egal' (ID: 237): theme: 'Person & Familie' -> 'Zeit, Maße & Basiswortschatz'
Batch 24 saved successfully. Total cumulative updates: 76

Processing Batch 25/115 (Index 240 to 250)
  [UPDATE] 'eigentlich' (ID: 242): theme: 'Ausbildung & Lernen' -> 'Zeit, Maße & Basiswortschatz'
  [UPDATE] 'einen Vorschlag haben / machen' (ID: 246): theme: 'Ausbildung & Lernen' -> 'Zeit, Maße & Basiswortschatz'
  [UPDATE] 'einfach' (ID: 247): theme: 'Ausbildung & Lernen' -> 'Zeit, Maße & Basiswortschatz'
  [UPDATE] 'der Eingang' (ID: 248): theme: 'Wohnen & Haushalt' -> 'Zeit, Maße & Basiswortschatz'
Batch 25 saved successfully. Total cumulative updates: 80

Processing Batch 26/115 (Index 250 to 260)
  [UPDATE] 'einpacken' (ID: 255): theme: 'Reise & Verkehr' -> 'Einkaufen & Konsum'
  [UPDATE] 'einverstanden' (ID: 258): theme: 'Ausbildung & Lernen' -> 'Zeit, Maße & Basiswortschatz'
Batch 26 saved successfully. Total cumulative updates: 82

Processing Batch 27/115 (Index 260 to 270)
  [UPDATE] 'die E-Mail' (ID: 262): theme: 'Ausbildung & Lernen' -> 'Zeit, Maße & Basiswortschatz'
  [UPDATE] 'empfehlen' (ID: 263): theme: 'Ausbildung & Lernen' -> 'Essen & Trinken'
  [UPDATE] 'der Empfänger' (ID: 264): theme: 'Ausbildung & Lernen' -> 'Dienstleistungen & Behörden'
  [UPDATE] 'endlich' (ID: 267): theme: 'Person & Familie' -> 'Zeit, Maße & Basiswortschatz'
  [UPDATE] 'entschuldigen' (ID: 269): theme: 'Ausbildung & Lernen' -> 'Zeit, Maße & Basiswortschatz'
  [UPDATE] 'die Entschuldigung' (ID: 270): theme: 'Ausbildung & Lernen' -> 'Zeit, Maße & Basiswortschatz'
Batch 27 saved successfully. Total cumulative updates: 88

Processing Batch 28/115 (Index 270 to 280)
  [UPDATE] 'erlaubt sein' (ID: 276): theme: 'Zeit, Maße & Basiswortschatz' -> 'Reise & Verkehr'
  [UPDATE] 'erreichen' (ID: 277): theme: 'Reise & Verkehr' -> 'Arbeit & Beruf'
  [UPDATE] 'erzählen' (ID: 279): theme: 'Ausbildung & Lernen' -> 'Zeit, Maße & Basiswortschatz'
Batch 28 saved successfully. Total cumulative updates: 91

Processing Batch 29/115 (Index 280 to 290)
  [UPDATE] 'falsch' (ID: 287): theme: 'Ausbildung & Lernen' -> 'Zeit, Maße & Basiswortschatz', adjective_forms.comparative: 'falscher' -> '', adjective_forms.superlative: 'am falschesten' -> ''
Batch 29 saved successfully. Total cumulative updates: 92

Processing Batch 30/115 (Index 290 to 300)
  [UPDATE] 'fantastisch' (ID: 291): gender: 'der' -> 'None', theme: 'Wohnen & Haushalt' -> 'Zeit, Maße & Basiswortschatz'
  [UPDATE] 'fast' (ID: 293): gender: 'die' -> 'None'
  [UPDATE] 'die Ferien' (ID: 300): gender: 'die' -> 'None'
Batch 30 saved successfully. Total cumulative updates: 95

Processing Batch 31/115 (Index 300 to 310)
  [UPDATE] 'finden' (ID: 309): theme: 'Person & Familie' -> 'Zeit, Maße & Basiswortschatz'
Batch 31 saved successfully. Total cumulative updates: 96

Processing Batch 32/115 (Index 310 to 320)
  [UPDATE] 'fleißig' (ID: 315): theme: 'Ausbildung & Lernen' -> 'Person & Familie'
Batch 32 saved successfully. Total cumulative updates: 97

Processing Batch 33/115 (Index 320 to 330)
  [UPDATE] 'die Frage' (ID: 325): theme: 'Ausbildung & Lernen' -> 'Zeit, Maße & Basiswortschatz'
  [UPDATE] 'fragen' (ID: 326): theme: 'Ausbildung & Lernen' -> 'Zeit, Maße & Basiswortschatz'
Batch 33 saved successfully. Total cumulative updates: 99

Processing Batch 34/115 (Index 330 to 340)
  [UPDATE] 'fremd' (ID: 331): theme: 'Reise & Verkehr' -> 'Zeit, Maße & Basiswortschatz'
  [UPDATE] 'freundlich' (ID: 334): theme: 'Ausbildung & Lernen' -> 'Person & Familie'
  [UPDATE] 'früh' (ID: 337): adjective_forms.superlative: 'am frühsten' -> 'am frühesten'
  [UPDATE] 'die Fundsachen' (ID: 340): gender: 'die' -> 'None'
Batch 34 saved successfully. Total cumulative updates: 103

Processing Batch 35/115 (Index 340 to 350)
  [UPDATE] 'furchtbar' (ID: 341): theme: 'Person & Familie' -> 'Zeit, Maße & Basiswortschatz'
  [UPDATE] 'ganz' (ID: 349): gender: 'die' -> 'None'
  [UPDATE] 'die Garage' (ID: 350): theme: 'Reise & Verkehr' -> 'Wohnen & Haushalt'
Batch 35 saved successfully. Total cumulative updates: 106

Processing Batch 36/115 (Index 350 to 360)
  [UPDATE] 'Geburts- (z.B. Geburtsjahr, Geburtsort)' (ID: 355): theme: 'Dienstleistungen & Behörden' -> 'Person & Familie'
  [UPDATE] 'geehrt-' (ID: 357): theme: 'Ausbildung & Lernen' -> 'Zeit, Maße & Basiswortschatz'
  [UPDATE] 'gefallen' (ID: 358): theme: 'Person & Familie' -> 'Zeit, Maße & Basiswortschatz'
  [UPDATE] 'gefährlich' (ID: 359): theme: 'Dienstleistungen & Behörden' -> 'Reise & Verkehr'
  [UPDATE] 'gegen' (ID: 360): theme: 'Person & Familie' -> 'Zeit, Maße & Basiswortschatz'
Batch 36 saved successfully. Total cumulative updates: 111

Processing Batch 37/115 (Index 360 to 370)
  [UPDATE] 'das Gegenteil' (ID: 361): theme: 'Ausbildung & Lernen' -> 'Zeit, Maße & Basiswortschatz'
Batch 37 saved successfully. Total cumulative updates: 112

Processing Batch 38/115 (Index 370 to 380)
  [UPDATE] 'gern' (ID: 376): theme: 'Person & Familie' -> 'Zeit, Maße & Basiswortschatz'
  [UPDATE] 'das Gerät' (ID: 377): theme: 'Wohnen & Haushalt' -> 'Einkaufen & Konsum'
  [UPDATE] 'die Geschichte' (ID: 379): theme: 'Ausbildung & Lernen' -> 'Freizeit & Unterhaltung'
  [UPDATE] 'das Geschirr' (ID: 380): theme: 'Essen & Trinken' -> 'Wohnen & Haushalt'
Batch 38 saved successfully. Total cumulative updates: 116

Processing Batch 39/115 (Index 380 to 390)
  [UPDATE] 'das Gespräch' (ID: 383): theme: 'Ausbildung & Lernen' -> 'Arbeit & Beruf'
Batch 39 saved successfully. Total cumulative updates: 117

Processing Batch 40/115 (Index 390 to 400)
  [UPDATE] 'glauben' (ID: 395): theme: 'Ausbildung & Lernen' -> 'Zeit, Maße & Basiswortschatz'
  [UPDATE] 'das Glück' (ID: 398): gender: 'der' -> 'das', theme: 'Person & Familie' -> 'Zeit, Maße & Basiswortschatz'
  [UPDATE] 'der Glückwunsch' (ID: 400): theme: 'Ausbildung & Lernen' -> 'Person & Familie'
Batch 40 saved successfully. Total cumulative updates: 120

Processing Batch 41/115 (Index 400 to 410)
  [UPDATE] 'gratulieren' (ID: 401): theme: 'Ausbildung & Lernen' -> 'Person & Familie'
  [UPDATE] 'die Gruppe' (ID: 405): theme: 'Person & Familie' -> 'Ausbildung & Lernen'
  [UPDATE] 'der Gruß' (ID: 406): theme: 'Ausbildung & Lernen' -> 'Zeit, Maße & Basiswortschatz'
Batch 41 saved successfully. Total cumulative updates: 123

Processing Batch 42/115 (Index 410 to 420)
  [UPDATE] 'die Halle' (ID: 413): theme: 'Wohnen & Haushalt' -> 'Zeit, Maße & Basiswortschatz'
  [UPDATE] 'hallo' (ID: 414): theme: 'Ausbildung & Lernen' -> 'Zeit, Maße & Basiswortschatz'
  [UPDATE] 'das Handy' (ID: 420): theme: 'Ausbildung & Lernen' -> 'Zeit, Maße & Basiswortschatz'
Batch 42 saved successfully. Total cumulative updates: 126

Processing Batch 43/115 (Index 420 to 430)
  [UPDATE] 'die Heimat' (ID: 425): theme: 'Dienstleistungen & Behörden' -> 'Person & Familie'
  [UPDATE] 'heiß' (ID: 428): theme: 'Natur & Umwelt' -> 'Essen & Trinken'
  [UPDATE] 'heißen' (ID: 429): theme: 'Ausbildung & Lernen' -> 'Zeit, Maße & Basiswortschatz'
  [UPDATE] 'helfen' (ID: 430): theme: 'Ausbildung & Lernen' -> 'Zeit, Maße & Basiswortschatz'
Batch 43 saved successfully. Total cumulative updates: 130

Processing Batch 44/115 (Index 430 to 440)
  [UPDATE] 'der Herr' (ID: 437): theme: 'Ausbildung & Lernen' -> 'Person & Familie'
  [UPDATE] 'herunterladen' (ID: 439): theme: 'Einkaufen & Konsum' -> 'Freizeit & Unterhaltung'
  [UPDATE] 'herzlich' (ID: 440): theme: 'Ausbildung & Lernen' -> 'Zeit, Maße & Basiswortschatz'
Batch 44 saved successfully. Total cumulative updates: 133

Processing Batch 45/115 (Index 440 to 450)
  [UPDATE] 'die Hilfe' (ID: 443): theme: 'Ausbildung & Lernen' -> 'Zeit, Maße & Basiswortschatz'
  [UPDATE] 'die Hochzeit' (ID: 450): theme: 'Freizeit & Unterhaltung' -> 'Person & Familie'
Batch 45 saved successfully. Total cumulative updates: 135

Processing Batch 46/115 (Index 450 to 460)
  [UPDATE] 'hoffen' (ID: 451): theme: 'Person & Familie' -> 'Zeit, Maße & Basiswortschatz'
  [UPDATE] 'hoffentlich' (ID: 452): theme: 'Person & Familie' -> 'Zeit, Maße & Basiswortschatz'
  [UPDATE] 'der Hunger' (ID: 458): theme: 'Gesundheit & Körper' -> 'Essen & Trinken'
Batch 46 saved successfully. Total cumulative updates: 138

Processing Batch 47/115 (Index 460 to 470)
  [UPDATE] 'hören' (ID: 463): theme: 'Gesundheit & Körper' -> 'Zeit, Maße & Basiswortschatz'
  [UPDATE] 'die Idee' (ID: 464): theme: 'Ausbildung & Lernen' -> 'Zeit, Maße & Basiswortschatz'
  [UPDATE] 'informieren' (ID: 467): theme: 'Ausbildung & Lernen' -> 'Zeit, Maße & Basiswortschatz'
  [UPDATE] 'die Infotafel' (ID: 468): theme: 'Natur & Umwelt' -> 'Reise & Verkehr'
  [UPDATE] 'die Insel' (ID: 469): theme: 'Reise & Verkehr' -> 'Natur & Umwelt'
Batch 47 saved successfully. Total cumulative updates: 143

Processing Batch 48/115 (Index 470 to 480)
  [UPDATE] 'international' (ID: 475): theme: 'Dienstleistungen & Behörden' -> 'Zeit, Maße & Basiswortschatz', word_class: 'Andere' -> 'Adjektiv'
  [UPDATE] 'das Internet' (ID: 476): theme: 'Dienstleistungen & Behörden' -> 'Freizeit & Unterhaltung'
  [UPDATE] 'das Interview' (ID: 477): theme: 'Ausbildung & Lernen' -> 'Freizeit & Unterhaltung'
  [UPDATE] 'ja' (ID: 478): theme: 'Ausbildung & Lernen' -> 'Zeit, Maße & Basiswortschatz'
Batch 48 saved successfully. Total cumulative updates: 147

Processing Batch 49/115 (Index 480 to 490)
  [UPDATE] 'jemand' (ID: 482): theme: 'Person & Familie' -> 'Zeit, Maße & Basiswortschatz'
  [UPDATE] 'jung' (ID: 487): theme: 'Zeit, Maße & Basiswortschatz' -> 'Person & Familie'
Batch 49 saved successfully. Total cumulative updates: 149

Processing Batch 50/115 (Index 490 to 500)
  [UPDATE] 'kaputt' (ID: 493): adjective_forms.comparative: 'kaputter' -> '', adjective_forms.superlative: 'am kaputtesten' -> ''
Batch 50 saved successfully. Total cumulative updates: 150

Processing Batch 51/115 (Index 500 to 510)
  [UPDATE] 'kennen' (ID: 503): theme: 'Ausbildung & Lernen' -> 'Zeit, Maße & Basiswortschatz'
  [UPDATE] 'die Kirche' (ID: 509): theme: 'Wohnen & Haushalt' -> 'Zeit, Maße & Basiswortschatz'
  [UPDATE] 'klappen' (ID: 510): theme: 'Ausbildung & Lernen' -> 'Zeit, Maße & Basiswortschatz'
Batch 51 saved successfully. Total cumulative updates: 153

Processing Batch 52/115 (Index 510 to 520)
  [UPDATE] 'klar' (ID: 511): theme: 'Ausbildung & Lernen' -> 'Zeit, Maße & Basiswortschatz'
Batch 52 saved successfully. Total cumulative updates: 154

Processing Batch 53/115 (Index 520 to 530)
  [UPDATE] 'kommen' (ID: 523): theme: 'Person & Familie' -> 'Zeit, Maße & Basiswortschatz'
  [UPDATE] 'der Kontakt' (ID: 524): theme: 'Ausbildung & Lernen' -> 'Person & Familie'
Batch 53 saved successfully. Total cumulative updates: 156

Processing Batch 54/115 (Index 530 to 540)
  [UPDATE] 'kostenlos' (ID: 531): word_class: 'Andere' -> 'Adjektiv'
  [UPDATE] 'kriegen' (ID: 538): theme: 'Arbeit & Beruf' -> 'Zeit, Maße & Basiswortschatz'
Batch 54 saved successfully. Total cumulative updates: 158

Processing Batch 55/115 (Index 540 to 550)
  [UPDATE] 'die Kunst' (ID: 544): theme: 'Ausbildung & Lernen' -> 'Freizeit & Unterhaltung'
Batch 55 saved successfully. Total cumulative updates: 159

Processing Batch 56/115 (Index 550 to 560)
  [UPDATE] 'der Kühlschrank' (ID: 552): theme: 'Essen & Trinken' -> 'Wohnen & Haushalt'
  [UPDATE] 'lachen' (ID: 553): theme: 'Gesundheit & Körper' -> 'Zeit, Maße & Basiswortschatz'
  [UPDATE] 'langsam' (ID: 559): theme: 'Natur & Umwelt' -> 'Zeit, Maße & Basiswortschatz'
  [UPDATE] 'langweilig' (ID: 560): theme: 'Person & Familie' -> 'Zeit, Maße & Basiswortschatz'
Batch 56 saved successfully. Total cumulative updates: 163

Processing Batch 57/115 (Index 560 to 570)
  [UPDATE] 'der/das Laptop' (ID: 561): gender: 'der' -> 'der/das'
  [UPDATE] 'das Leben' (ID: 566): theme: 'Dienstleistungen & Behörden' -> 'Person & Familie'
  [UPDATE] 'die Lebensmittel (Pl.)' (ID: 567): gender: 'die' -> 'None', plural: 'None' -> 'die Lebensmittel'
Batch 57 saved successfully. Total cumulative updates: 166

Processing Batch 58/115 (Index 570 to 580)
  [UPDATE] 'leider' (ID: 571): theme: 'Ausbildung & Lernen' -> 'Zeit, Maße & Basiswortschatz'
  [UPDATE] 'leidtun / leid tun' (ID: 572): theme: 'Ausbildung & Lernen' -> 'Zeit, Maße & Basiswortschatz'
  [UPDATE] 'die Leute' (ID: 578): theme: 'Dienstleistungen & Behörden' -> 'Person & Familie'
  [UPDATE] 'lieb- / lieber' (ID: 580): theme: 'Ausbildung & Lernen' -> 'Zeit, Maße & Basiswortschatz'
Batch 58 saved successfully. Total cumulative updates: 170

Processing Batch 59/115 (Index 580 to 590)
  [UPDATE] 'der Link' (ID: 586): theme: 'Dienstleistungen & Behörden' -> 'Freizeit & Unterhaltung'
Batch 59 saved successfully. Total cumulative updates: 171

Processing Batch 60/115 (Index 590 to 600)
  [UPDATE] 'die Lüge' (ID: 592): theme: 'Ausbildung & Lernen' -> 'Person & Familie'
  [UPDATE] 'lügen' (ID: 593): theme: 'Ausbildung & Lernen' -> 'Person & Familie'
  [UPDATE] 'die Mailbox' (ID: 596): theme: 'Ausbildung & Lernen' -> 'Zeit, Maße & Basiswortschatz'
  [UPDATE] 'man' (ID: 599): theme: 'Ausbildung & Lernen' -> 'Zeit, Maße & Basiswortschatz'
Batch 60 saved successfully. Total cumulative updates: 175

Processing Batch 61/115 (Index 600 to 610)
  [UPDATE] 'die Maschine' (ID: 605): theme: 'Arbeit & Beruf' -> 'Wohnen & Haushalt'
  [UPDATE] 'das Meer' (ID: 606): theme: 'Reise & Verkehr' -> 'Natur & Umwelt'
  [UPDATE] 'meinen' (ID: 608): theme: 'Ausbildung & Lernen' -> 'Zeit, Maße & Basiswortschatz'
  [UPDATE] 'die Meinung' (ID: 609): theme: 'Ausbildung & Lernen' -> 'Zeit, Maße & Basiswortschatz'
Batch 61 saved successfully. Total cumulative updates: 179

Processing Batch 62/115 (Index 610 to 620)
  [UPDATE] 'der Mensch' (ID: 612): theme: 'Dienstleistungen & Behörden' -> 'Person & Familie'
  [UPDATE] 'merken' (ID: 613): theme: 'Person & Familie' -> 'Zeit, Maße & Basiswortschatz'
  [UPDATE] 'mieten' (ID: 617): theme: 'Reise & Verkehr' -> 'Wohnen & Haushalt'
Batch 62 saved successfully. Total cumulative updates: 182

Processing Batch 63/115 (Index 620 to 630)
  [UPDATE] 'das Mobiltelefon' (ID: 628): theme: 'Ausbildung & Lernen' -> 'Zeit, Maße & Basiswortschatz'
  [UPDATE] 'modern' (ID: 630): gender: 'die' -> 'None'
Batch 63 saved successfully. Total cumulative updates: 184

Processing Batch 64/115 (Index 630 to 640)
  [UPDATE] 'männlich' (ID: 639): theme: 'Dienstleistungen & Behörden' -> 'Person & Familie', word_class: 'Andere' -> 'Adjektiv'
  [UPDATE] 'die Möbel' (ID: 640): gender: 'die' -> 'None'
Batch 64 saved successfully. Total cumulative updates: 186

Processing Batch 65/115 (Index 640 to 650)
  [UPDATE] 'mögen' (ID: 642): theme: 'Person & Familie' -> 'Zeit, Maße & Basiswortschatz'
  [UPDATE] 'möglich' (ID: 643): adjective_forms.comparative: 'möglicher' -> '', adjective_forms.superlative: 'am möglichsten' -> ''
  [UPDATE] 'der Nachbar' (ID: 649): theme: 'Wohnen & Haushalt' -> 'Person & Familie'
  [UPDATE] 'die Nachricht' (ID: 650): theme: 'Ausbildung & Lernen' -> 'Zeit, Maße & Basiswortschatz'
Batch 65 saved successfully. Total cumulative updates: 190

Processing Batch 66/115 (Index 650 to 660)
  [UPDATE] 'der Name' (ID: 651): theme: 'Dienstleistungen & Behörden' -> 'Person & Familie'
  [UPDATE] 'natürlich' (ID: 654): theme: 'Ausbildung & Lernen' -> 'Zeit, Maße & Basiswortschatz'
  [UPDATE] 'nein' (ID: 659): theme: 'Ausbildung & Lernen' -> 'Zeit, Maße & Basiswortschatz'
  [UPDATE] 'nennen' (ID: 660): theme: 'Ausbildung & Lernen' -> 'Person & Familie'
Batch 66 saved successfully. Total cumulative updates: 194

Processing Batch 67/115 (Index 660 to 670)
  [UPDATE] 'neu' (ID: 663): adjective_forms.superlative: 'am neusten' -> 'am neuesten'
  [UPDATE] 'niemand' (ID: 667): theme: 'Person & Familie' -> 'Zeit, Maße & Basiswortschatz'
Batch 67 saved successfully. Total cumulative updates: 196

Processing Batch 68/115 (Index 670 to 680)
  [UPDATE] 'die Nummer' (ID: 676): theme: 'Natur & Umwelt' -> 'Zeit, Maße & Basiswortschatz'
Batch 68 saved successfully. Total cumulative updates: 197

Processing Batch 69/115 (Index 680 to 690)
  [UPDATE] 'offen' (ID: 684): adjective_forms.comparative: 'offener' -> '', adjective_forms.superlative: 'am offensten' -> ''
  [UPDATE] 'die Ordnung' (ID: 690): theme: 'Wohnen & Haushalt' -> 'Zeit, Maße & Basiswortschatz'
Batch 69 saved successfully. Total cumulative updates: 199

Processing Batch 70/115 (Index 690 to 700)
  [UPDATE] 'der Ort' (ID: 692): theme: 'Wohnen & Haushalt' -> 'Zeit, Maße & Basiswortschatz'
  [UPDATE] 'das Paket' (ID: 695): theme: 'Ausbildung & Lernen' -> 'Dienstleistungen & Behörden'
  [UPDATE] 'die Papiere' (ID: 697): gender: 'die' -> 'None'
Batch 70 saved successfully. Total cumulative updates: 202

Processing Batch 71/115 (Index 700 to 710)
  [UPDATE] 'das Passwort' (ID: 707): theme: 'Reise & Verkehr' -> 'Zeit, Maße & Basiswortschatz'
  [UPDATE] 'die Person' (ID: 709): theme: 'Dienstleistungen & Behörden' -> 'Person & Familie'
Batch 71 saved successfully. Total cumulative updates: 204

Processing Batch 72/115 (Index 710 to 720)
  [UPDATE] 'die Pizza' (ID: 712): plural: 'die Pizzen' -> 'die Pizzas / die Pizzen'
  [UPDATE] 'der Plan' (ID: 714): theme: 'Natur & Umwelt' -> 'Reise & Verkehr'
  [UPDATE] 'die Post' (ID: 720): theme: 'Ausbildung & Lernen' -> 'Dienstleistungen & Behörden'
Batch 72 saved successfully. Total cumulative updates: 207

Processing Batch 73/115 (Index 720 to 730)
  [UPDATE] 'die Postleitzahl' (ID: 723): theme: 'Essen & Trinken' -> 'Dienstleistungen & Behörden'
  [UPDATE] 'praktisch' (ID: 725): gender: 'das' -> 'None', theme: 'Gesundheit & Körper' -> 'Zeit, Maße & Basiswortschatz'
  [UPDATE] 'preiswert' (ID: 728): gender: 'der' -> 'None'
  [UPDATE] 'privat' (ID: 729): theme: 'Ausbildung & Lernen' -> 'Person & Familie'
Batch 73 saved successfully. Total cumulative updates: 211

Processing Batch 74/115 (Index 730 to 740)
FAILED to process batch 74 at index 730
