--- Audit Started at 2026-06-13 23:24:27 ---

Processing Batch 1/128 (Index 0 to 5)
  [UPDATE] 'abfliegen' (ID: 1): theme: 'Reise & Verkehr' -> 'Reise'
  [UPDATE] 'der Abflug' (ID: 2): theme: 'Reise & Verkehr' -> 'Reise'
  [UPDATE] 'an' (ID: 3): theme: 'Zeit, Maße & Basiswortschatz' -> 'Alltag'
  [UPDATE] 'an sein' (ID: 4): theme: 'Wohnen & Haushalt' -> 'Alltag'
  [UPDATE] 'die Ansage' (ID: 5): theme: 'Reise & Verkehr' -> 'Reise'
Batch 1 saved successfully. Total cumulative updates: 5

Processing Batch 2/128 (Index 5 to 10)
  [UPDATE] 'der Anschluss' (ID: 6): theme: 'Reise & Verkehr' -> 'Reise'
  [UPDATE] 'die Antwort' (ID: 7): theme: 'Ausbildung & Lernen' -> 'Alltag'
  [UPDATE] 'antworten' (ID: 8): theme: 'Ausbildung & Lernen' -> 'Alltag'
  [UPDATE] 'die Anzeige' (ID: 9): theme: 'Einkaufen & Konsum' -> 'Alltag'
  [UPDATE] 'das Apartment' (ID: 10): theme: 'Wohnen & Haushalt' -> 'Wohnen'
Batch 2 saved successfully. Total cumulative updates: 10

Processing Batch 3/128 (Index 10 to 15)
  [UPDATE] 'der Apfel' (ID: 11): theme: 'Essen & Trinken' -> 'Essen'
  [UPDATE] 'der Appetit' (ID: 12): theme: 'Essen & Trinken' -> 'Essen'
  [UPDATE] 'die Arbeit' (ID: 13): theme: 'Arbeit & Beruf' -> 'Beruf'
  [UPDATE] 'arbeiten' (ID: 14): theme: 'Arbeit & Beruf' -> 'Beruf'
  [UPDATE] 'arbeitslos' (ID: 15): theme: 'Arbeit & Beruf' -> 'Beruf'
Batch 3 saved successfully. Total cumulative updates: 15

Processing Batch 4/128 (Index 15 to 20)
  [UPDATE] 'der Arbeitsplatz' (ID: 16): theme: 'Arbeit & Beruf' -> 'Beruf'
  [UPDATE] 'der Arm' (ID: 17): theme: 'Gesundheit & Körper' -> 'Gesundheit'
  [UPDATE] 'der Arzt' (ID: 18): theme: 'Gesundheit & Körper' -> 'Gesundheit'
  [UPDATE] 'auch' (ID: 19): theme: 'Zeit, Maße & Basiswortschatz' -> 'Alltag'
  [UPDATE] 'auf' (ID: 20): theme: 'Zeit, Maße & Basiswortschatz' -> 'Alltag'
Batch 4 saved successfully. Total cumulative updates: 20

Processing Batch 5/128 (Index 20 to 25)
  [UPDATE] 'auf sein' (ID: 21): theme: 'Zeit, Maße & Basiswortschatz' -> 'Alltag'
  [UPDATE] 'auf sein' (ID: 22): theme: 'Wohnen & Haushalt' -> 'Alltag'
  [UPDATE] 'die Aufgabe' (ID: 23): theme: 'Arbeit & Beruf' -> 'Beruf'
  [UPDATE] 'aufhören' (ID: 24): theme: 'Zeit, Maße & Basiswortschatz' -> 'Alltag'
  [UPDATE] 'aufstehen' (ID: 25): theme: 'Zeit, Maße & Basiswortschatz' -> 'Alltag'
Batch 5 saved successfully. Total cumulative updates: 25

Processing Batch 6/128 (Index 25 to 30)
  [UPDATE] 'der Aufzug' (ID: 26): theme: 'Wohnen & Haushalt' -> 'Wohnen'
  [UPDATE] 'das Auge' (ID: 27): theme: 'Gesundheit & Körper' -> 'Gesundheit'
  [UPDATE] 'aus' (ID: 28): theme: 'Zeit, Maße & Basiswortschatz' -> 'Alltag'
  [UPDATE] 'aus' (ID: 29): theme: 'Zeit, Maße & Basiswortschatz' -> 'Alltag'
  [UPDATE] 'aus sein' (ID: 30): theme: 'Zeit, Maße & Basiswortschatz' -> 'Alltag'
Batch 6 saved successfully. Total cumulative updates: 30

Processing Batch 7/128 (Index 30 to 35)
  [UPDATE] 'der Ausflug' (ID: 31): theme: 'Reise & Verkehr' -> 'Reise'
  [UPDATE] 'ausfüllen' (ID: 32): theme: 'Dienstleistungen & Behörden' -> 'Alltag'
  [UPDATE] 'der Ausgang' (ID: 33): theme: 'Reise & Verkehr' -> 'Alltag'
  [UPDATE] 'die Auskunft' (ID: 34): theme: 'Reise & Verkehr' -> 'Alltag'
  [UPDATE] 'das Ausland' (ID: 35): theme: 'Reise & Verkehr' -> 'Reise'
Batch 7 saved successfully. Total cumulative updates: 35

Processing Batch 8/128 (Index 35 to 40)
  [UPDATE] 'der Ausländer' (ID: 36): theme: 'Person & Familie' -> 'Alltag'
  [UPDATE] 'ausländisch' (ID: 37): theme: 'Reise & Verkehr' -> 'Alltag'
  [UPDATE] 'ausmachen' (ID: 38): theme: 'Wohnen & Haushalt' -> 'Alltag'
  [UPDATE] 'die Aussage' (ID: 39): theme: 'Ausbildung & Lernen' -> 'Alltag'
  [UPDATE] 'aussehen' (ID: 40): theme: 'Person & Familie' -> 'Alltag'
Batch 8 saved successfully. Total cumulative updates: 40

Processing Batch 9/128 (Index 40 to 45)
  [UPDATE] 'aussteigen' (ID: 41): theme: 'Reise & Verkehr' -> 'Reise'
  [UPDATE] 'der Ausweis' (ID: 42): theme: 'Dienstleistungen & Behörden' -> 'Alltag'
  [UPDATE] 'das Auto' (ID: 43): theme: 'Reise & Verkehr' -> 'Reise'
  [UPDATE] 'die Autobahn' (ID: 44): theme: 'Reise & Verkehr' -> 'Reise'
  [UPDATE] 'der Automat' (ID: 45): theme: 'Reise & Verkehr' -> 'Reise'
Batch 9 saved successfully. Total cumulative updates: 45

Processing Batch 10/128 (Index 45 to 50)
  [UPDATE] 'automatisch' (ID: 46): theme: 'Reise & Verkehr' -> 'Alltag'
  [UPDATE] 'das Baby' (ID: 47): theme: 'Person & Familie' -> 'Alltag'
  [UPDATE] 'das Bad' (ID: 48): theme: 'Wohnen & Haushalt' -> 'Wohnen'
  [UPDATE] 'baden' (ID: 49): theme: 'Gesundheit & Körper' -> 'Alltag'
  [UPDATE] 'die Bahn' (ID: 50): theme: 'Reise & Verkehr' -> 'Reise'
Batch 10 saved successfully. Total cumulative updates: 50

Processing Batch 11/128 (Index 50 to 55)
  [UPDATE] 'der Bahnhof' (ID: 51): theme: 'Reise & Verkehr' -> 'Reise'
  [UPDATE] 'der Bahnsteig' (ID: 52): theme: 'Reise & Verkehr' -> 'Reise'
  [UPDATE] 'bald' (ID: 53): theme: 'Zeit, Maße & Basiswortschatz' -> 'Alltag'
  [UPDATE] 'der Balkon' (ID: 54): theme: 'Wohnen & Haushalt' -> 'Wohnen'
  [UPDATE] 'die Banane' (ID: 55): theme: 'Essen & Trinken' -> 'Essen'
Batch 11 saved successfully. Total cumulative updates: 55

Processing Batch 12/128 (Index 55 to 60)
  [UPDATE] 'die Bank' (ID: 56): english: 'bank' -> 'bank / bench', theme: 'Dienstleistungen & Behörden' -> 'Alltag', example_de: 'Die Bank schließt schon um vier Uhr.' -> 'Die Bank schließt schon um vier Uhr. Er sitzt im Park auf einer Bank und liest.', example_en: 'The bank already closes at four o'clock.' -> 'The bank closes already at four o'clock. He is sitting in the park on a bench and reading.'
  [UPDATE] 'bar' (ID: 57): theme: 'Einkaufen & Konsum' -> 'Einkaufen', example_de: 'Muss ich bar zahlen oder geht‘s auch mit Karte?' -> 'Muss ich bar zahlen oder geht's auch mit Karte?'
  [UPDATE] 'der Bauch' (ID: 58): theme: 'Gesundheit & Körper' -> 'Gesundheit'
  [UPDATE] 'der Baum' (ID: 59): theme: 'Natur & Umwelt' -> 'Alltag', example_en: 'Careful, don't drive into the tree!' -> 'Careful, do not drive into the tree!'
  [UPDATE] 'der Beamte' (ID: 60): theme: 'Arbeit & Beruf' -> 'Beruf', example_en: 'Ask the female official at counter eight!' -> 'Ask the female civil servant at counter eight!'
Batch 12 saved successfully. Total cumulative updates: 60

Processing Batch 13/128 (Index 60 to 65)
  [UPDATE] 'bedeuten' (ID: 61): theme: 'Ausbildung & Lernen' -> 'Alltag'
  [UPDATE] 'beginnen' (ID: 62): theme: 'Zeit, Maße & Basiswortschatz' -> 'Alltag', example_en: 'The game begins at 3:30 PM.' -> 'The game begins at 3:30 p.m.'
  [UPDATE] 'bei' (ID: 63): theme: 'Zeit, Maße & Basiswortschatz' -> 'Alltag', example_de: 'Ich wohne bei meinen Eltern.' -> 'Offenbach liegt bei Frankfurt. Ich wohne bei meinen Eltern. Bei uns regnet es heute. Er arbeitet bei der Polizei.', example_en: 'I live with my parents.' -> 'Offenbach is located near Frankfurt. I live with my parents. It is raining here today. He works for the police.'
  [UPDATE] 'beide' (ID: 64): theme: 'Zeit, Maße & Basiswortschatz' -> 'Alltag', example_de: 'Beide Eltern arbeiten.' -> 'Beide Eltern arbeiten. Wir kommen beide.', example_en: 'Both parents work.' -> 'Both parents work. We are both coming.'
  [UPDATE] 'das Bein' (ID: 65): theme: 'Gesundheit & Körper' -> 'Gesundheit'
Batch 13 saved successfully. Total cumulative updates: 65

Processing Batch 14/128 (Index 65 to 70)
  [UPDATE] 'das Beispiel' (ID: 66): theme: 'Ausbildung & Lernen' -> 'Alltag'
  [UPDATE] 'bekannt' (ID: 67): theme: 'Person & Familie' -> 'Alltag'
  [UPDATE] 'bekommen' (ID: 68): theme: 'Einkaufen & Konsum' -> 'Alltag', example_de: 'Haben Sie meinen Brief bekommen?' -> 'Haben Sie meinen Brief bekommen? Was bekommen Sie? Dieses Medikament bekommen Sie in der Apotheke.', example_en: 'Did you receive my letter?' -> 'Did you receive my letter? What are you getting? You get this medicine at the pharmacy.'
  [UPDATE] 'benutzen' (ID: 69): theme: 'Zeit, Maße & Basiswortschatz' -> 'Alltag'
  [UPDATE] 'der Beruf' (ID: 70): theme: 'Arbeit & Beruf' -> 'Beruf', example_de: 'Was sind Sie von Beruf?' -> 'Was sind Sie von Beruf? Was ist Ihr Beruf?', example_en: 'What is your profession?' -> 'What is your profession? What is your job?'
Batch 14 saved successfully. Total cumulative updates: 70

Processing Batch 15/128 (Index 70 to 75)
  [UPDATE] 'besetzt' (ID: 71): theme: 'Reise & Verkehr' -> 'Alltag', example_de: 'Der Platz ist besetzt.' -> 'Die Nummer ist immer besetzt. Der Platz ist besetzt.', example_en: 'The seat is taken.' -> 'The number is always busy. The seat is taken.'
  [UPDATE] 'besichtigen' (ID: 72): theme: 'Reise & Verkehr' -> 'Reise'
  [UPDATE] 'besser' (ID: 73): theme: 'Gesundheit & Körper' -> 'Gesundheit'
  [UPDATE] 'best-' (ID: 74): theme: 'Zeit, Maße & Basiswortschatz' -> 'Alltag'
  [UPDATE] 'bestellen' (ID: 75): theme: 'Essen & Trinken' -> 'Alltag', example_de: 'Wir möchten bestellen, bitte.' -> 'Wir möchten bestellen, bitte. Dieses Buch haben wir nicht - sollen wir es für Sie bestellen?', example_en: 'We would like to order, please.' -> 'We would like to order, please. We do not have this book - should we order it for you?'
Batch 15 saved successfully. Total cumulative updates: 75

Processing Batch 16/128 (Index 75 to 80)
  [UPDATE] 'besuchen' (ID: 76): theme: 'Freizeit & Unterhaltung' -> 'Alltag'
  [UPDATE] 'das Bett' (ID: 77): theme: 'Wohnen & Haushalt' -> 'Wohnen'
  [UPDATE] 'bezahlen' (ID: 78): theme: 'Einkaufen & Konsum' -> 'Einkaufen'
  [UPDATE] 'das Bier' (ID: 79): plural: 'die Biere' -> 'None', theme: 'Essen & Trinken' -> 'Essen'
  [UPDATE] 'das Bild' (ID: 80): theme: 'Wohnen & Haushalt' -> 'Alltag'
Batch 16 saved successfully. Total cumulative updates: 80

Processing Batch 17/128 (Index 80 to 85)
  [UPDATE] 'billig' (ID: 81): theme: 'Einkaufen & Konsum' -> 'Einkaufen'
  [UPDATE] 'die Birne' (ID: 82): theme: 'Essen & Trinken' -> 'Essen'
  [UPDATE] 'bis' (ID: 83): theme: 'Reise & Verkehr' -> 'Alltag', example_de: 'Ich fahre nur bis Stuttgart.' -> 'Ich fahre nur bis Stuttgart. Ich warte bis morgen.', example_en: 'I am only traveling as far as Stuttgart.' -> 'I only travel as far as Stuttgart. I will wait until tomorrow.'
  [UPDATE] 'bisschen' (ID: 84): theme: 'Zeit, Maße & Basiswortschatz' -> 'Alltag', example_en: 'I speak English, French and a little German.' -> 'I speak English, French and a little bit of German.'
  [UPDATE] 'bitte' (ID: 85): theme: 'Zeit, Maße & Basiswortschatz' -> 'Alltag', example_de: 'Eine Tasse Kaffee, bitte!' -> 'Eine Tasse Kaffee, bitte! Sprechen Sie bitte leise!', example_en: 'A cup of coffee, please!' -> 'A cup of coffee, please! Please speak quietly!'
Batch 17 saved successfully. Total cumulative updates: 85

Processing Batch 18/128 (Index 85 to 90)
  [UPDATE] 'die Bitte' (ID: 86): theme: 'Ausbildung & Lernen' -> 'Alltag', example_en: 'I have one more request.' -> 'I still have a request.'
  [UPDATE] 'bitten' (ID: 87): theme: 'Ausbildung & Lernen' -> 'Alltag'
  [UPDATE] 'bitter' (ID: 88): theme: 'Essen & Trinken' -> 'Essen'
  [UPDATE] 'bleiben' (ID: 89): theme: 'Zeit, Maße & Basiswortschatz' -> 'Alltag', example_de: 'Ich bleibe heute zu Hause.' -> 'Ich bleibe heute zu Hause. Wir bleiben nur bis morgen.', example_en: 'I am staying at home today.' -> 'I am staying at home today. We are only staying until tomorrow.'
  [UPDATE] 'der Bleistift' (ID: 90): theme: 'Arbeit & Beruf' -> 'Alltag'
Batch 18 saved successfully. Total cumulative updates: 90

Processing Batch 19/128 (Index 90 to 95)
  [UPDATE] 'der Blick' (ID: 91): plural: 'die Blicke' -> 'None', theme: 'Reise & Verkehr' -> 'Reise', example_en: 'From this hotel, you have a good view of the Rhine.' -> 'From this hotel you have a good view of the Rhine.'
  [UPDATE] 'die Blume' (ID: 92): theme: 'Natur & Umwelt' -> 'Alltag'
  [UPDATE] 'der Bogen' (ID: 93): plural: 'die Bögen' -> 'None', theme: 'Ausbildung & Lernen' -> 'Alltag', example_en: 'Please write your answers on the answer sheet.' -> 'Please write your solutions on the answer sheet.'
  [UPDATE] 'brauchen' (ID: 94): theme: 'Einkaufen & Konsum' -> 'Alltag'
  [UPDATE] 'breit' (ID: 95): theme: 'Wohnen & Haushalt' -> 'Wohnen'
Batch 19 saved successfully. Total cumulative updates: 95

Processing Batch 20/128 (Index 95 to 100)
  [UPDATE] 'der Brief' (ID: 96): theme: 'Dienstleistungen & Behörden' -> 'Alltag'
  [UPDATE] 'die Briefmarke' (ID: 97): theme: 'Dienstleistungen & Behörden' -> 'Alltag'
  [UPDATE] 'bringen' (ID: 98): theme: 'Zeit, Maße & Basiswortschatz' -> 'Alltag', example_de: 'Bringen Sie mir bitte noch einen Kaffee!' -> 'Bringen Sie mir bitte noch einen Kaffee! Wir müssen ihn zum Arzt bringen.', example_en: 'Please bring me another coffee!' -> 'Bring me another coffee, please! We have to take him to the doctor.'
  [UPDATE] 'das Brot' (ID: 99): theme: 'Essen & Trinken' -> 'Essen', example_de: 'Haben Sie auch Weißbrot?' -> 'Haben Sie auch Weißbrot? Nimm noch ein paar Brote für die Fahrt mit.', example_en: 'Do you also have white bread?' -> 'Do you also have white bread? Take a few more sandwiches for the trip.'
  [UPDATE] 'der Bruder' (ID: 100): theme: 'Person & Familie' -> 'Familie'
Batch 20 saved successfully. Total cumulative updates: 100

Processing Batch 21/128 (Index 100 to 105)
  [UPDATE] 'das Brötchen' (ID: 101): theme: 'Essen & Trinken' -> 'Essen'
  [UPDATE] 'das Buch' (ID: 102): theme: 'Ausbildung & Lernen' -> 'Alltag', example_de: 'Gute Bücher sind oft sehr teuer.' -> 'Gute Bücher sind oft sehr teuer. In diesem Wörterbuch finden Sie mehr als 20.000 Wörter.', example_en: 'Good books are often very expensive.' -> 'Good books are often very expensive. In this dictionary you will find more than 20,000 words.'
  [UPDATE] 'der Buchstabe' (ID: 103): theme: 'Ausbildung & Lernen' -> 'Alltag'
  [UPDATE] 'buchstabieren' (ID: 104): theme: 'Ausbildung & Lernen' -> 'Alltag'
  [UPDATE] 'der Bus' (ID: 105): theme: 'Reise & Verkehr' -> 'Reise', example_en: 'When does the next bus arrive?' -> 'When is the next bus coming?'
Batch 21 saved successfully. Total cumulative updates: 105

Processing Batch 22/128 (Index 105 to 110)
  [UPDATE] 'die Butter' (ID: 106): theme: 'Essen & Trinken' -> 'Essen', example_en: 'For me a bread roll with butter and cheese, please.' -> 'A bread roll with butter and cheese for me, please.'
  [UPDATE] 'die Bäckerei' (ID: 107): plural: 'die Bäckereien' -> 'None', theme: 'Einkaufen & Konsum' -> 'Einkaufen'
  [UPDATE] 'böse' (ID: 108): theme: 'Person & Familie' -> 'Alltag'
  [UPDATE] 'das Café' (ID: 109): theme: 'Essen & Trinken' -> 'Alltag'
  [UPDATE] 'die CD' (ID: 110): theme: 'Freizeit & Unterhaltung' -> 'Alltag', example_en: 'Please bring your favorite CD along.' -> 'Please bring your favorite CD.'
Batch 22 saved successfully. Total cumulative updates: 110

Processing Batch 23/128 (Index 110 to 115)
  [UPDATE] 'der Chef' (ID: 111): plural: 'die Chefs' -> 'None', theme: 'Arbeit & Beruf' -> 'Beruf'
  [UPDATE] 'der Computer' (ID: 112): theme: 'Arbeit & Beruf' -> 'Alltag', example_en: 'When are you getting your new computer?' -> 'When do you get your new computer?'
  [UPDATE] 'da' (ID: 113): theme: 'Zeit, Maße & Basiswortschatz' -> 'Alltag', example_de: 'Da hinten ist er ja.' -> 'Da hinten ist er ja. Wir sprechen gerade über Paul. Da kommt er ja gerade. Ich nehme das da. Ist Herr Klein schon da?', example_en: 'There he is in the back.' -> 'There he is in the back. We are just talking about Paul. Here he comes right now. I will take that there. Is Mr. Klein already here?'
  [UPDATE] 'die Dame' (ID: 114): theme: 'Person & Familie' -> 'Alltag', example_de: 'Sehr geehrte Damen und Herren!' -> 'Damen (an der Toilette) Sehr geehrte Damen und Herren!', example_en: 'Dear Sir or Madam!' -> 'Ladies (at the toilet) Dear ladies and gentlemen!'
  [UPDATE] 'daneben' (ID: 115): theme: 'Zeit, Maße & Basiswortschatz' -> 'Alltag'
Batch 23 saved successfully. Total cumulative updates: 115

Processing Batch 24/128 (Index 115 to 120)
  [UPDATE] 'der Dank' (ID: 116): theme: 'Zeit, Maße & Basiswortschatz' -> 'Alltag', example_de: 'Vielen Dank!' -> 'Vielen Dank! Herzlichen Dank!', example_en: 'Many thanks!' -> 'Many thanks! Thank you very much!'
  [UPDATE] 'danke' (ID: 117): theme: 'Zeit, Maße & Basiswortschatz' -> 'Alltag'
  [UPDATE] 'danken' (ID: 118): theme: 'Zeit, Maße & Basiswortschatz' -> 'Alltag'
  [UPDATE] 'dann' (ID: 119): theme: 'Zeit, Maße & Basiswortschatz' -> 'Alltag', example_en: 'I just have to go to the post office quickly, then I will come.' -> 'I still have to go quickly to the post office, then I am coming.'
  [UPDATE] 'das Datum' (ID: 120): plural: 'die Daten' -> 'None', theme: 'Zeit, Maße & Basiswortschatz' -> 'Alltag'
Batch 24 saved successfully. Total cumulative updates: 120
--- Audit Started at 2026-06-13 23:45:44 ---

Processing Batch 25/128 (Index 120 to 125)
  [UPDATE] 'dauern' (ID: 121): theme: 'Zeit, Maße & Basiswortschatz' -> 'Alltag', example_en: 'How long does the movie last?' -> 'How long does the film last?'
  [UPDATE] 'dein-' (ID: 122): theme: 'Person & Familie' -> 'Alltag', example_de: 'Ist das dein Auto?' -> 'Ist das dein Auto? Ist das deins?', example_en: 'Is that your car?' -> 'Is that your car? Is that yours?'
  [UPDATE] 'denn' (ID: 123): theme: 'Zeit, Maße & Basiswortschatz' -> 'Alltag', example_en: 'I cannot come because I am sick.' -> 'I cannot come, because I am sick.'
  [UPDATE] 'dich' (ID: 124): theme: 'Person & Familie' -> 'Alltag'
  [UPDATE] 'dies-' (ID: 125): theme: 'Einkaufen & Konsum' -> 'Alltag'
Batch 25 saved successfully. Total cumulative updates: 5

Processing Batch 26/128 (Index 125 to 130)
  [UPDATE] 'dir' (ID: 126): theme: 'Person & Familie' -> 'Alltag'
  [UPDATE] 'die Disco' (ID: 127): theme: 'Freizeit & Unterhaltung' -> 'Alltag', example_de: 'Heute Abend gehen wir in die Disco tanzen.' -> 'Heute abend gehen wir in die Disco tanzen.'
  [UPDATE] 'der Doktor' (ID: 128): theme: 'Gesundheit & Körper' -> 'Gesundheit'
  [UPDATE] 'das Doppelzimmer' (ID: 129): theme: 'Reise & Verkehr' -> 'Reise'
  [UPDATE] 'das Dorf' (ID: 130): theme: 'Wohnen & Haushalt' -> 'Alltag'
Batch 26 saved successfully. Total cumulative updates: 10

Processing Batch 27/128 (Index 130 to 135)
  [UPDATE] 'draußen' (ID: 131): theme: 'Zeit, Maße & Basiswortschatz' -> 'Alltag'
  [UPDATE] 'drucken' (ID: 132): theme: 'Arbeit & Beruf' -> 'Alltag'
  [UPDATE] 'der Drucker' (ID: 133): theme: 'Arbeit & Beruf' -> 'Alltag'
  [UPDATE] 'drücken' (ID: 134): theme: 'Zeit, Maße & Basiswortschatz' -> 'Alltag'
  [UPDATE] 'durch' (ID: 135): theme: 'Reise & Verkehr' -> 'Alltag', example_en: 'It is best to go through Breite Straße.' -> 'It is best to go through the Breite Straße.'
Batch 27 saved successfully. Total cumulative updates: 15

Processing Batch 28/128 (Index 135 to 140)
  [UPDATE] 'die Durchsage' (ID: 136): theme: 'Reise & Verkehr' -> 'Alltag'
  [UPDATE] 'der Durst' (ID: 137): theme: 'Essen & Trinken' -> 'Alltag'
  [UPDATE] 'die Dusche' (ID: 138): theme: 'Wohnen & Haushalt' -> 'Wohnen', example_en: 'Our apartment only has a shower.' -> 'Our apartment only has one shower.'
  [UPDATE] 'dürfen' (ID: 139): theme: 'Zeit, Maße & Basiswortschatz' -> 'Alltag', example_de: 'Sie dürfen hier nicht rauchen.' -> 'Sie dürfen hier nicht rauchen. Darf ich Sie zu einem Kaffee einladen? Es darf nicht mehr als 15 Euro kosten.', example_en: 'You are not allowed to smoke here.' -> 'You are not allowed to smoke here. May I invite you to a coffee? It may not cost more than 15 euros.'
  [UPDATE] 'die Ecke' (ID: 140): theme: 'Reise & Verkehr' -> 'Alltag', example_en: 'At the next corner, turn left.' -> 'At the next corner on the left.'
Batch 28 saved successfully. Total cumulative updates: 20

Processing Batch 29/128 (Index 140 to 145)
  [UPDATE] 'die Ehefrau' (ID: 141): theme: 'Person & Familie' -> 'Familie', example_de: 'Das ist meine Ehefrau.' -> 'Das ist mein (Ehe-) Mann/meine (Ehe-) Frau.', example_en: 'This is my wife.' -> 'This is my husband/my wife.'
  [UPDATE] 'der Ehemann' (ID: 142): theme: 'Person & Familie' -> 'Familie', example_de: 'Das ist mein Ehemann.' -> 'Das ist mein (Ehe-) Mann/meine (Ehe-) Frau.', example_en: 'This is my husband.' -> 'This is my husband/my wife.'
  [UPDATE] 'das Ei' (ID: 143): theme: 'Essen & Trinken' -> 'Essen'
  [UPDATE] 'eilig' (ID: 144): theme: 'Zeit, Maße & Basiswortschatz' -> 'Alltag'
  [UPDATE] 'ein-' (ID: 145): theme: 'Zeit, Maße & Basiswortschatz' -> 'Alltag', example_de: 'Ich nehme ein Bier. Willst du auch eins?' -> 'Ich nehme ein Bier. Willst du auch eins? Ist hier einer, der das kann?', example_en: 'I'll take a beer. Do you want one too?' -> 'I will take a beer. Do you want one too? Is there someone here who can do that?'
Batch 29 saved successfully. Total cumulative updates: 25

Processing Batch 30/128 (Index 145 to 150)
  [UPDATE] 'einfach' (ID: 146): theme: 'Ausbildung & Lernen' -> 'Alltag', example_de: 'Die Prüfung ist ganz einfach.' -> 'Die Prüfung ist ganz einfach. Hin und zurück? - Nein, bitte nur einfach. Ich brauche nur ein einfaches Zimmer.', example_en: 'The exam is quite easy.' -> 'The exam is very easy. Round trip? - No, just one-way please. I only need a simple room.'
  [UPDATE] 'der Eingang' (ID: 147): theme: 'Wohnen & Haushalt' -> 'Alltag'
  [UPDATE] 'einkaufen' (ID: 148): theme: 'Einkaufen & Konsum' -> 'Einkaufen', example_en: 'I still have to shop for tomorrow.' -> 'I still need to shop for tomorrow.'
  [UPDATE] 'einladen' (ID: 149): theme: 'Freizeit & Unterhaltung' -> 'Alltag', example_en: 'May I invite you for a coffee?' -> 'May I invite you to a coffee?'
  [UPDATE] 'die Einladung' (ID: 150): theme: 'Freizeit & Unterhaltung' -> 'Alltag'
Batch 30 saved successfully. Total cumulative updates: 30

Processing Batch 31/128 (Index 150 to 155)
  [UPDATE] 'einmal' (ID: 151): theme: 'Zeit, Maße & Basiswortschatz' -> 'Alltag'
  [UPDATE] 'einsteigen' (ID: 152): theme: 'Reise & Verkehr' -> 'Reise', example_en: 'Quick, get on, the train is leaving soon.' -> 'Quick, get in, the train is leaving soon.'
  [UPDATE] 'der Eintritt' (ID: 153): theme: 'Freizeit & Unterhaltung' -> 'Alltag'
  [UPDATE] 'das Einzelzimmer' (ID: 154): theme: 'Reise & Verkehr' -> 'Reise'
  [UPDATE] 'die Eltern' (ID: 155): theme: 'Person & Familie' -> 'Familie'
Batch 31 saved successfully. Total cumulative updates: 35

Processing Batch 32/128 (Index 155 to 160)
  [UPDATE] 'die E-Mail' (ID: 156): theme: 'Dienstleistungen & Behörden' -> 'Alltag'
  [UPDATE] 'empfehlen' (ID: 157): theme: 'Essen & Trinken' -> 'Alltag'
  [UPDATE] 'der Empfänger' (ID: 158): theme: 'Dienstleistungen & Behörden' -> 'Alltag'
  [UPDATE] 'das Ende' (ID: 159): theme: 'Zeit, Maße & Basiswortschatz' -> 'Alltag', example_de: 'Sie wohnt am Ende der Straße.' -> 'Sie wohnt am Ende der Straße. Er bekommt sein Geld am Ende des Monats.', example_en: 'She lives at the end of the street.' -> 'She lives at the end of the street. He gets his money at the end of the month.'
  [UPDATE] 'enden' (ID: 160): theme: 'Zeit, Maße & Basiswortschatz' -> 'Alltag'
Batch 32 saved successfully. Total cumulative updates: 40

Processing Batch 33/128 (Index 160 to 165)
  [UPDATE] 'entschuldigen' (ID: 161): theme: 'Zeit, Maße & Basiswortschatz' -> 'Alltag'
  [UPDATE] 'die Entschuldigung' (ID: 162): theme: 'Zeit, Maße & Basiswortschatz' -> 'Alltag', example_de: 'Entschuldigung! – Bitte.' -> 'Entschuldigung! - Bitte.', example_en: 'Excuse me! – You're welcome.' -> 'Excuse me! - You're welcome.'
  [UPDATE] 'er' (ID: 163): theme: 'Person & Familie' -> 'Alltag'
  [UPDATE] 'das Ergebnis' (ID: 164): theme: 'Ausbildung & Lernen' -> 'Alltag'
  [UPDATE] 'erklären' (ID: 165): theme: 'Ausbildung & Lernen' -> 'Alltag'
Batch 33 saved successfully. Total cumulative updates: 45

Processing Batch 34/128 (Index 165 to 170)
  [UPDATE] 'erlauben' (ID: 166): theme: 'Zeit, Maße & Basiswortschatz' -> 'Alltag'
  [UPDATE] 'der Erwachsene' (ID: 167): theme: 'Person & Familie' -> 'Alltag', example_en: 'This movie is only for adults.' -> 'This film is only for adults.'
  [UPDATE] 'erzählen' (ID: 168): theme: 'Zeit, Maße & Basiswortschatz' -> 'Alltag'
  [UPDATE] 'es' (ID: 169): theme: 'Zeit, Maße & Basiswortschatz' -> 'Alltag'
  [UPDATE] 'essen' (ID: 170): theme: 'Essen & Trinken' -> 'Essen'
Batch 34 saved successfully. Total cumulative updates: 50

Processing Batch 35/128 (Index 170 to 175)
  [UPDATE] 'das Essen' (ID: 171): theme: 'Essen & Trinken' -> 'Essen'
  [UPDATE] 'euer' (ID: 172): theme: 'Person & Familie' -> 'Alltag'
  [UPDATE] 'fahren' (ID: 173): theme: 'Reise & Verkehr' -> 'Reise'
  [UPDATE] 'der Fahrer' (ID: 174): theme: 'Reise & Verkehr' -> 'Reise'
  [UPDATE] 'die Fahrkarte' (ID: 175): theme: 'Reise & Verkehr' -> 'Reise'
Batch 35 saved successfully. Total cumulative updates: 55

Processing Batch 36/128 (Index 175 to 180)
  [UPDATE] 'das Fahrrad' (ID: 176): theme: 'Reise & Verkehr' -> 'Reise', example_en: 'Are you going by bicycle or by car?' -> 'Do you travel by bicycle or by car?'
  [UPDATE] 'falsch' (ID: 177): theme: 'Ausbildung & Lernen' -> 'Alltag'
  [UPDATE] 'die Familie' (ID: 178): theme: 'Person & Familie' -> 'Familie'
  [UPDATE] 'der Familienname' (ID: 179): theme: 'Dienstleistungen & Behörden' -> 'Familie', example_en: 'My surnames are García González.' -> 'My family names are García González.'
  [UPDATE] 'der Familienstand' (ID: 180): theme: 'Dienstleistungen & Behörden' -> 'Familie', example_en: 'Under 'marital status' you have to check 'single'.' -> 'For „marital status“ you have to check „single“.'
Batch 36 saved successfully. Total cumulative updates: 60

Processing Batch 37/128 (Index 180 to 185)
  [UPDATE] 'die Farbe' (ID: 181): theme: 'Einkaufen & Konsum' -> 'Alltag'
  [UPDATE] 'das Fax' (ID: 182): theme: 'Arbeit & Beruf' -> 'Alltag', example_en: 'Just send us a fax!' -> 'Simply send us a fax!'
  [UPDATE] 'fehlen' (ID: 183): theme: 'Arbeit & Beruf' -> 'Alltag', example_de: 'Herr Müller ist nicht da, er fehlt schon seit drei Tagen.' -> 'Herr Müller ist nicht da, er fehlt schon seit drei Tagen. Was fehlt Ihnen?', example_en: 'Mr. Müller is not here, he has been missing for three days already.' -> 'Mr. Müller is not here, he has been missing for three days. What is wrong with you?'
  [UPDATE] 'der Fehler' (ID: 184): theme: 'Ausbildung & Lernen' -> 'Alltag'
  [UPDATE] 'feiern' (ID: 185): theme: 'Freizeit & Unterhaltung' -> 'Alltag'
Batch 37 saved successfully. Total cumulative updates: 65

Processing Batch 38/128 (Index 185 to 190)
  [UPDATE] 'fernsehen' (ID: 186): theme: 'Freizeit & Unterhaltung' -> 'Alltag', example_en: 'Shall we watch TV tonight?' -> 'Do we want to watch TV tonight?'
  [UPDATE] 'fertig' (ID: 187): theme: 'Zeit, Maße & Basiswortschatz' -> 'Alltag', example_de: 'Bist du fertig?' -> 'Bist du fertig? Ist mein Auto schon fertig?', example_en: 'Are you finished?' -> 'Are you ready? Is my car already finished?'
  [UPDATE] 'das Feuer' (ID: 188): theme: 'Zeit, Maße & Basiswortschatz' -> 'Alltag'
  [UPDATE] 'das Fieber' (ID: 189): theme: 'Gesundheit & Körper' -> 'Gesundheit'
  [UPDATE] 'der Film' (ID: 190): theme: 'Freizeit & Unterhaltung' -> 'Alltag'
Batch 38 saved successfully. Total cumulative updates: 70

Processing Batch 39/128 (Index 190 to 195)
  [UPDATE] 'finden' (ID: 191): theme: 'Zeit, Maße & Basiswortschatz' -> 'Alltag', example_en: 'We have to find the key.' -> 'We must find the key.'
  [UPDATE] 'die Firma' (ID: 192): theme: 'Arbeit & Beruf' -> 'Beruf', example_en: 'He now works at another company.' -> 'He works at another company now.'
  [UPDATE] 'der Fisch' (ID: 193): theme: 'Essen & Trinken' -> 'Essen', example_de: 'Ich esse gern Fisch.' -> 'Ich esse gern Fisch. Fleisch mag ich nicht.', example_en: 'I like eating fish.' -> 'I like to eat fish. I do not like meat.'
  [UPDATE] 'die Flasche' (ID: 194): theme: 'Essen & Trinken' -> 'Alltag'
  [UPDATE] 'das Fleisch' (ID: 195): theme: 'Essen & Trinken' -> 'Essen'
Batch 39 saved successfully. Total cumulative updates: 75

Processing Batch 40/128 (Index 195 to 200)
  [UPDATE] 'fliegen' (ID: 196): theme: 'Reise & Verkehr' -> 'Reise', example_en: 'I don't like flying. Therefore, I travel by train.' -> 'I do not like to fly. Therefore I travel by train.'
  [UPDATE] 'der Flughafen' (ID: 197): theme: 'Reise & Verkehr' -> 'Reise'
  [UPDATE] 'das Flugzeug' (ID: 198): theme: 'Reise & Verkehr' -> 'Reise', example_en: 'The airplane from Berlin is arriving later today.' -> 'The airplane from Berlin arrives later today.'
  [UPDATE] 'das Formular' (ID: 199): theme: 'Dienstleistungen & Behörden' -> 'Alltag'
  [UPDATE] 'das Foto' (ID: 200): theme: 'Freizeit & Unterhaltung' -> 'Alltag'
Batch 40 saved successfully. Total cumulative updates: 80

Processing Batch 41/128 (Index 200 to 205)
  [UPDATE] 'die Frage' (ID: 201): theme: 'Ausbildung & Lernen' -> 'Alltag'
  [UPDATE] 'fragen' (ID: 202): theme: 'Ausbildung & Lernen' -> 'Alltag', example_de: 'Er möchte Sie etwas fragen.' -> 'Er möchte Sie etwas fragen. Wann kommen Sie?', example_en: 'He would like to ask you something.' -> 'He would like to ask you something. When are you coming?'
  [UPDATE] 'die Frau' (ID: 203): theme: 'Person & Familie' -> 'Alltag', example_de: 'Hier arbeiten mehr Frauen als Männer.' -> 'Das ist Frau Becker. Guten Tag, Frau Schmitt! Hier arbeiten mehr Frauen als Männer.', example_en: 'More women than men work here.' -> 'This is Mrs. Becker. Good day, Mrs. Schmitt! More women work here than men.'
  [UPDATE] 'frei' (ID: 204): theme: 'Reise & Verkehr' -> 'Alltag', example_en: 'Is this seat still available?' -> 'Is the seat still free?'
  [UPDATE] 'die Freizeit' (ID: 205): theme: 'Freizeit & Unterhaltung' -> 'Freizeit', example_en: 'In my free time, I often play soccer.' -> 'In my free time I often play soccer.'
Batch 41 saved successfully. Total cumulative updates: 85

Processing Batch 42/128 (Index 205 to 210)
  [UPDATE] 'fremd' (ID: 206): theme: 'Reise & Verkehr' -> 'Alltag', example_en: 'I don't know that; I am a stranger here.' -> 'I do not know that; I am a stranger here.'
  [UPDATE] 'der Freund' (ID: 207): theme: 'Person & Familie' -> 'Alltag', example_de: 'Das ist ein Freund von mir.' -> 'Das ist ein Freund von mir. Das ist meine Freundin.', example_en: 'That is a friend of mine.' -> 'This is a friend of mine. This is my girlfriend.'
  [UPDATE] 'früher' (ID: 208): theme: 'Zeit, Maße & Basiswortschatz' -> 'Alltag', example_en: 'In the past, we were often at the movies together.' -> 'In the past we were often together in the cinema.'
  [UPDATE] 'das Frühstück' (ID: 209): theme: 'Essen & Trinken' -> 'Essen'
  [UPDATE] 'frühstücken' (ID: 210): theme: 'Essen & Trinken' -> 'Essen', example_en: 'On Sundays, I like to have breakfast in bed.' -> 'On Sunday I like to have breakfast in bed.'
Batch 42 saved successfully. Total cumulative updates: 90

Processing Batch 43/128 (Index 210 to 215)
  [UPDATE] 'der Fuß' (ID: 211): theme: 'Gesundheit & Körper' -> 'Gesundheit'
  [UPDATE] 'der Fußball' (ID: 212): theme: 'Freizeit & Unterhaltung' -> 'Freizeit'
  [UPDATE] 'die Führung' (ID: 213): theme: 'Reise & Verkehr' -> 'Alltag'
  [UPDATE] 'für' (ID: 214): theme: 'Zeit, Maße & Basiswortschatz' -> 'Alltag', example_de: 'Das ist der Schlüssel für die Haustür.' -> 'Das ist für Sie. Das ist der Schlüssel für die Haustür. Das ist das Brot für morgen.', example_en: 'That is the key for the front door.' -> 'That is for you. That is the key for the front door. That is the bread for tomorrow.'
  [UPDATE] 'der Garten' (ID: 215): theme: 'Wohnen & Haushalt' -> 'Wohnen'
Batch 43 saved successfully. Total cumulative updates: 95

Processing Batch 44/128 (Index 215 to 220)
  [UPDATE] 'der Gast' (ID: 216): theme: 'Freizeit & Unterhaltung' -> 'Alltag', example_en: 'On the weekend we are having several guests.' -> 'At the weekend we have several guests.'
  [UPDATE] 'geben' (ID: 217): theme: 'Zeit, Maße & Basiswortschatz' -> 'Alltag', example_de: 'Kannst du mir bitte deinen Kugelschreiber geben?' -> 'Kannst du mir bitte deinen Kugelschreiber geben? Es gibt keine Karten mehr.', example_en: 'Can you please give me your pen?' -> 'Can you please give me your pen? There are no tickets left.'
  [UPDATE] 'geboren' (ID: 218): theme: 'Person & Familie' -> 'Person'
  [UPDATE] 'das Geburtsjahr' (ID: 219): theme: 'Dienstleistungen & Behörden' -> 'Person', example_en: 'Your son's year of birth, please?' -> 'The year of birth of your son, please?'
  [UPDATE] 'der Geburtsort' (ID: 220): theme: 'Dienstleistungen & Behörden' -> 'Person'
Batch 44 saved successfully. Total cumulative updates: 100

Processing Batch 45/128 (Index 220 to 225)
  [UPDATE] 'der Geburtstag' (ID: 221): theme: 'Person & Familie' -> 'Alltag', example_en: 'Happy birthday! (Literally: Sincere congratulations on your birthday!)' -> 'Happy birthday!'
  [UPDATE] 'gefallen' (ID: 222): theme: 'Zeit, Maße & Basiswortschatz' -> 'Alltag', example_en: 'I like that. (Literally: That pleases me.)' -> 'I like that.'
  [UPDATE] 'gegen' (ID: 223): theme: 'Zeit, Maße & Basiswortschatz' -> 'Alltag', example_de: 'Fahr nicht gegen den Baum!' -> 'Fahr nicht gegen den Baum! Ich bin gegen diese Lösung. Wer spielt gegen wen?', example_en: 'Don't drive into the tree!' -> 'Do not drive against the tree! I am against this solution. Who is playing against whom?'
  [UPDATE] 'gehen' (ID: 224): theme: 'Zeit, Maße & Basiswortschatz' -> 'Alltag', example_de: 'Ich muss zum Arzt gehen.' -> 'Ich weiß nicht, wie das geht. Wie geht's? Jetzt muss ich (aber) leider gehen. Ich muss zum Arzt gehen. Das geht nicht!', example_en: 'I have to go to the doctor.' -> 'I do not know how that works. How are you? Now I unfortunately have to go. I have to go to the doctor. That does not work!'
  [UPDATE] 'gehören' (ID: 225): theme: 'Zeit, Maße & Basiswortschatz' -> 'Alltag'
Batch 45 saved successfully. Total cumulative updates: 105

Processing Batch 46/128 (Index 225 to 230)
  [UPDATE] 'das Geld' (ID: 226): theme: 'Einkaufen & Konsum' -> 'Alltag'
  [UPDATE] 'das Gemüse' (ID: 227): theme: 'Essen & Trinken' -> 'Essen'
  [UPDATE] 'das Gepäck' (ID: 228): theme: 'Reise & Verkehr' -> 'Reise'
  [UPDATE] 'gerade' (ID: 229): theme: 'Zeit, Maße & Basiswortschatz' -> 'Alltag', example_en: 'There he comes just now.' -> 'There he comes right now.'
  [UPDATE] 'geradeaus' (ID: 230): theme: 'Reise & Verkehr' -> 'Alltag'
Batch 46 saved successfully. Total cumulative updates: 110

Processing Batch 47/128 (Index 230 to 235)
  [UPDATE] 'das Geschenk' (ID: 231): theme: 'Freizeit & Unterhaltung' -> 'Alltag'
  [UPDATE] 'geschlossen' (ID: 232): theme: 'Dienstleistungen & Behörden' -> 'Alltag'
  [UPDATE] 'die Geschwister' (ID: 233): theme: 'Person & Familie' -> 'Familie', example_en: 'Unfortunately, I don't have any siblings.' -> 'Unfortunately, I have no siblings.'
  [UPDATE] 'das Geschäft' (ID: 234): theme: 'Einkaufen & Konsum' -> 'Einkaufen', example_en: 'The shops close at 6:30 PM.' -> 'The shops close at 6.30 pm.'
  [UPDATE] 'das Gespräch' (ID: 235): theme: 'Arbeit & Beruf' -> 'Alltag', example_en: 'The conversation with Mrs. Kunz is at 2 PM.' -> 'The conversation with Mrs. Kunz is at 2 pm.'
Batch 47 saved successfully. Total cumulative updates: 115

Processing Batch 48/128 (Index 235 to 240)
  [UPDATE] 'gestern' (ID: 236): theme: 'Zeit, Maße & Basiswortschatz' -> 'Alltag'
  [UPDATE] 'gestorben' (ID: 237): theme: 'Person & Familie' -> 'Alltag'
  [UPDATE] 'das Getränk' (ID: 238): theme: 'Essen & Trinken' -> 'Essen'
  [UPDATE] 'das Gewicht' (ID: 239): theme: 'Person & Familie' -> 'Person', example_en: 'Under 'weight' you write: 62 kilos.' -> 'For „weight“ you write: 62 kilos.'
  [UPDATE] 'gewinnen' (ID: 240): theme: 'Freizeit & Unterhaltung' -> 'Freizeit', example_en: 'Who is winning the game?' -> 'Who wins the game?'
Batch 48 saved successfully. Total cumulative updates: 120

Processing Batch 49/128 (Index 240 to 245)
  [UPDATE] 'geöffnet' (ID: 241): theme: 'Einkaufen & Konsum' -> 'Alltag', example_en: 'The shop is open on Saturdays until 4:00 PM.' -> 'The shop is open on Saturdays until 4.00 pm.'
  [UPDATE] 'das Glas' (ID: 242): theme: 'Essen & Trinken' -> 'Alltag', example_de: 'Bitte noch ein Glas Wein!' -> 'Bitte noch ein Glas Wein! Wir brauchen noch drei Gläser.', example_en: 'Another glass of wine, please!' -> 'Another glass of wine, please! We need three more glasses.'
  [UPDATE] 'glauben' (ID: 243): theme: 'Zeit, Maße & Basiswortschatz' -> 'Alltag', example_de: 'Ich glaube, er kommt gleich.' -> 'Sie können mir glauben, es ist so. Ich glaube, er kommt gleich.', example_en: 'I believe he is coming right away.' -> 'You can believe me, it is so. I believe he is coming soon.'
  [UPDATE] 'gleich' (ID: 244): theme: 'Zeit, Maße & Basiswortschatz' -> 'Alltag', example_de: 'Ich komme gleich.' -> 'Das ist mir gleich. Das ist der gleiche Preis. Ich komme gleich.', example_en: 'I am coming right away.' -> 'That is the same to me. That is the same price. I am coming right away.'
  [UPDATE] 'das Gleis' (ID: 245): theme: 'Reise & Verkehr' -> 'Reise'
Batch 49 saved successfully. Total cumulative updates: 125

Processing Batch 50/128 (Index 245 to 250)
  [UPDATE] 'das Glück' (ID: 246): theme: 'Person & Familie' -> 'Alltag'
  [UPDATE] 'glücklich' (ID: 247): theme: 'Person & Familie' -> 'Alltag'
  [UPDATE] 'der Glückwunsch' (ID: 248): theme: 'Person & Familie' -> 'Alltag', example_de: 'Herzlichen Glückwunsch zum Geburtstag!' -> 'Herzlichen Glückwunsch zum Geburtstag.', example_en: 'Happy birthday! (literally: Sincere congratulations on your birthday!)' -> 'Happy birthday.'
  [UPDATE] 'gratulieren' (ID: 249): theme: 'Person & Familie' -> 'Alltag'
  [UPDATE] 'grillen' (ID: 250): theme: 'Essen & Trinken' -> 'Alltag'
Batch 50 saved successfully. Total cumulative updates: 130

Processing Batch 51/128 (Index 250 to 255)
  [UPDATE] 'groß' (ID: 251): theme: 'Zeit, Maße & Basiswortschatz' -> 'Alltag', example_de: 'Frankfurt ist eine große Stadt.' -> 'Mein Bruder und ich sind gleich groß. Frankfurt ist eine große Stadt.', example_en: 'Frankfurt is a big city.' -> 'My brother and I are the same height. Frankfurt is a big city.'
  [UPDATE] 'die Großeltern' (ID: 252): theme: 'Person & Familie' -> 'Familie'
  [UPDATE] 'die Großmutter' (ID: 253): theme: 'Person & Familie' -> 'Familie'
  [UPDATE] 'der Großvater' (ID: 254): theme: 'Person & Familie' -> 'Familie'
  [UPDATE] 'die Gruppe' (ID: 255): theme: 'Ausbildung & Lernen' -> 'Alltag', example_en: 'The first group begins at 4 PM.' -> 'The first group begins at 4 pm.'
Batch 51 saved successfully. Total cumulative updates: 135

Processing Batch 52/128 (Index 255 to 260)
  [UPDATE] 'der Gruß' (ID: 256): theme: 'Zeit, Maße & Basiswortschatz' -> 'Alltag', example_de: 'Viele Grüße an Ihre Frau.' -> 'Viele Grüße an Ihre Frau. Mit freundlichen Grüßen', example_en: 'Many greetings to your wife.' -> 'Many greetings to your wife. With kind regards'
  [UPDATE] 'die Größe' (ID: 257): theme: 'Einkaufen & Konsum' -> 'Einkaufen', example_en: 'Do you also have this in size 40?' -> 'Do you also have that in size 40?'
  [UPDATE] 'gut' (ID: 258): theme: 'Zeit, Maße & Basiswortschatz' -> 'Alltag', example_de: 'Das finde ich gut.' -> 'Das finde ich gut. Ich komme um 13 Uhr. - Gut! Guten Morgen! Ein gutes neues Jahr! Guten Appetit!', example_en: 'I find that good.' -> 'I find that good. I am coming at 1 pm. - Good! Good morning! A happy new year! Enjoy your meal!'
  [UPDATE] 'gültig' (ID: 259): theme: 'Dienstleistungen & Behörden' -> 'Alltag'
  [UPDATE] 'günstig' (ID: 260): theme: 'Einkaufen & Konsum' -> 'Einkaufen', example_en: 'There are cheap offers there.' -> 'There are favorable offers there.'
Batch 52 saved successfully. Total cumulative updates: 140

Processing Batch 53/128 (Index 260 to 265)
  [UPDATE] 'das Haar' (ID: 261): theme: 'Gesundheit & Körper' -> 'Körper'
  [UPDATE] 'haben' (ID: 262): theme: 'Zeit, Maße & Basiswortschatz' -> 'Alltag'
  [UPDATE] 'die Halbpension' (ID: 263): theme: 'Reise & Verkehr' -> 'Reise'
  [UPDATE] 'die Halle' (ID: 264): theme: 'Reise & Verkehr' -> 'Reise', example_en: 'We are meeting in Hall B.' -> 'We will meet in hall B.'
  [UPDATE] 'hallo' (ID: 265): theme: 'Zeit, Maße & Basiswortschatz' -> 'Alltag', example_de: 'Hallo Inge! Wie geht’s?' -> 'Hallo Inge! Wie geht's?'
Batch 53 saved successfully. Total cumulative updates: 145

Processing Batch 54/128 (Index 265 to 270)
  [UPDATE] 'halten' (ID: 266): theme: 'Reise & Verkehr' -> 'Reise'
  [UPDATE] 'die Haltestelle' (ID: 267): theme: 'Reise & Verkehr' -> 'Reise', example_en: 'You have to get off at the next stop.' -> 'You must get off at the next stop.'
  [UPDATE] 'die Hand' (ID: 268): theme: 'Gesundheit & Körper' -> 'Körper'
  [UPDATE] 'das Handy' (ID: 269): theme: 'Dienstleistungen & Behörden' -> 'Alltag', example_en: 'Please turn off your mobile phones in school!' -> 'Please turn off the mobile phones in school!'
  [UPDATE] 'das Haus' (ID: 270): theme: 'Wohnen & Haushalt' -> 'Wohnen', example_de: 'In welchem Haus wohnst du?' -> 'In welchem Haus wohnst du? Ich gehe jetzt nach Hause. Paul ist nicht zu Hause.', example_en: 'In which house do you live?' -> 'In which house do you live? I am going home now. Paul is not at home.'
Batch 54 saved successfully. Total cumulative updates: 150

Processing Batch 55/128 (Index 270 to 275)
  [UPDATE] 'die Hausaufgabe' (ID: 271): theme: 'Ausbildung & Lernen' -> 'Schule'
  [UPDATE] 'die Hausfrau' (ID: 272): theme: 'Arbeit & Beruf' -> 'Beruf', example_de: 'Die Hausfrau wäscht, kocht und kauft ein.' -> 'Die Hausfrau/der Hausmann wäscht, kocht und kauft ein.', example_en: 'The housewife washes, cooks, and shops.' -> 'The housewife/househusband washes, cooks and shops.'
  [UPDATE] 'der Hausmann' (ID: 273): theme: 'Arbeit & Beruf' -> 'Beruf', example_de: 'Der Hausmann wäscht, kocht und kauft ein.' -> 'Die Hausfrau/der Hausmann wäscht, kocht und kauft ein.', example_en: 'The househusband washes, cooks, and shops.' -> 'The housewife/househusband washes, cooks and shops.'
  [UPDATE] 'die Heimat' (ID: 274): theme: 'Person & Familie' -> 'Person'
  [UPDATE] 'heiraten' (ID: 275): theme: 'Person & Familie' -> 'Familie'
Batch 55 saved successfully. Total cumulative updates: 155

Processing Batch 56/128 (Index 275 to 280)
  [UPDATE] 'heißen' (ID: 276): theme: 'Person & Familie' -> 'Alltag', example_de: 'Wie heißt das auf Deutsch?' -> 'Ich heiße Charlotte Meier. Wie heißt das auf Deutsch?', example_en: 'What is that called in German?' -> 'My name is Charlotte Meier. What is that called in German?'
  [UPDATE] 'helfen' (ID: 277): theme: 'Zeit, Maße & Basiswortschatz' -> 'Alltag'
  [UPDATE] 'hell' (ID: 278): theme: 'Zeit, Maße & Basiswortschatz' -> 'Alltag', example_en: 'In summer it is light until 9 PM.' -> 'In summer it is light until 9 pm.'
  [UPDATE] 'der Herd' (ID: 279): theme: 'Wohnen & Haushalt' -> 'Wohnen'
  [UPDATE] 'der Herr' (ID: 280): theme: 'Person & Familie' -> 'Alltag'
Batch 56 saved successfully. Total cumulative updates: 160

Processing Batch 57/128 (Index 280 to 285)
  [UPDATE] 'herzlich' (ID: 281): theme: 'Person & Familie' -> 'Alltag', example_en: 'Sincere congratulations!' -> 'Congratulations!'
  [UPDATE] 'heute' (ID: 282): theme: 'Zeit, Maße & Basiswortschatz' -> 'Alltag'
  [UPDATE] 'hier' (ID: 283): theme: 'Zeit, Maße & Basiswortschatz' -> 'Alltag', example_de: 'Hier wohne ich.' -> 'Hier ist 06131-553221, Pamela Linke. Hier wohne ich.', example_en: 'I live here.' -> 'Here is 06131-553221, Pamela Linke. I live here.'
  [UPDATE] 'die Hilfe' (ID: 284): theme: 'Zeit, Maße & Basiswortschatz' -> 'Alltag', example_de: 'Brauchen Sie meine Hilfe?' -> 'Hilfe! Bitte helfen Sie mir! Brauchen Sie meine Hilfe?', example_en: 'Do you need my help?' -> 'Help! Please help me! Do you need my help?'
  [UPDATE] 'hinten' (ID: 285): theme: 'Zeit, Maße & Basiswortschatz' -> 'Alltag', example_en: 'The door for getting off is in the back.' -> 'The door for getting out is in the back.'
Batch 57 saved successfully. Total cumulative updates: 165

Processing Batch 58/128 (Index 285 to 290)
  [UPDATE] 'das Hobby' (ID: 286): theme: 'Freizeit & Unterhaltung' -> 'Freizeit'
  [UPDATE] 'hoch' (ID: 287): theme: 'Zeit, Maße & Basiswortschatz' -> 'Alltag'
  [UPDATE] 'die Hochzeit' (ID: 288): theme: 'Person & Familie' -> 'Familie', example_de: 'Zu dieser Hochzeit kommen mehr als fünfzig Gäste.' -> 'Zur dieser Hochzeit kommen mehr als fünfzig Gäste.'
  [UPDATE] 'holen' (ID: 289): theme: 'Zeit, Maße & Basiswortschatz' -> 'Alltag'
  [UPDATE] 'das Hotel' (ID: 290): theme: 'Reise & Verkehr' -> 'Reise', example_en: 'On vacation we are staying in a hotel by the sea.' -> 'On vacation we are in a hotel by the sea.'
Batch 58 saved successfully. Total cumulative updates: 170

Processing Batch 59/128 (Index 290 to 295)
  [UPDATE] 'der Hund' (ID: 291): theme: 'Natur & Umwelt' -> 'Umwelt'
  [UPDATE] 'der Hunger' (ID: 292): theme: 'Essen & Trinken' -> 'Alltag'
  [UPDATE] 'das Hähnchen' (ID: 293): theme: 'Essen & Trinken' -> 'Essen'
  [UPDATE] 'hören' (ID: 294): theme: 'Zeit, Maße & Basiswortschatz' -> 'Alltag', example_de: 'Ich habe das Lied schon mal gehört.' -> 'Hör mal! Was ist das? Ich habe das Lied schon mal gehört.', example_en: 'I have heard the song before.' -> 'Listen! What is that? I have heard the song before.'
  [UPDATE] 'ich' (ID: 295): theme: 'Person & Familie' -> 'Person'
Batch 59 saved successfully. Total cumulative updates: 175

Processing Batch 60/128 (Index 295 to 300)
  [UPDATE] 'immer' (ID: 296): theme: 'Zeit, Maße & Basiswortschatz' -> 'Alltag', example_en: 'Mrs. Bast always arrives late.' -> 'Mrs. Bast always comes too late.'
  [UPDATE] 'in' (ID: 297): theme: 'Zeit, Maße & Basiswortschatz' -> 'Alltag', example_de: 'Ich wohne in Wiesbaden.' -> 'Ich wohne in Wiesbaden. Der Zug kommt in fünf Minuten. Frau Rausch arbeitet in einem Geschäft. Komm, wir gehen ins Kino.', example_en: 'I live in Wiesbaden.' -> 'I live in Wiesbaden. The train comes in five minutes. Mrs. Rausch works in a shop. Come, we are going to the cinema.'
  [UPDATE] 'die Information' (ID: 298): theme: 'Reise & Verkehr' -> 'Alltag', example_de: 'Wir haben hier wichtige Informationen für Sie.' -> 'Wenn Sie Fragen haben, gehen Sie zur Information. Wir haben hier wichtige Informationen für Sie.', example_en: 'We have important information for you here.' -> 'If you have questions, go to the information desk. We have important information for you here.'
  [UPDATE] 'international' (ID: 299): theme: 'Ausbildung & Lernen' -> 'Alltag', example_de: 'Unser Deutschkurs ist international.' -> 'Unser Deutschkurs ist international: Silvana kommt aus Italien, Conchi aus Spanien, Yin aus China ...', example_en: 'Our German course is international.' -> 'Our German course is international: Silvana comes from Italy, Conchi from Spain, Yin from China ...'
  [UPDATE] 'das Internet' (ID: 300): theme: 'Freizeit & Unterhaltung' -> 'Freizeit', example_en: 'You will find that on the internet.' -> 'You find that on the internet.'
Batch 60 saved successfully. Total cumulative updates: 180

Processing Batch 61/128 (Index 300 to 305)
  [UPDATE] 'ja' (ID: 301): theme: 'Zeit, Maße & Basiswortschatz' -> 'Alltag', example_de: 'Sind Sie Herr Watanabe? – Ja.' -> 'Sind Sie Herr Watanabe? - Ja.', example_en: 'Are you Mr. Watanabe? – Yes.' -> 'Are you Mr. Watanabe? - Yes.'
  [UPDATE] 'die Jacke' (ID: 302): theme: 'Einkaufen & Konsum' -> 'Einkaufen'
  [UPDATE] 'jed-' (ID: 303): theme: 'Zeit, Maße & Basiswortschatz' -> 'Alltag', example_en: 'You can buy flowers in every train station.' -> 'You can buy flowers in every station.'
  [UPDATE] 'jetzt' (ID: 304): theme: 'Zeit, Maße & Basiswortschatz' -> 'Alltag'
  [UPDATE] 'der Job' (ID: 305): theme: 'Arbeit & Beruf' -> 'Beruf'
Batch 61 saved successfully. Total cumulative updates: 185

Processing Batch 62/128 (Index 305 to 310)
  [UPDATE] 'der Jugendliche' (ID: 306): theme: 'Person & Familie' -> 'Person', example_en: 'Many teenagers like to shop.' -> 'Many young people like to shop.'
  [UPDATE] 'jung' (ID: 307): theme: 'Person & Familie' -> 'Person', example_de: 'Claudia ist 21. – Was? Noch so jung?' -> 'Claudia ist 21. - Was? Noch so jung?', example_en: 'Claudia is 21. – What? Still so young?' -> 'Claudia is 21. - What? Still so young?'
  [UPDATE] 'der Junge' (ID: 308): theme: 'Person & Familie' -> 'Familie'
  [UPDATE] 'der Kaffee' (ID: 309): theme: 'Essen & Trinken' -> 'Essen', example_en: 'I always drink coffee for breakfast.' -> 'For breakfast I always drink coffee.'
  [UPDATE] 'kaputt' (ID: 310): theme: 'Zeit, Maße & Basiswortschatz' -> 'Alltag'
Batch 62 saved successfully. Total cumulative updates: 190

Processing Batch 63/128 (Index 310 to 315)
  [UPDATE] 'die Karte' (ID: 311): theme: 'Essen & Trinken' -> 'Alltag', example_de: 'Bringen Sie mir die Karte, bitte.' -> 'Ich schreibe meinen Bekannten eine Karte aus dem Urlaub. Wollen wir Karten spielen? Ich möchte auch etwas essen. Bringen Sie mir die Karte, bitte.', example_en: 'Bring me the menu, please.' -> 'I write my acquaintances a card from vacation. Do we want to play cards? I would also like to eat something. Bring me the menu, please.'
  [UPDATE] 'die Kartoffel' (ID: 312): theme: 'Essen & Trinken' -> 'Essen', example_en: 'You need potatoes for French fries.' -> 'For French fries you need potatoes.'
  [UPDATE] 'die Kasse' (ID: 313): theme: 'Einkaufen & Konsum' -> 'Einkaufen'
  [UPDATE] 'kaufen' (ID: 314): theme: 'Einkaufen & Konsum' -> 'Einkaufen', example_en: 'Tim is buying himself a new car.' -> 'Tim buys himself a new car.'
  [UPDATE] 'kein' (ID: 315): theme: 'Zeit, Maße & Basiswortschatz' -> 'Alltag', example_en: 'There are no tickets left.' -> 'There are no admission tickets left.'
Batch 63 saved successfully. Total cumulative updates: 195

Processing Batch 64/128 (Index 315 to 320)
  [UPDATE] 'kennen' (ID: 316): theme: 'Person & Familie' -> 'Alltag'
  [UPDATE] 'kennenlernen' (ID: 317): theme: 'Person & Familie' -> 'Alltag'
  [UPDATE] 'das Kind' (ID: 318): theme: 'Person & Familie' -> 'Familie'
  [UPDATE] 'der Kindergarten' (ID: 319): theme: 'Ausbildung & Lernen' -> 'Schule'
  [UPDATE] 'das Kino' (ID: 320): theme: 'Freizeit & Unterhaltung' -> 'Freizeit', example_en: 'We are seeing a nice movie at the cinema tonight.' -> 'We are seeing a beautiful film in the cinema tonight.'
Batch 64 saved successfully. Total cumulative updates: 200

Processing Batch 65/128 (Index 320 to 325)
  [UPDATE] 'der Kiosk' (ID: 321): theme: 'Einkaufen & Konsum' -> 'Einkaufen', example_en: 'At the kiosk you can get drinks, cigarettes, and newspapers.' -> 'At the kiosk you get drinks, cigarettes and newspapers.'
  [UPDATE] 'klar' (ID: 322): theme: 'Zeit, Maße & Basiswortschatz' -> 'Alltag', example_de: 'Kommst du mit? – Klar!' -> 'Kommst du mit? - Klar!', example_en: 'Are you coming along? – Sure!' -> 'Are you coming along? - Sure!'
  [UPDATE] 'die Klasse' (ID: 323): theme: 'Ausbildung & Lernen' -> 'Schule', example_de: 'In unserer Klasse sind fünfundzwanzig Schüler.' -> 'In unserer Klasse sind fünfundzwanzig Schüler. Im Zug fahre ich immer 2. Klasse.', example_en: 'There are twenty-five students in our class.' -> 'In our class there are twenty-five students. On the train I always travel 2nd class.'
  [UPDATE] 'die Kleidung' (ID: 324): theme: 'Einkaufen & Konsum' -> 'Einkaufen', example_de: 'Wo finde ich Kleidung? – Jacken im ersten, Jeans im zweiten Stock.' -> 'Wo finde ich Kleidung? - Jacken im ersten, Jeans im zweiten Stock.', example_en: 'Where can I find clothing? – Jackets on the first floor, jeans on the second floor.' -> 'Where do I find clothes? - Jackets on the first floor, jeans on the second floor.'
  [UPDATE] 'klein' (ID: 325): theme: 'Zeit, Maße & Basiswortschatz' -> 'Alltag', example_en: 'Eltville is a small city on the Rhine.' -> 'Eltville is a small town on the Rhine.'
Batch 65 saved successfully. Total cumulative updates: 205

Processing Batch 66/128 (Index 325 to 330)
  [UPDATE] 'kochen' (ID: 326): theme: 'Essen & Trinken' -> 'Alltag'
  [UPDATE] 'der Koffer' (ID: 327): theme: 'Reise & Verkehr' -> 'Reise'
  [UPDATE] 'der Kollege' (ID: 328): theme: 'Arbeit & Beruf' -> 'Beruf', example_en: 'What is the name of the new female colleague?' -> 'What is the new colleague's name?'
  [UPDATE] 'kommen' (ID: 329): theme: 'Zeit, Maße & Basiswortschatz' -> 'Alltag', example_de: 'Woher kommen Sie? – Aus Frankreich.' -> 'Woher kommen Sie? - Aus Frankreich. Kommst du mit ins Schwimmbad?', example_en: 'Where do you come from? – From France.' -> 'Where do you come from? - From France. Are you coming along to the swimming pool?'
  [UPDATE] 'das Konto' (ID: 330): theme: 'Dienstleistungen & Behörden' -> 'Alltag'
Batch 66 saved successfully. Total cumulative updates: 210

Processing Batch 67/128 (Index 330 to 335)
  [UPDATE] 'der Kopf' (ID: 331): theme: 'Gesundheit & Körper' -> 'Körper'
  [UPDATE] 'kosten' (ID: 332): theme: 'Einkaufen & Konsum' -> 'Einkaufen', example_en: 'How much does that cost? – 10 euros.' -> 'How much does that cost? - 10 euros.'
  [UPDATE] 'krank' (ID: 333): theme: 'Gesundheit & Körper' -> 'Alltag'
  [UPDATE] 'kriegen' (ID: 334): theme: 'Arbeit & Beruf' -> 'Beruf'
  [UPDATE] 'der Kuchen' (ID: 335): theme: 'Essen & Trinken' -> 'Essen', example_en: 'I'll take a piece of cake.' -> 'I am taking a piece of cake.'
Batch 67 saved successfully. Total cumulative updates: 215

Processing Batch 68/128 (Index 335 to 340)
  [UPDATE] 'der Kugelschreiber' (ID: 336): theme: 'Arbeit & Beruf' -> 'Alltag', example_en: 'Do you have a pen for me?' -> 'Do you have a ballpoint pen for me?'
  [UPDATE] 'kulturell' (ID: 337): theme: 'Freizeit & Unterhaltung' -> 'Freizeit'
  [UPDATE] 'der Kunde' (ID: 338): theme: 'Einkaufen & Konsum' -> 'Einkaufen', example_en: 'Just a moment, please. I have a (female) customer.' -> 'One moment, please. I have a customer.'
  [UPDATE] 'der Kurs' (ID: 339): theme: 'Ausbildung & Lernen' -> 'Schule'
  [UPDATE] 'kurz' (ID: 340): theme: 'Zeit, Maße & Basiswortschatz' -> 'Alltag'
Batch 68 saved successfully. Total cumulative updates: 220

Processing Batch 69/128 (Index 340 to 345)
  [UPDATE] 'können' (ID: 341): theme: 'Zeit, Maße & Basiswortschatz' -> 'Alltag', example_de: 'Können Sie mir helfen?' -> 'Ich kann Deutsch und Russisch. Können Sie mir helfen?', example_en: 'Can you help me?' -> 'I can speak German and Russian. Can you help me?'
  [UPDATE] 'die Küche' (ID: 342): theme: 'Wohnen & Haushalt' -> 'Wohnen', example_en: 'The new stove goes into the kitchen.' -> 'The new stove is going into the kitchen.'
  [UPDATE] 'der Kühlschrank' (ID: 343): theme: 'Wohnen & Haushalt' -> 'Wohnen', example_de: 'Haben wir noch Milch? – Ja, im Kühlschrank.' -> 'Haben wir noch Milch? - Ja, im Kühlschrank.', example_en: 'Do we still have milk? – Yes, in the fridge.' -> 'Do we still have milk? - Yes, in the refrigerator.'
  [UPDATE] 'lachen' (ID: 344): theme: 'Person & Familie' -> 'Alltag'
  [UPDATE] 'der Laden' (ID: 345): theme: 'Einkaufen & Konsum' -> 'Einkaufen', example_en: 'You can buy books in the bookstore.' -> 'In the bookstore you can buy books.'
Batch 69 saved successfully. Total cumulative updates: 225

Processing Batch 70/128 (Index 345 to 350)
  [UPDATE] 'das Land' (ID: 346): theme: 'Reise & Verkehr' -> 'Alltag'
  [UPDATE] 'lang' (ID: 347): theme: 'Zeit, Maße & Basiswortschatz' -> 'Alltag'
  [UPDATE] 'lange' (ID: 348): theme: 'Zeit, Maße & Basiswortschatz' -> 'Alltag', example_en: 'How long does the train travel from Hamburg to Berlin?' -> 'How long does the train take from Hamburg to Berlin?'
  [UPDATE] 'langsam' (ID: 349): theme: 'Zeit, Maße & Basiswortschatz' -> 'Alltag'
  [UPDATE] 'laufen' (ID: 350): theme: 'Reise & Verkehr' -> 'Alltag', example_en: 'I do not want to drive, I would like to walk.' -> 'I do not want to drive a car, I want to walk.'
Batch 70 saved successfully. Total cumulative updates: 230

Processing Batch 71/128 (Index 350 to 355)
  [UPDATE] 'laut' (ID: 351): theme: 'Zeit, Maße & Basiswortschatz' -> 'Alltag'
  [UPDATE] 'leben' (ID: 352): theme: 'Person & Familie' -> 'Alltag', example_de: 'Sie lebt bei ihrer Schwester.' -> 'Sie lebt bei ihrer Schwester. Ihre Eltern leben nicht mehr.', example_en: 'She lives with her sister.' -> 'She lives with her sister. Her parents are no longer alive.'
  [UPDATE] 'das Leben' (ID: 353): theme: 'Zeit, Maße & Basiswortschatz' -> 'Alltag'
  [UPDATE] 'das Lebensmittel' (ID: 354): theme: 'Einkaufen & Konsum' -> 'Einkaufen', example_en: 'You can get groceries in the supermarket.' -> 'You get groceries in the supermarket.'
  [UPDATE] 'ledig' (ID: 355): theme: 'Person & Familie' -> 'Person', example_de: 'Sind Sie verheiratet? – Nein. Ledig.' -> 'Sind Sie verheiratet? - Nein. Ledig.', example_en: 'Are you married? – No. Single.' -> 'Are you married? - No. Single.'
Batch 71 saved successfully. Total cumulative updates: 235

Processing Batch 72/128 (Index 355 to 360)
  [UPDATE] 'legen' (ID: 356): theme: 'Zeit, Maße & Basiswortschatz' -> 'Alltag', example_en: 'Lay the book on the table.' -> 'Put the book on the table.'
  [UPDATE] 'der Lehrer' (ID: 357): theme: 'Arbeit & Beruf' -> 'Beruf', example_de: 'Unser Deutschlehrer heißt Herr Müller.' -> 'Unsere Deutschlehrerin heißt Frau Müller.', example_en: 'Our German teacher is named Mr. Müller.' -> 'Our German teacher is Mrs. Müller.'
  [UPDATE] 'die Lehrerin' (ID: 358): theme: 'Arbeit & Beruf' -> 'Beruf', example_en: 'Our German teacher is named Mrs. Müller.' -> 'Our German teacher is Mrs. Müller.'
  [UPDATE] 'leicht' (ID: 359): theme: 'Zeit, Maße & Basiswortschatz' -> 'Alltag', example_de: 'Der Koffer ist leicht.' -> 'Der Koffer ist leicht. Deutsch ist nicht leicht.', example_en: 'The suitcase is light.' -> 'The suitcase is light. German is not easy.'
  [UPDATE] 'leider' (ID: 360): theme: 'Zeit, Maße & Basiswortschatz' -> 'Alltag', example_de: 'Leider kann ich nicht kommen.' -> 'Leider kann ich nicht kommen. Ich muss zum Arzt.', example_en: 'Unfortunately, I cannot come.' -> 'Unfortunately I cannot come. I have to go to the doctor.'
Batch 72 saved successfully. Total cumulative updates: 240

Processing Batch 73/128 (Index 360 to 365)
  [UPDATE] 'leise' (ID: 361): theme: 'Zeit, Maße & Basiswortschatz' -> 'Alltag'
  [UPDATE] 'lernen' (ID: 362): theme: 'Ausbildung & Lernen' -> 'Schule'
  [UPDATE] 'lesen' (ID: 363): theme: 'Ausbildung & Lernen' -> 'Alltag'
  [UPDATE] 'letzt-' (ID: 364): theme: 'Zeit, Maße & Basiswortschatz' -> 'Alltag'
  [UPDATE] 'die Leute' (ID: 365): theme: 'Person & Familie' -> 'Person'
Batch 73 saved successfully. Total cumulative updates: 245

Processing Batch 74/128 (Index 365 to 370)
  [UPDATE] 'das Licht' (ID: 366): theme: 'Wohnen & Haushalt' -> 'Alltag'
  [UPDATE] 'lieb-' (ID: 367): theme: 'Person & Familie' -> 'Alltag'
  [UPDATE] 'lieben' (ID: 368): theme: 'Person & Familie' -> 'Alltag'
  [UPDATE] 'lieber' (ID: 369): theme: 'Zeit, Maße & Basiswortschatz' -> 'Alltag'
  [UPDATE] 'das Lied' (ID: 370): theme: 'Freizeit & Unterhaltung' -> 'Freizeit'
Batch 74 saved successfully. Total cumulative updates: 250

Processing Batch 75/128 (Index 370 to 375)
  [UPDATE] 'liegen' (ID: 371): theme: 'Zeit, Maße & Basiswortschatz' -> 'Alltag', example_de: 'Frankfurt liegt am Main.' -> 'Um neun Uhr liegt Judith noch im Bett. Frankfurt liegt am Main.', example_en: 'Frankfurt is located on the Main.' -> 'At nine o'clock Judith is still lying in bed. Frankfurt is located on the Main.'
  [UPDATE] 'links' (ID: 372): theme: 'Zeit, Maße & Basiswortschatz' -> 'Alltag'
  [UPDATE] 'der Lkw' (ID: 373): theme: 'Reise & Verkehr' -> 'Alltag'
  [UPDATE] 'das Lokal' (ID: 374): theme: 'Essen & Trinken' -> 'Essen'
  [UPDATE] 'lustig' (ID: 375): theme: 'Person & Familie' -> 'Person'
Batch 75 saved successfully. Total cumulative updates: 255

Processing Batch 76/128 (Index 375 to 380)
  [UPDATE] 'die Lösung' (ID: 376): theme: 'Ausbildung & Lernen' -> 'Alltag'
  [UPDATE] 'machen' (ID: 377): theme: 'Zeit, Maße & Basiswortschatz' -> 'Alltag', example_de: 'Was machst du heute Abend?' -> 'Was machst du heute Abend? Ich muss jetzt das Essen machen. Das macht 5 Euro 95. Das macht nichts.', example_en: 'What are you doing tonight?' -> 'What are you doing tonight? I have to make the food now. That makes 5 euros 95. That does not matter.'
  [UPDATE] 'man' (ID: 378): theme: 'Person & Familie' -> 'Alltag'
  [UPDATE] 'der Mann' (ID: 379): theme: 'Person & Familie' -> 'Person'
  [UPDATE] 'die Maschine' (ID: 380): theme: 'Wohnen & Haushalt' -> 'Alltag'
Batch 76 saved successfully. Total cumulative updates: 260

Processing Batch 77/128 (Index 380 to 385)
  [UPDATE] 'das Meer' (ID: 381): theme: 'Reise & Verkehr' -> 'Alltag', example_en: 'We are going on vacation by the sea.' -> 'We are taking a vacation by the sea.'
  [UPDATE] 'mehr' (ID: 382): theme: 'Zeit, Maße & Basiswortschatz' -> 'Alltag', example_en: 'This car costs 1,000 euros more than the other one.' -> 'This car costs 1,000 euros more than the other.'
  [UPDATE] 'mein' (ID: 383): theme: 'Person & Familie' -> 'Familie'
  [UPDATE] 'meist-' (ID: 384): theme: 'Zeit, Maße & Basiswortschatz' -> 'Alltag', example_en: 'Most Northern Germans are very tall.' -> 'Most North Germans are very tall.'
  [UPDATE] 'der Mensch' (ID: 385): theme: 'Person & Familie' -> 'Person', example_en: 'The people here are different than back home.' -> 'The people here are different than where we live.'
Batch 77 saved successfully. Total cumulative updates: 265

Processing Batch 78/128 (Index 385 to 390)
  [UPDATE] 'die Miete' (ID: 386): theme: 'Wohnen & Haushalt' -> 'Wohnen'
  [UPDATE] 'mieten' (ID: 387): theme: 'Reise & Verkehr' -> 'Alltag'
  [UPDATE] 'die Milch' (ID: 388): theme: 'Essen & Trinken' -> 'Essen'
  [UPDATE] 'mit' (ID: 389): theme: 'Zeit, Maße & Basiswortschatz' -> 'Alltag', example_en: 'Do you drink your coffee with milk?' -> 'Do you drink the coffee with milk?'
  [UPDATE] 'mitbringen' (ID: 390): theme: 'Zeit, Maße & Basiswortschatz' -> 'Alltag'
Batch 78 saved successfully. Total cumulative updates: 270

Processing Batch 79/128 (Index 390 to 395)
  [UPDATE] 'mitkommen' (ID: 391): theme: 'Freizeit & Unterhaltung' -> 'Alltag', example_en: 'I am going to the movies. Are you coming along?' -> 'I am going to the cinema. Are you coming along?'
  [UPDATE] 'mitmachen' (ID: 392): theme: 'Freizeit & Unterhaltung' -> 'Alltag'
  [UPDATE] 'mitnehmen' (ID: 393): theme: 'Reise & Verkehr' -> 'Alltag', example_en: 'Are we taking my sister along to the movies?' -> 'Are we taking my sister along to the cinema?'
  [UPDATE] 'die Mitte' (ID: 394): theme: 'Zeit, Maße & Basiswortschatz' -> 'Alltag', example_en: 'The teacher is standing in the middle of the classroom.' -> 'The teacher stands in the middle of the classroom.'
  [UPDATE] 'der Moment' (ID: 395): theme: 'Zeit, Maße & Basiswortschatz' -> 'Alltag', example_de: 'Einen Moment bitte.' -> 'Moment mal bitte! Einen Moment bitte.', example_en: 'One moment, please.' -> 'Just a moment please! One moment please.'
Batch 79 saved successfully. Total cumulative updates: 275

Processing Batch 80/128 (Index 395 to 400)
  [UPDATE] 'morgen' (ID: 396): theme: 'Zeit, Maße & Basiswortschatz' -> 'Alltag', example_en: 'Tomorrow school begins at 10 AM.' -> 'Tomorrow school begins at 10 o'clock.'
  [UPDATE] 'der Mund' (ID: 397): theme: 'Gesundheit & Körper' -> 'Körper'
  [UPDATE] 'die Mutter' (ID: 398): theme: 'Person & Familie' -> 'Familie', example_en: 'Mrs. Berghäuser is Michaela's mother.' -> 'Mrs. Berghäuser is the mother of Michaela.'
  [UPDATE] 'das Mädchen' (ID: 399): theme: 'Person & Familie' -> 'Person', example_de: 'Familie Kurz bekommt ein Baby. – Junge oder Mädchen?' -> 'Familie Kurz bekommt ein Baby. - Junge oder Mädchen?', example_en: 'The Kurz family is having a baby. – Boy or girl?' -> 'The Kurz family is having a baby. - Boy or girl?'
  [UPDATE] 'männlich' (ID: 400): theme: 'Person & Familie' -> 'Person', example_en: 'Please check the box: 'female' or 'male'.' -> 'Please cross: "female" or "male".'
Batch 80 saved successfully. Total cumulative updates: 280

Processing Batch 81/128 (Index 400 to 405)
  [UPDATE] 'die Möbel' (ID: 401): theme: 'Wohnen & Haushalt' -> 'Wohnen'
  [UPDATE] 'möchten' (ID: 402): theme: 'Essen & Trinken' -> 'Alltag'
  [UPDATE] 'mögen' (ID: 403): theme: 'Essen & Trinken' -> 'Alltag'
  [UPDATE] 'möglich' (ID: 404): theme: 'Zeit, Maße & Basiswortschatz' -> 'Alltag', example_en: 'With this ticket, the journey is possible from 9 AM.' -> 'With this ticket the journey is possible from 9 o'clock.'
  [UPDATE] 'müde' (ID: 405): theme: 'Gesundheit & Körper' -> 'Alltag'
Batch 81 saved successfully. Total cumulative updates: 285

Processing Batch 82/128 (Index 405 to 410)
  [UPDATE] 'müssen' (ID: 406): theme: 'Zeit, Maße & Basiswortschatz' -> 'Alltag', example_en: 'I have to work every day from 8 AM to 6 PM.' -> 'I must work every day from 8 am to 6 pm.'
  [UPDATE] 'nach' (ID: 407): theme: 'Zeit, Maße & Basiswortschatz' -> 'Alltag', example_de: 'Ich fliege nach München.' -> 'Ich gehe jetzt nach Hause. Ich fliege nach München. Es ist schon 5 nach 12.', example_en: 'I am flying to Munich.' -> 'I am going home now. I am flying to Munich. It is already 5 past 12.'
  [UPDATE] 'der Name' (ID: 408): theme: 'Person & Familie' -> 'Person', example_de: 'Mein Name ist Thomas Schmidt.' -> 'Mein Name ist Thomas Schmidt. Mein Vorname ist Thomas; Schmidt ist der Familienname.', example_en: 'My name is Thomas Schmidt.' -> 'My name is Thomas Schmidt. My first name is Thomas; Schmidt is the family name.'
  [UPDATE] 'nehmen' (ID: 409): theme: 'Reise & Verkehr' -> 'Alltag', example_de: 'Ich nehme den Bus.' -> 'Heute gibt es Hähnchen. Das nehme ich. Ich nehme den Bus.', example_en: 'I am taking the bus.' -> 'Today there is chicken. I will take that. I am taking the bus.'
  [UPDATE] 'nein' (ID: 410): theme: 'Zeit, Maße & Basiswortschatz' -> 'Alltag', example_de: 'Fährst du auch nach München? – Nein, ich habe keine Zeit.' -> 'Fährst du auch nach München? - Nein, ich habe keine Zeit.', example_en: 'Are you also traveling to Munich? – No, I don't have time.' -> 'Are you also driving to Munich? - No, I have no time.'
Batch 82 saved successfully. Total cumulative updates: 290

Processing Batch 83/128 (Index 410 to 415)
  [UPDATE] 'neu' (ID: 411): theme: 'Zeit, Maße & Basiswortschatz' -> 'Alltag', example_de: 'Wir haben eine neue Wohnung.' -> 'Ich bin der neue Kollege. Wir haben eine neue Wohnung.', example_en: 'We have a new apartment.' -> 'I am the new colleague. We have a new apartment.'
  [UPDATE] 'nicht' (ID: 412): theme: 'Zeit, Maße & Basiswortschatz' -> 'Alltag', example_de: 'Das stimmt nicht.' -> 'Das stimmt nicht. Das ist doch schön, nicht?', example_en: 'That is not correct.' -> 'That is not true. That is beautiful, isn't it?'
  [UPDATE] 'nichts' (ID: 413): theme: 'Zeit, Maße & Basiswortschatz' -> 'Alltag', example_de: 'Das macht nichts.' -> 'Das macht nichts. Hier kaufe ich nichts. Der Laden gefällt mir nicht.', example_en: 'That doesn't matter. (Never mind.)' -> 'That does not matter. I buy nothing here. I do not like the store.'
  [UPDATE] 'nie' (ID: 414): theme: 'Zeit, Maße & Basiswortschatz' -> 'Alltag', example_en: 'He never arrives on time.' -> 'He never comes on time.'
  [UPDATE] 'noch' (ID: 415): theme: 'Zeit, Maße & Basiswortschatz' -> 'Alltag', example_de: 'Wir warten noch fünf Minuten.' -> 'Vielleicht kommt er noch. Wir warten noch fünf Minuten. Ich habe noch 20 Euro.', example_en: 'We are waiting five more minutes.' -> 'Maybe he is still coming. We are waiting another five minutes. I still have 20 euros.'
Batch 83 saved successfully. Total cumulative updates: 295

Processing Batch 84/128 (Index 415 to 420)
  [UPDATE] 'normal' (ID: 416): theme: 'Person & Familie' -> 'Alltag', example_de: 'Sein Gewicht ist normal.' -> '75 kg. Sein Gewicht ist normal.', example_en: 'His weight is normal.' -> '75 kg. His weight is normal.'
  [UPDATE] 'die Nummer' (ID: 417): theme: 'Zeit, Maße & Basiswortschatz' -> 'Alltag', example_de: 'Können Sie mir Ihre Nummer geben?' -> 'Sie haben Zimmer Nummer zwölf. Welche Hausnummer haben Sie? Können Sie mir Ihre Nummer geben?', example_en: 'Can you give me your number?' -> 'You have room number twelve. What house number do you have? Can you give me your number?'
  [UPDATE] 'nur' (ID: 418): theme: 'Zeit, Maße & Basiswortschatz' -> 'Alltag'
  [UPDATE] 'nächst-' (ID: 419): theme: 'Zeit, Maße & Basiswortschatz' -> 'Alltag'
  [UPDATE] 'oben' (ID: 420): theme: 'Wohnen & Haushalt' -> 'Wohnen'
Batch 84 saved successfully. Total cumulative updates: 300

Processing Batch 85/128 (Index 420 to 425)
  [UPDATE] 'das Obst' (ID: 421): theme: 'Essen & Trinken' -> 'Essen', example_en: 'In summer, fruit is cheap.' -> 'In summer fruit is cheap.'
  [UPDATE] 'oder' (ID: 422): theme: 'Zeit, Maße & Basiswortschatz' -> 'Alltag', example_de: 'Wann können Sie kommen – heute oder morgen?' -> 'Wann können Sie kommen - heute oder morgen?'
  [UPDATE] 'oft' (ID: 423): theme: 'Zeit, Maße & Basiswortschatz' -> 'Alltag'
  [UPDATE] 'ohne' (ID: 424): theme: 'Zeit, Maße & Basiswortschatz' -> 'Alltag', example_en: 'Without money he cannot buy anything.' -> 'Without money he can buy nothing.'
  [UPDATE] 'die Oma' (ID: 425): theme: 'Person & Familie' -> 'Familie'
Batch 85 saved successfully. Total cumulative updates: 305

Processing Batch 86/128 (Index 425 to 430)
  [UPDATE] 'der Opa' (ID: 426): theme: 'Person & Familie' -> 'Familie'
  [UPDATE] 'die Ordnung' (ID: 427): theme: 'Zeit, Maße & Basiswortschatz' -> 'Alltag', example_en: 'That is okay. / That is in order.' -> 'That is fine.'
  [UPDATE] 'der Ort' (ID: 428): theme: 'Reise & Verkehr' -> 'Alltag', example_en: 'The town is located by the sea.' -> 'The place is located by the sea.'
  [UPDATE] 'das Papier' (ID: 429): theme: 'Ausbildung & Lernen' -> 'Alltag', example_en: 'Here are paper and pencil.' -> 'Here are paper and a pencil.'
  [UPDATE] 'die Papiere' (ID: 430): theme: 'Dienstleistungen & Behörden' -> 'Alltag', example_en: 'Do you have your documents with you?' -> 'Do you have your papers with you?'
Batch 86 saved successfully. Total cumulative updates: 310

Processing Batch 87/128 (Index 430 to 435)
  [UPDATE] 'der Partner' (ID: 431): theme: 'Person & Familie' -> 'Person', example_de: 'Er ist mein Partner.' -> 'Sie ist meine Partnerin.', example_en: 'He is my partner.' -> 'She is my partner.'
  [UPDATE] 'die Partnerin' (ID: 432): theme: 'Person & Familie' -> 'Person'
  [UPDATE] 'die Party' (ID: 433): theme: 'Freizeit & Unterhaltung' -> 'Freizeit'
  [UPDATE] 'der Pass' (ID: 434): theme: 'Reise & Verkehr' -> 'Alltag', example_en: 'You need your passport in the hotel.' -> 'In the hotel you need your passport.'
  [UPDATE] 'die Pause' (ID: 435): theme: 'Arbeit & Beruf' -> 'Alltag', example_en: 'From 12:00 to 12:30 PM we have a lunch break.' -> 'From 12.00 to 12.30 we have a lunch break.'
Batch 87 saved successfully. Total cumulative updates: 315

Processing Batch 88/128 (Index 435 to 440)
  [UPDATE] 'der Plan' (ID: 436): theme: 'Reise & Verkehr' -> 'Alltag', example_en: 'I am buying myself a city map.' -> 'I am buying a city map.'
  [UPDATE] 'der Platz' (ID: 437): theme: 'Reise & Verkehr' -> 'Alltag', example_de: 'Tut mir leid, der Platz ist besetzt.' -> 'Tut mir leid, der Platz ist besetzt. Bitte nehmen Sie Platz! Ich wohne Messeplatz 5.', example_en: 'I am sorry, the seat is taken.' -> 'I am sorry, the seat is taken. Please take a seat! I live at Messeplatz 5.'
  [UPDATE] 'die Polizei' (ID: 438): theme: 'Dienstleistungen & Behörden' -> 'Alltag'
  [UPDATE] 'die Pommes frites' (ID: 439): theme: 'Essen & Trinken' -> 'Essen', example_en: 'The children are eating chicken with French fries.' -> 'The children eat chicken with French fries.'
  [UPDATE] 'die Post' (ID: 440): theme: 'Dienstleistungen & Behörden' -> 'Alltag', example_de: 'Wo ist die Post, bitte?' -> 'Wo ist die Post, bitte? Ist Post da?', example_en: 'Where is the post office, please?' -> 'Where is the post office, please? Is there mail?'
Batch 88 saved successfully. Total cumulative updates: 320

Processing Batch 89/128 (Index 440 to 445)
  [UPDATE] 'die Postleitzahl' (ID: 441): theme: 'Dienstleistungen & Behörden' -> 'Alltag'
  [UPDATE] 'das Praktikum' (ID: 442): theme: 'Arbeit & Beruf' -> 'Beruf'
  [UPDATE] 'die Praxis' (ID: 443): theme: 'Gesundheit & Körper' -> 'Alltag', example_en: 'The doctor's office is open from 8:00 AM.' -> 'The practice is open from eight o'clock.'
  [UPDATE] 'der Preis' (ID: 444): theme: 'Einkaufen & Konsum' -> 'Einkaufen'
  [UPDATE] 'das Problem' (ID: 445): theme: 'Zeit, Maße & Basiswortschatz' -> 'Alltag'
Batch 89 saved successfully. Total cumulative updates: 325

Processing Batch 90/128 (Index 445 to 450)
  [UPDATE] 'der Prospekt' (ID: 446): theme: 'Reise & Verkehr' -> 'Alltag'
  [UPDATE] 'die Prüfung' (ID: 447): theme: 'Ausbildung & Lernen' -> 'Schule', example_en: 'The exam is on Monday at 8:00 AM.' -> 'The exam is on Monday at 8.00 am.'
  [UPDATE] 'pünktlich' (ID: 448): theme: 'Zeit, Maße & Basiswortschatz' -> 'Alltag', example_de: 'Der Bus fährt pünktlich um acht Uhr.' -> 'Der Bus fährt pünktlich um acht Uhr. Herr Müller ist immer pünktlich.', example_en: 'The bus departs punctually at eight o'clock.' -> 'The bus departs punctually at eight o'clock. Mr. Müller is always punctual.'
  [UPDATE] 'rauchen' (ID: 449): theme: 'Gesundheit & Körper' -> 'Alltag'
  [UPDATE] 'der Raum' (ID: 450): theme: 'Ausbildung & Lernen' -> 'Schule'
Batch 90 saved successfully. Total cumulative updates: 330

Processing Batch 91/128 (Index 450 to 455)
  [UPDATE] 'die Rechnung' (ID: 451): theme: 'Essen & Trinken' -> 'Alltag'
  [UPDATE] 'rechts' (ID: 452): theme: 'Zeit, Maße & Basiswortschatz' -> 'Alltag'
  [UPDATE] 'der Regen' (ID: 453): theme: 'Natur & Umwelt' -> 'Alltag', example_en: 'In this rain I am not going outside.' -> 'In this rain I am not going out.'
  [UPDATE] 'regnen' (ID: 454): theme: 'Natur & Umwelt' -> 'Alltag'
  [UPDATE] 'der Reis' (ID: 455): theme: 'Essen & Trinken' -> 'Essen'
Batch 91 saved successfully. Total cumulative updates: 335

Processing Batch 92/128 (Index 455 to 460)
  [UPDATE] 'die Reise' (ID: 456): theme: 'Reise & Verkehr' -> 'Alltag'
  [UPDATE] 'das Reisebüro' (ID: 457): theme: 'Reise & Verkehr' -> 'Alltag', example_en: 'My husband works in a travel agency.' -> 'My husband works in the travel agency.'
  [UPDATE] 'der Reiseführer' (ID: 458): theme: 'Reise & Verkehr' -> 'Alltag', example_de: 'Ich kaufe mir einen Reiseführer von Berlin.' -> 'Ich kaufe mir einen Reiseführer von Berlin. Unser Reiseführer heißt Peter.', example_en: 'I am buying myself a travel guide for Berlin.' -> 'I am buying a travel guide for Berlin. Our tour guide is named Peter.'
  [UPDATE] 'reisen' (ID: 459): theme: 'Reise & Verkehr' -> 'Alltag'
  [UPDATE] 'die Reparatur' (ID: 460): theme: 'Dienstleistungen & Behörden' -> 'Alltag'
Batch 92 saved successfully. Total cumulative updates: 340

Processing Batch 93/128 (Index 460 to 465)
  [UPDATE] 'reparieren' (ID: 461): theme: 'Dienstleistungen & Behörden' -> 'Alltag'
  [UPDATE] 'das Restaurant' (ID: 462): theme: 'Essen & Trinken' -> 'Essen'
  [UPDATE] 'die Rezeption' (ID: 463): theme: 'Reise & Verkehr' -> 'Alltag'
  [UPDATE] 'richtig' (ID: 464): theme: 'Ausbildung & Lernen' -> 'Alltag', example_de: 'Habe ich das richtig verstanden?' -> 'Habe ich das richtig verstanden? Das ist richtig.', example_en: 'Did I understand that correctly?' -> 'Did I understand that correctly? That is correct.'
  [UPDATE] 'riechen' (ID: 465): theme: 'Essen & Trinken' -> 'Alltag'
Batch 93 saved successfully. Total cumulative updates: 345
