--- Audit Started at 2026-06-21 15:35:28 ---

Processing Batch 139/428 (Index 690 to 695)
Batch 139 saved successfully. Total cumulative updates: 0

Processing Batch 140/428 (Index 695 to 700)
Batch 140 saved successfully. Total cumulative updates: 0

Processing Batch 141/428 (Index 700 to 705)
Batch 141 saved successfully. Total cumulative updates: 0

Processing Batch 142/428 (Index 705 to 710)
  [UPDATE] 'das Girokonto' (ID: 706): plural: 'die Girokontoen' -> 'die Girokonten'
  [UPDATE] 'die Glace / das Glacé (CH)' (ID: 708): gender: 'die' -> 'die / das', plural: 'die Glaces' -> 'die Glacen / die Glacén'
Batch 142 saved successfully. Total cumulative updates: 2

Processing Batch 143/428 (Index 710 to 715)
Batch 143 saved successfully. Total cumulative updates: 2

Processing Batch 144/428 (Index 715 to 720)
Batch 144 saved successfully. Total cumulative updates: 2

Processing Batch 145/428 (Index 720 to 725)
Batch 145 saved successfully. Total cumulative updates: 2

Processing Batch 146/428 (Index 725 to 730)
Batch 146 saved successfully. Total cumulative updates: 2

Processing Batch 147/428 (Index 730 to 735)
Batch 147 saved successfully. Total cumulative updates: 2

Processing Batch 148/428 (Index 735 to 740)
Batch 148 saved successfully. Total cumulative updates: 2

Processing Batch 149/428 (Index 740 to 745)
Batch 149 saved successfully. Total cumulative updates: 2

Processing Batch 150/428 (Index 745 to 750)
Batch 150 saved successfully. Total cumulative updates: 2

Processing Batch 151/428 (Index 750 to 755)
Batch 151 saved successfully. Total cumulative updates: 2

Processing Batch 152/428 (Index 755 to 760)
Batch 152 saved successfully. Total cumulative updates: 2

Processing Batch 153/428 (Index 760 to 765)
  [UPDATE] 'die Hausfrau / der Hausmann' (ID: 763): gender: 'die' -> 'die / der'
Batch 153 saved successfully. Total cumulative updates: 3

Processing Batch 154/428 (Index 765 to 770)
Batch 154 saved successfully. Total cumulative updates: 3

Processing Batch 155/428 (Index 770 to 775)
Batch 155 saved successfully. Total cumulative updates: 3

Processing Batch 156/428 (Index 775 to 780)
Batch 156 saved successfully. Total cumulative updates: 3

Processing Batch 157/428 (Index 780 to 785)
Batch 157 saved successfully. Total cumulative updates: 3

Processing Batch 158/428 (Index 785 to 790)
Batch 158 saved successfully. Total cumulative updates: 3

Processing Batch 159/428 (Index 790 to 795)
Batch 159 saved successfully. Total cumulative updates: 3

Processing Batch 160/428 (Index 795 to 800)
Batch 160 saved successfully. Total cumulative updates: 3

Processing Batch 161/428 (Index 800 to 805)
Batch 161 saved successfully. Total cumulative updates: 3

Processing Batch 162/428 (Index 805 to 810)
Batch 162 saved successfully. Total cumulative updates: 3

Processing Batch 163/428 (Index 810 to 815)
Batch 163 saved successfully. Total cumulative updates: 3

Processing Batch 164/428 (Index 815 to 820)
  [UPDATE] 'die Höhe' (ID: 817): plural: 'None' -> 'die Höhen'
  [UPDATE] 'der Hörer' (ID: 818): plural: 'die Hörer;' -> 'die Hörer'
Batch 164 saved successfully. Total cumulative updates: 5

Processing Batch 165/428 (Index 820 to 825)
Batch 165 saved successfully. Total cumulative updates: 5

Processing Batch 166/428 (Index 825 to 830)
Batch 166 saved successfully. Total cumulative updates: 5

Processing Batch 167/428 (Index 830 to 835)
Batch 167 saved successfully. Total cumulative updates: 5

Processing Batch 168/428 (Index 835 to 840)
Batch 168 saved successfully. Total cumulative updates: 5

Processing Batch 169/428 (Index 840 to 845)
Batch 169 saved successfully. Total cumulative updates: 5

Processing Batch 170/428 (Index 845 to 850)
Batch 170 saved successfully. Total cumulative updates: 5

Processing Batch 171/428 (Index 850 to 855)
Batch 171 saved successfully. Total cumulative updates: 5

Processing Batch 172/428 (Index 855 to 860)
Batch 172 saved successfully. Total cumulative updates: 5

Processing Batch 173/428 (Index 860 to 865)
Batch 173 saved successfully. Total cumulative updates: 5

Processing Batch 174/428 (Index 865 to 870)
Batch 174 saved successfully. Total cumulative updates: 5

Processing Batch 175/428 (Index 870 to 875)
Batch 175 saved successfully. Total cumulative updates: 5

Processing Batch 176/428 (Index 875 to 880)
  [UPDATE] 'der Jugendliche' (ID: 878): gender: 'die' -> 'der', plural: 'die Jugendlichenen' -> 'die Jugendlichen'
  [UPDATE] 'die Jugendliche' (ID: 879): plural: 'die Jugendlichenen' -> 'die Jugendlichen'
Batch 176 saved successfully. Total cumulative updates: 7

Processing Batch 177/428 (Index 880 to 885)
Batch 177 saved successfully. Total cumulative updates: 7

Processing Batch 178/428 (Index 885 to 890)
Batch 178 saved successfully. Total cumulative updates: 7

Processing Batch 179/428 (Index 890 to 895)
Batch 179 saved successfully. Total cumulative updates: 7

Processing Batch 180/428 (Index 895 to 900)
Batch 180 saved successfully. Total cumulative updates: 7

Processing Batch 181/428 (Index 900 to 905)
Batch 181 saved successfully. Total cumulative updates: 7

Processing Batch 182/428 (Index 905 to 910)
Batch 182 saved successfully. Total cumulative updates: 7

Processing Batch 183/428 (Index 910 to 915)
Batch 183 saved successfully. Total cumulative updates: 7

Processing Batch 184/428 (Index 915 to 920)
Batch 184 saved successfully. Total cumulative updates: 7

Processing Batch 185/428 (Index 920 to 925)
Batch 185 saved successfully. Total cumulative updates: 7

Processing Batch 186/428 (Index 925 to 930)
Batch 186 saved successfully. Total cumulative updates: 7

Processing Batch 187/428 (Index 930 to 935)
Batch 187 saved successfully. Total cumulative updates: 7

Processing Batch 188/428 (Index 935 to 940)
Batch 188 saved successfully. Total cumulative updates: 7

Processing Batch 189/428 (Index 940 to 945)
  [UPDATE] 'die Konkurrenz' (ID: 942): gender: 'der' -> 'die'
Batch 189 saved successfully. Total cumulative updates: 8

Processing Batch 190/428 (Index 945 to 950)
Batch 190 saved successfully. Total cumulative updates: 8

Processing Batch 191/428 (Index 950 to 955)
Batch 191 saved successfully. Total cumulative updates: 8

Processing Batch 192/428 (Index 955 to 960)
Batch 192 saved successfully. Total cumulative updates: 8

Processing Batch 193/428 (Index 960 to 965)
  [UPDATE] 'der Kranke' (ID: 962): gender: 'die' -> 'der'
Batch 193 saved successfully. Total cumulative updates: 9

Processing Batch 194/428 (Index 965 to 970)
Batch 194 saved successfully. Total cumulative updates: 9

Processing Batch 195/428 (Index 970 to 975)
Batch 195 saved successfully. Total cumulative updates: 9

Processing Batch 196/428 (Index 975 to 980)
  [UPDATE] 'die Kriminalpolizei' (ID: 976): gender: 'None' -> 'die'
Batch 196 saved successfully. Total cumulative updates: 10

Processing Batch 197/428 (Index 980 to 985)
Batch 197 saved successfully. Total cumulative updates: 10

Processing Batch 198/428 (Index 985 to 990)
  [UPDATE] 'der Kursleiter' (ID: 989): gender: 'die' -> 'der', plural: 'die Kursleiternen' -> 'die Kursleiter'
Batch 198 saved successfully. Total cumulative updates: 11

Processing Batch 199/428 (Index 990 to 995)
Batch 199 saved successfully. Total cumulative updates: 11

Processing Batch 200/428 (Index 995 to 1000)
Batch 200 saved successfully. Total cumulative updates: 11

Processing Batch 201/428 (Index 1000 to 1005)
Batch 201 saved successfully. Total cumulative updates: 11

Processing Batch 202/428 (Index 1005 to 1010)
Batch 202 saved successfully. Total cumulative updates: 11

Processing Batch 203/428 (Index 1010 to 1015)
Batch 203 saved successfully. Total cumulative updates: 11

Processing Batch 204/428 (Index 1015 to 1020)
Batch 204 saved successfully. Total cumulative updates: 11

Processing Batch 205/428 (Index 1020 to 1025)
Batch 205 saved successfully. Total cumulative updates: 11

Processing Batch 206/428 (Index 1025 to 1030)
Batch 206 saved successfully. Total cumulative updates: 11

Processing Batch 207/428 (Index 1030 to 1035)
Batch 207 saved successfully. Total cumulative updates: 11

Processing Batch 208/428 (Index 1035 to 1040)
Batch 208 saved successfully. Total cumulative updates: 11

Processing Batch 209/428 (Index 1040 to 1045)
  [UPDATE] 'der Leiter' (ID: 1041): gender: 'die' -> 'der', plural: 'die Leitern' -> 'die Leiter'
Batch 209 saved successfully. Total cumulative updates: 12

Processing Batch 210/428 (Index 1045 to 1050)
Batch 210 saved successfully. Total cumulative updates: 12

Processing Batch 211/428 (Index 1050 to 1055)
Batch 211 saved successfully. Total cumulative updates: 12

Processing Batch 212/428 (Index 1055 to 1060)
Batch 212 saved successfully. Total cumulative updates: 12

Processing Batch 213/428 (Index 1060 to 1065)
Batch 213 saved successfully. Total cumulative updates: 12

Processing Batch 214/428 (Index 1065 to 1070)
Batch 214 saved successfully. Total cumulative updates: 12

Processing Batch 215/428 (Index 1070 to 1075)
Batch 215 saved successfully. Total cumulative updates: 12

Processing Batch 216/428 (Index 1075 to 1080)
Batch 216 saved successfully. Total cumulative updates: 12

Processing Batch 217/428 (Index 1080 to 1085)
Batch 217 saved successfully. Total cumulative updates: 12

Processing Batch 218/428 (Index 1085 to 1090)
Batch 218 saved successfully. Total cumulative updates: 12

Processing Batch 219/428 (Index 1090 to 1095)
Batch 219 saved successfully. Total cumulative updates: 12

Processing Batch 220/428 (Index 1095 to 1100)
Batch 220 saved successfully. Total cumulative updates: 12

Processing Batch 221/428 (Index 1100 to 1105)
Batch 221 saved successfully. Total cumulative updates: 12

Processing Batch 222/428 (Index 1105 to 1110)
Batch 222 saved successfully. Total cumulative updates: 12

Processing Batch 223/428 (Index 1110 to 1115)
Batch 223 saved successfully. Total cumulative updates: 12

Processing Batch 224/428 (Index 1115 to 1120)
Batch 224 saved successfully. Total cumulative updates: 12

Processing Batch 225/428 (Index 1120 to 1125)
Batch 225 saved successfully. Total cumulative updates: 12

Processing Batch 226/428 (Index 1125 to 1130)
Batch 226 saved successfully. Total cumulative updates: 12

Processing Batch 227/428 (Index 1130 to 1135)
Batch 227 saved successfully. Total cumulative updates: 12

Processing Batch 228/428 (Index 1135 to 1140)
Batch 228 saved successfully. Total cumulative updates: 12

Processing Batch 229/428 (Index 1140 to 1145)
Batch 229 saved successfully. Total cumulative updates: 12

Processing Batch 230/428 (Index 1145 to 1150)
Batch 230 saved successfully. Total cumulative updates: 12

Processing Batch 231/428 (Index 1150 to 1155)
Batch 231 saved successfully. Total cumulative updates: 12

Processing Batch 232/428 (Index 1155 to 1160)
Batch 232 saved successfully. Total cumulative updates: 12

Processing Batch 233/428 (Index 1160 to 1165)
Batch 233 saved successfully. Total cumulative updates: 12

Processing Batch 234/428 (Index 1165 to 1170)
Batch 234 saved successfully. Total cumulative updates: 12

Processing Batch 235/428 (Index 1170 to 1175)
  [UPDATE] 'das Müsli / Müesli' (ID: 1172): plural: 'die Müslis' -> 'die Müsli / Müesli'
Batch 235 saved successfully. Total cumulative updates: 13

Processing Batch 236/428 (Index 1175 to 1180)
Batch 236 saved successfully. Total cumulative updates: 13

Processing Batch 237/428 (Index 1180 to 1185)
Batch 237 saved successfully. Total cumulative updates: 13

Processing Batch 238/428 (Index 1185 to 1190)
Batch 238 saved successfully. Total cumulative updates: 13

Processing Batch 239/428 (Index 1190 to 1195)
Batch 239 saved successfully. Total cumulative updates: 13

Processing Batch 240/428 (Index 1195 to 1200)
Batch 240 saved successfully. Total cumulative updates: 13

Processing Batch 241/428 (Index 1200 to 1205)
Batch 241 saved successfully. Total cumulative updates: 13

Processing Batch 242/428 (Index 1205 to 1210)
Batch 242 saved successfully. Total cumulative updates: 13

Processing Batch 243/428 (Index 1210 to 1215)
Batch 243 saved successfully. Total cumulative updates: 13

Processing Batch 244/428 (Index 1215 to 1220)
Batch 244 saved successfully. Total cumulative updates: 13

Processing Batch 245/428 (Index 1220 to 1225)
Batch 245 saved successfully. Total cumulative updates: 13

Processing Batch 246/428 (Index 1225 to 1230)
Batch 246 saved successfully. Total cumulative updates: 13

Processing Batch 247/428 (Index 1230 to 1235)
Batch 247 saved successfully. Total cumulative updates: 13

Processing Batch 248/428 (Index 1235 to 1240)
Batch 248 saved successfully. Total cumulative updates: 13

Processing Batch 249/428 (Index 1240 to 1245)
Batch 249 saved successfully. Total cumulative updates: 13

Processing Batch 250/428 (Index 1245 to 1250)
Batch 250 saved successfully. Total cumulative updates: 13

Processing Batch 251/428 (Index 1250 to 1255)
Batch 251 saved successfully. Total cumulative updates: 13

Processing Batch 252/428 (Index 1255 to 1260)
Batch 252 saved successfully. Total cumulative updates: 13

Processing Batch 253/428 (Index 1260 to 1265)
Batch 253 saved successfully. Total cumulative updates: 13

Processing Batch 254/428 (Index 1265 to 1270)
Batch 254 saved successfully. Total cumulative updates: 13

Processing Batch 255/428 (Index 1270 to 1275)
Batch 255 saved successfully. Total cumulative updates: 13

Processing Batch 256/428 (Index 1275 to 1280)
Batch 256 saved successfully. Total cumulative updates: 13

Processing Batch 257/428 (Index 1280 to 1285)
Batch 257 saved successfully. Total cumulative updates: 13

Processing Batch 258/428 (Index 1285 to 1290)
Batch 258 saved successfully. Total cumulative updates: 13

Processing Batch 259/428 (Index 1290 to 1295)
Batch 259 saved successfully. Total cumulative updates: 13

Processing Batch 260/428 (Index 1295 to 1300)
Batch 260 saved successfully. Total cumulative updates: 13

Processing Batch 261/428 (Index 1300 to 1305)
Batch 261 saved successfully. Total cumulative updates: 13

Processing Batch 262/428 (Index 1305 to 1310)
Batch 262 saved successfully. Total cumulative updates: 13

Processing Batch 263/428 (Index 1310 to 1315)
Batch 263 saved successfully. Total cumulative updates: 13

Processing Batch 264/428 (Index 1315 to 1320)
  [UPDATE] 'die Post' (ID: 1318): gender: 'der' -> 'die', theme: 'Ausbildung & Lernen' -> 'Dienstleistungen & Behörden'
  [UPDATE] 'die Postleitzahl' (ID: 1319): theme: 'Ausbildung & Lernen' -> 'Dienstleistungen & Behörden'
Batch 264 saved successfully. Total cumulative updates: 15

Processing Batch 265/428 (Index 1320 to 1325)
  [UPDATE] 'die Praxis' (ID: 1325): plural: 'None' -> 'die Praxen'
Batch 265 saved successfully. Total cumulative updates: 16

Processing Batch 266/428 (Index 1325 to 1330)
  [UPDATE] 'die Presse' (ID: 1329): theme: 'Ausbildung & Lernen' -> 'Freizeit & Unterhaltung'
Batch 266 saved successfully. Total cumulative updates: 17

Processing Batch 267/428 (Index 1330 to 1335)
Batch 267 saved successfully. Total cumulative updates: 17

Processing Batch 268/428 (Index 1335 to 1340)
  [UPDATE] 'das Programm' (ID: 1340): theme: 'Zeit, Maße & Basiswortschatz' -> 'Freizeit & Unterhaltung'
Batch 268 saved successfully. Total cumulative updates: 18

Processing Batch 269/428 (Index 1340 to 1345)
Batch 269 saved successfully. Total cumulative updates: 18

Processing Batch 270/428 (Index 1345 to 1350)
Batch 270 saved successfully. Total cumulative updates: 18

Processing Batch 271/428 (Index 1350 to 1355)
Batch 271 saved successfully. Total cumulative updates: 18

Processing Batch 272/428 (Index 1355 to 1360)
Batch 272 saved successfully. Total cumulative updates: 18

Processing Batch 273/428 (Index 1360 to 1365)
Batch 273 saved successfully. Total cumulative updates: 18

Processing Batch 274/428 (Index 1365 to 1370)
Batch 274 saved successfully. Total cumulative updates: 18

Processing Batch 275/428 (Index 1370 to 1375)
Batch 275 saved successfully. Total cumulative updates: 18

Processing Batch 276/428 (Index 1375 to 1380)
Batch 276 saved successfully. Total cumulative updates: 18

Processing Batch 277/428 (Index 1380 to 1385)
Batch 277 saved successfully. Total cumulative updates: 18

Processing Batch 278/428 (Index 1385 to 1390)
Batch 278 saved successfully. Total cumulative updates: 18

Processing Batch 279/428 (Index 1390 to 1395)
  [UPDATE] 'reich / reichen' (ID: 1395): theme: 'Dienstleistungen & Behörden' -> 'Zeit, Maße & Basiswortschatz'
Batch 279 saved successfully. Total cumulative updates: 19

Processing Batch 280/428 (Index 1395 to 1400)
Batch 280 saved successfully. Total cumulative updates: 19

Processing Batch 281/428 (Index 1400 to 1405)
Batch 281 saved successfully. Total cumulative updates: 19

Processing Batch 282/428 (Index 1405 to 1410)
  [UPDATE] 'die Religion' (ID: 1407): theme: 'Freizeit & Unterhaltung' -> 'Person & Familie'
  [UPDATE] 'die Reportage' (ID: 1410): theme: 'Zeit, Maße & Basiswortschatz' -> 'Freizeit & Unterhaltung'
Batch 282 saved successfully. Total cumulative updates: 21

Processing Batch 283/428 (Index 1410 to 1415)
Batch 283 saved successfully. Total cumulative updates: 21

Processing Batch 284/428 (Index 1415 to 1420)
Batch 284 saved successfully. Total cumulative updates: 21

Processing Batch 285/428 (Index 1420 to 1425)
Batch 285 saved successfully. Total cumulative updates: 21

Processing Batch 286/428 (Index 1425 to 1430)
Batch 286 saved successfully. Total cumulative updates: 21

Processing Batch 287/428 (Index 1430 to 1435)
  [UPDATE] 'die Rufnummer' (ID: 1432): theme: 'Ausbildung & Lernen' -> 'Person & Familie'
Batch 287 saved successfully. Total cumulative updates: 22

Processing Batch 288/428 (Index 1435 to 1440)
  [UPDATE] 'die Runde' (ID: 1436): theme: 'Ausbildung & Lernen' -> 'Freizeit & Unterhaltung'
Batch 288 saved successfully. Total cumulative updates: 23

Processing Batch 289/428 (Index 1440 to 1445)
Batch 289 saved successfully. Total cumulative updates: 23

Processing Batch 290/428 (Index 1445 to 1450)
Batch 290 saved successfully. Total cumulative updates: 23

Processing Batch 291/428 (Index 1450 to 1455)
Batch 291 saved successfully. Total cumulative updates: 23

Processing Batch 292/428 (Index 1455 to 1460)
  [UPDATE] 'sauber' (ID: 1458): theme: 'Natur & Umwelt' -> 'Wohnen & Haushalt'
Batch 292 saved successfully. Total cumulative updates: 24

Processing Batch 293/428 (Index 1460 to 1465)
Batch 293 saved successfully. Total cumulative updates: 24

Processing Batch 294/428 (Index 1465 to 1470)
Batch 294 saved successfully. Total cumulative updates: 24

Processing Batch 295/428 (Index 1470 to 1475)
Batch 295 saved successfully. Total cumulative updates: 24

Processing Batch 296/428 (Index 1475 to 1480)
Batch 296 saved successfully. Total cumulative updates: 24

Processing Batch 297/428 (Index 1480 to 1485)
Batch 297 saved successfully. Total cumulative updates: 24

Processing Batch 298/428 (Index 1485 to 1490)
  [UPDATE] 'der Schmutz' (ID: 1489): theme: 'Natur & Umwelt' -> 'Wohnen & Haushalt'
Batch 298 saved successfully. Total cumulative updates: 25

Processing Batch 299/428 (Index 1490 to 1495)
Batch 299 saved successfully. Total cumulative updates: 25

Processing Batch 300/428 (Index 1495 to 1500)
  [UPDATE] 'das Schreiben' (ID: 1499): theme: 'Arbeit & Beruf' -> 'Dienstleistungen & Behörden'
Batch 300 saved successfully. Total cumulative updates: 26

Processing Batch 301/428 (Index 1500 to 1505)
  [UPDATE] 'der Schritt' (ID: 1503): theme: 'Gesundheit & Körper' -> 'Zeit, Maße & Basiswortschatz'
Batch 301 saved successfully. Total cumulative updates: 27

Processing Batch 302/428 (Index 1505 to 1510)
  [UPDATE] 'die Schuld' (ID: 1506): theme: 'Dienstleistungen & Behörden' -> 'Person & Familie'
  [UPDATE] 'schuld' (ID: 1507): theme: 'Dienstleistungen & Behörden' -> 'Person & Familie'
  [UPDATE] 'schuldig' (ID: 1509): theme: 'Dienstleistungen & Behörden' -> 'Einkaufen & Konsum'
Batch 302 saved successfully. Total cumulative updates: 30

Processing Batch 303/428 (Index 1510 to 1515)
Batch 303 saved successfully. Total cumulative updates: 30

Processing Batch 304/428 (Index 1515 to 1520)
  [UPDATE] 'die Schwester' (ID: 1518): theme: 'Gesundheit & Körper' -> 'Person & Familie'
Batch 304 saved successfully. Total cumulative updates: 31

Processing Batch 305/428 (Index 1520 to 1525)
  [UPDATE] 'die Schüssel' (ID: 1524): theme: 'Essen & Trinken' -> 'Wohnen & Haushalt'
  [UPDATE] 'der See' (ID: 1525): gender: 'die' -> 'der'
Batch 305 saved successfully. Total cumulative updates: 33

Processing Batch 306/428 (Index 1525 to 1530)
Batch 306 saved successfully. Total cumulative updates: 33

Processing Batch 307/428 (Index 1530 to 1535)
Batch 307 saved successfully. Total cumulative updates: 33

Processing Batch 308/428 (Index 1535 to 1540)
  [UPDATE] 'selbstverständlich' (ID: 1538): theme: 'Ausbildung & Lernen' -> 'Zeit, Maße & Basiswortschatz'
Batch 308 saved successfully. Total cumulative updates: 34

Processing Batch 309/428 (Index 1540 to 1545)
  [UPDATE] 'der Sender' (ID: 1543): theme: 'Zeit, Maße & Basiswortschatz' -> 'Freizeit & Unterhaltung'
  [UPDATE] 'die Senioren' (ID: 1544): theme: 'Dienstleistungen & Behörden' -> 'Person & Familie'
  [UPDATE] 'senkrecht' (ID: 1545): theme: 'Dienstleistungen & Behörden' -> 'Zeit, Maße & Basiswortschatz'
Batch 309 saved successfully. Total cumulative updates: 37

Processing Batch 310/428 (Index 1545 to 1550)
Batch 310 saved successfully. Total cumulative updates: 37

Processing Batch 311/428 (Index 1550 to 1555)
  [UPDATE] 'sich bedanken' (ID: 1554): theme: 'Ausbildung & Lernen' -> 'Zeit, Maße & Basiswortschatz'
Batch 311 saved successfully. Total cumulative updates: 38

Processing Batch 312/428 (Index 1555 to 1560)
  [UPDATE] 'sich befinden' (ID: 1556): theme: 'Wohnen & Haushalt' -> 'Reise & Verkehr'
  [UPDATE] 'sich beschweren' (ID: 1558): theme: 'Ausbildung & Lernen' -> 'Wohnen & Haushalt'
  [UPDATE] 'sich beteiligen' (ID: 1559): theme: 'Dienstleistungen & Behörden' -> 'Ausbildung & Lernen'
Batch 312 saved successfully. Total cumulative updates: 41

Processing Batch 313/428 (Index 1560 to 1565)
  [UPDATE] 'sich entschließen' (ID: 1563): theme: 'Person & Familie' -> 'Zeit, Maße & Basiswortschatz'
Batch 313 saved successfully. Total cumulative updates: 42

Processing Batch 314/428 (Index 1565 to 1570)
  [UPDATE] 'sich erkundigen' (ID: 1566): theme: 'Ausbildung & Lernen' -> 'Reise & Verkehr'
  [UPDATE] 'sich fürchten' (ID: 1569): theme: 'Person & Familie' -> 'Natur & Umwelt'
  [UPDATE] 'sich irren' (ID: 1570): theme: 'Ausbildung & Lernen' -> 'Zeit, Maße & Basiswortschatz'
Batch 314 saved successfully. Total cumulative updates: 45

Processing Batch 315/428 (Index 1570 to 1575)
  [UPDATE] 'sich kümmern' (ID: 1572): theme: 'Zeit, Maße & Basiswortschatz' -> 'Person & Familie'
  [UPDATE] 'sich lohnen' (ID: 1574): theme: 'Arbeit & Beruf' -> 'Zeit, Maße & Basiswortschatz'
Batch 315 saved successfully. Total cumulative updates: 47

Processing Batch 316/428 (Index 1575 to 1580)
  [UPDATE] 'sich umdrehen' (ID: 1579): theme: 'Gesundheit & Körper' -> 'Zeit, Maße & Basiswortschatz'
  [UPDATE] 'sich umziehen' (ID: 1580): theme: 'Einkaufen & Konsum' -> 'Freizeit & Unterhaltung'
Batch 316 saved successfully. Total cumulative updates: 49

Processing Batch 317/428 (Index 1580 to 1585)
Batch 317 saved successfully. Total cumulative updates: 49

Processing Batch 318/428 (Index 1585 to 1590)
  [UPDATE] 'sich vorstellen' (ID: 1586): theme: 'Ausbildung & Lernen' -> 'Person & Familie'
  [UPDATE] 'sich weigern' (ID: 1588): theme: 'Ausbildung & Lernen' -> 'Arbeit & Beruf'
  [UPDATE] 'sich wundern' (ID: 1589): theme: 'Person & Familie' -> 'Zeit, Maße & Basiswortschatz'
  [UPDATE] 'sich überzeugen' (ID: 1590): theme: 'Ausbildung & Lernen' -> 'Zeit, Maße & Basiswortschatz'
Batch 318 saved successfully. Total cumulative updates: 53

Processing Batch 319/428 (Index 1590 to 1595)
Batch 319 saved successfully. Total cumulative updates: 53

Processing Batch 320/428 (Index 1595 to 1600)
  [UPDATE] 'singen / sinken' (ID: 1596): theme: 'Natur & Umwelt' -> 'Freizeit & Unterhaltung'
  [UPDATE] 'der Sinn' (ID: 1597): theme: 'Ausbildung & Lernen' -> 'Zeit, Maße & Basiswortschatz'
Batch 320 saved successfully. Total cumulative updates: 55

Processing Batch 321/428 (Index 1600 to 1605)
  [UPDATE] 'sitzen (gesessen)' (ID: 1602): theme: 'Gesundheit & Körper' -> 'Zeit, Maße & Basiswortschatz', verb_conjugation.perfekt: 'hat gesessen' -> 'hat/ist gesessen'
Batch 321 saved successfully. Total cumulative updates: 56

Processing Batch 322/428 (Index 1605 to 1610)
Batch 322 saved successfully. Total cumulative updates: 56

Processing Batch 323/428 (Index 1610 to 1615)
  [UPDATE] 'sollen' (ID: 1613): verb_conjugation.perfekt: 'hat gesollt' -> 'hat gesollt (hat sollen als Modalverb)'
  [UPDATE] 'sollen' (ID: 1614): verb_conjugation.perfekt: 'hat gesollt' -> 'hat gesollt (hat sollen als Modalverb)'
Batch 323 saved successfully. Total cumulative updates: 58

Processing Batch 324/428 (Index 1615 to 1620)
Batch 324 saved successfully. Total cumulative updates: 58

Processing Batch 325/428 (Index 1620 to 1625)
Batch 325 saved successfully. Total cumulative updates: 58

Processing Batch 326/428 (Index 1625 to 1630)
  [UPDATE] 'sozial' (ID: 1626): theme: 'Dienstleistungen & Behörden' -> 'Zeit, Maße & Basiswortschatz'
Batch 326 saved successfully. Total cumulative updates: 59

Processing Batch 327/428 (Index 1630 to 1635)
  [UPDATE] 'sparsam' (ID: 1631): theme: 'Dienstleistungen & Behörden' -> 'Zeit, Maße & Basiswortschatz'
Batch 327 saved successfully. Total cumulative updates: 60

Processing Batch 328/428 (Index 1635 to 1640)
Batch 328 saved successfully. Total cumulative updates: 60

Processing Batch 329/428 (Index 1640 to 1645)
Batch 329 saved successfully. Total cumulative updates: 60

Processing Batch 330/428 (Index 1645 to 1650)
Batch 330 saved successfully. Total cumulative updates: 60

Processing Batch 331/428 (Index 1650 to 1655)
Batch 331 saved successfully. Total cumulative updates: 60

Processing Batch 332/428 (Index 1655 to 1660)
  [UPDATE] 'die Stadt' (ID: 1658): gender: 'der' -> 'die'
  [UPDATE] 'der Standpunkt' (ID: 1660): theme: 'Ausbildung & Lernen' -> 'Zeit, Maße & Basiswortschatz'
Batch 332 saved successfully. Total cumulative updates: 62

Processing Batch 333/428 (Index 1660 to 1665)
Batch 333 saved successfully. Total cumulative updates: 62

Processing Batch 334/428 (Index 1665 to 1670)
  [UPDATE] 'die Statistik' (ID: 1666): theme: 'Dienstleistungen & Behörden' -> 'Zeit, Maße & Basiswortschatz'
  [UPDATE] 'statistisch' (ID: 1667): theme: 'Dienstleistungen & Behörden' -> 'Zeit, Maße & Basiswortschatz'
  [UPDATE] 'stattfinden' (ID: 1668): theme: 'Freizeit & Unterhaltung' -> 'Zeit, Maße & Basiswortschatz'
Batch 334 saved successfully. Total cumulative updates: 65

Processing Batch 335/428 (Index 1670 to 1675)
  [UPDATE] 'steil' (ID: 1674): theme: 'Natur & Umwelt' -> 'Zeit, Maße & Basiswortschatz'
Batch 335 saved successfully. Total cumulative updates: 66

Processing Batch 336/428 (Index 1675 to 1680)
  [UPDATE] 'der Stempel' (ID: 1677): theme: 'Ausbildung & Lernen' -> 'Dienstleistungen & Behörden'
Batch 336 saved successfully. Total cumulative updates: 67

Processing Batch 337/428 (Index 1680 to 1685)
Batch 337 saved successfully. Total cumulative updates: 67

Processing Batch 338/428 (Index 1685 to 1690)
  [UPDATE] 'der Stil' (ID: 1686): theme: 'Freizeit & Unterhaltung' -> 'Zeit, Maße & Basiswortschatz'
  [UPDATE] 'stilistisch' (ID: 1687): theme: 'Freizeit & Unterhaltung' -> 'Zeit, Maße & Basiswortschatz'
Batch 338 saved successfully. Total cumulative updates: 69

Processing Batch 339/428 (Index 1690 to 1695)
FAILED to process batch 339 at index 1690
--- Audit Started at 2026-06-21 18:18:18 ---

Processing Batch 339/428 (Index 1690 to 1695)
Batch 339 saved successfully. Total cumulative updates: 0

Processing Batch 340/428 (Index 1695 to 1700)
Batch 340 saved successfully. Total cumulative updates: 0

Processing Batch 341/428 (Index 1700 to 1705)
  [UPDATE] 'der Streit' (ID: 1704): theme: 'Dienstleistungen & Behörden' -> 'Person & Familie'
Batch 341 saved successfully. Total cumulative updates: 1

Processing Batch 342/428 (Index 1705 to 1710)
Batch 342 saved successfully. Total cumulative updates: 1

Processing Batch 343/428 (Index 1710 to 1715)
  [UPDATE] 'der Studierende' (ID: 1712): gender: 'die' -> 'der'
Batch 343 saved successfully. Total cumulative updates: 2

Processing Batch 344/428 (Index 1715 to 1720)
  [UPDATE] 'stumm' (ID: 1718): theme: 'Ausbildung & Lernen' -> 'Zeit, Maße & Basiswortschatz'
Batch 344 saved successfully. Total cumulative updates: 3

Processing Batch 345/428 (Index 1720 to 1725)
  [UPDATE] 'die Störung' (ID: 1723): theme: 'Ausbildung & Lernen' -> 'Zeit, Maße & Basiswortschatz'
  [UPDATE] 'das Stück' (ID: 1724): theme: 'Essen & Trinken' -> 'Zeit, Maße & Basiswortschatz'
Batch 345 saved successfully. Total cumulative updates: 5

Processing Batch 346/428 (Index 1725 to 1730)
  [UPDATE] 'das Symbol' (ID: 1730): theme: 'Ausbildung & Lernen' -> 'Zeit, Maße & Basiswortschatz'
Batch 346 saved successfully. Total cumulative updates: 6

Processing Batch 347/428 (Index 1730 to 1735)
  [UPDATE] 'das System' (ID: 1732): theme: 'Dienstleistungen & Behörden' -> 'Zeit, Maße & Basiswortschatz'
Batch 347 saved successfully. Total cumulative updates: 7

Processing Batch 348/428 (Index 1735 to 1740)
Batch 348 saved successfully. Total cumulative updates: 7

Processing Batch 349/428 (Index 1740 to 1745)
Batch 349 saved successfully. Total cumulative updates: 7

Processing Batch 350/428 (Index 1745 to 1750)
Batch 350 saved successfully. Total cumulative updates: 7

Processing Batch 351/428 (Index 1750 to 1755)
Batch 351 saved successfully. Total cumulative updates: 7

Processing Batch 352/428 (Index 1755 to 1760)
Batch 352 saved successfully. Total cumulative updates: 7

Processing Batch 353/428 (Index 1760 to 1765)
  [UPDATE] 'das Teil' (ID: 1761): gender: 'der' -> 'das'
Batch 353 saved successfully. Total cumulative updates: 8

Processing Batch 354/428 (Index 1765 to 1770)
Batch 354 saved successfully. Total cumulative updates: 8

Processing Batch 355/428 (Index 1770 to 1775)
Batch 355 saved successfully. Total cumulative updates: 8

Processing Batch 356/428 (Index 1775 to 1780)
Batch 356 saved successfully. Total cumulative updates: 8

Processing Batch 357/428 (Index 1780 to 1785)
  [UPDATE] 'tief' (ID: 1781): theme: 'Natur & Umwelt' -> 'Zeit, Maße & Basiswortschatz'
Batch 357 saved successfully. Total cumulative updates: 9

Processing Batch 358/428 (Index 1785 to 1790)
  [UPDATE] 'tolerant' (ID: 1789): theme: 'Dienstleistungen & Behörden' -> 'Person & Familie'
Batch 358 saved successfully. Total cumulative updates: 10

Processing Batch 359/428 (Index 1790 to 1795)
  [UPDATE] 'tot' (ID: 1795): theme: 'Zeit, Maße & Basiswortschatz' -> 'Person & Familie'
Batch 359 saved successfully. Total cumulative updates: 11

Processing Batch 360/428 (Index 1795 to 1800)
  [UPDATE] 'der Tote' (ID: 1797): gender: 'die' -> 'der'
Batch 360 saved successfully. Total cumulative updates: 12

Processing Batch 361/428 (Index 1800 to 1805)
Batch 361 saved successfully. Total cumulative updates: 12

Processing Batch 362/428 (Index 1805 to 1810)
Batch 362 saved successfully. Total cumulative updates: 12

Processing Batch 363/428 (Index 1810 to 1815)
Batch 363 saved successfully. Total cumulative updates: 12

Processing Batch 364/428 (Index 1815 to 1820)
  [UPDATE] 'trocknen' (ID: 1816): verb_conjugation.perfekt: 'ist getrocknet' -> 'hat/ist getrocknet'
Batch 364 saved successfully. Total cumulative updates: 13

Processing Batch 365/428 (Index 1820 to 1825)
  [UPDATE] 'der Typ' (ID: 1824): theme: 'Dienstleistungen & Behörden' -> 'Person & Familie'
Batch 365 saved successfully. Total cumulative updates: 14

Processing Batch 366/428 (Index 1825 to 1830)
Batch 366 saved successfully. Total cumulative updates: 14

Processing Batch 367/428 (Index 1830 to 1835)
Batch 367 saved successfully. Total cumulative updates: 14

Processing Batch 368/428 (Index 1835 to 1840)
  [UPDATE] 'umgekehrt' (ID: 1837): theme: 'Ausbildung & Lernen' -> 'Zeit, Maße & Basiswortschatz'
  [UPDATE] 'umso' (ID: 1839): theme: 'Ausbildung & Lernen' -> 'Zeit, Maße & Basiswortschatz'
Batch 368 saved successfully. Total cumulative updates: 16

Processing Batch 369/428 (Index 1840 to 1845)
Batch 369 saved successfully. Total cumulative updates: 16

Processing Batch 370/428 (Index 1845 to 1850)
  [UPDATE] 'unbedingt' (ID: 1847): theme: 'Ausbildung & Lernen' -> 'Zeit, Maße & Basiswortschatz'
  [UPDATE] 'und' (ID: 1848): theme: 'Ausbildung & Lernen' -> 'Zeit, Maße & Basiswortschatz'
Batch 370 saved successfully. Total cumulative updates: 18

Processing Batch 371/428 (Index 1850 to 1855)
Batch 371 saved successfully. Total cumulative updates: 18

Processing Batch 372/428 (Index 1855 to 1860)
  [UPDATE] 'unheimlich' (ID: 1856): theme: 'Person & Familie' -> 'Zeit, Maße & Basiswortschatz'
Batch 372 saved successfully. Total cumulative updates: 19

Processing Batch 373/428 (Index 1860 to 1865)
  [UPDATE] 'die Unterhaltung' (ID: 1863): theme: 'Ausbildung & Lernen' -> 'Freizeit & Unterhaltung'
Batch 373 saved successfully. Total cumulative updates: 20

Processing Batch 374/428 (Index 1865 to 1870)
Batch 374 saved successfully. Total cumulative updates: 20

Processing Batch 375/428 (Index 1870 to 1875)
Batch 375 saved successfully. Total cumulative updates: 20

Processing Batch 376/428 (Index 1875 to 1880)
  [UPDATE] 'vergessen' (ID: 1879): theme: 'Person & Familie' -> 'Zeit, Maße & Basiswortschatz'
Batch 376 saved successfully. Total cumulative updates: 21

Processing Batch 377/428 (Index 1880 to 1885)
  [UPDATE] 'das Verhalten' (ID: 1882): theme: 'Zeit, Maße & Basiswortschatz' -> 'Person & Familie'
Batch 377 saved successfully. Total cumulative updates: 22

Processing Batch 378/428 (Index 1885 to 1890)
  [UPDATE] 'der Verkäufer' (ID: 1888): theme: 'Einkaufen & Konsum' -> 'Arbeit & Beruf'
  [UPDATE] 'verlieren' (ID: 1890): theme: 'Person & Familie' -> 'Zeit, Maße & Basiswortschatz'
Batch 378 saved successfully. Total cumulative updates: 24

Processing Batch 379/428 (Index 1890 to 1895)
  [UPDATE] 'der Verlust' (ID: 1892): theme: 'Person & Familie' -> 'Zeit, Maße & Basiswortschatz'
  [UPDATE] 'die Vermittlung' (ID: 1895): gender: 'der' -> 'die', theme: 'Arbeit & Beruf' -> 'Dienstleistungen & Behörden'
Batch 379 saved successfully. Total cumulative updates: 26

Processing Batch 380/428 (Index 1895 to 1900)
  [UPDATE] 'vermutlich' (ID: 1896): theme: 'Ausbildung & Lernen' -> 'Zeit, Maße & Basiswortschatz'
  [UPDATE] 'verraten' (ID: 1899): theme: 'Ausbildung & Lernen' -> 'Zeit, Maße & Basiswortschatz'
Batch 380 saved successfully. Total cumulative updates: 28

Processing Batch 381/428 (Index 1900 to 1905)
Batch 381 saved successfully. Total cumulative updates: 28

Processing Batch 382/428 (Index 1905 to 1910)
Batch 382 saved successfully. Total cumulative updates: 28

Processing Batch 383/428 (Index 1910 to 1915)
  [UPDATE] 'der Verwandte' (ID: 1915): gender: 'die' -> 'der'
Batch 383 saved successfully. Total cumulative updates: 29

Processing Batch 384/428 (Index 1915 to 1920)
  [UPDATE] 'vielleicht' (ID: 1920): theme: 'Ausbildung & Lernen' -> 'Zeit, Maße & Basiswortschatz'
Batch 384 saved successfully. Total cumulative updates: 30

Processing Batch 385/428 (Index 1920 to 1925)
Batch 385 saved successfully. Total cumulative updates: 30

Processing Batch 386/428 (Index 1925 to 1930)
  [UPDATE] 'von' (ID: 1930): theme: 'Person & Familie' -> 'Zeit, Maße & Basiswortschatz'
Batch 386 saved successfully. Total cumulative updates: 31

Processing Batch 387/428 (Index 1930 to 1935)
  [UPDATE] 'voneinander' (ID: 1931): theme: 'Ausbildung & Lernen' -> 'Zeit, Maße & Basiswortschatz'
  [UPDATE] 'vor allem' (ID: 1933): theme: 'Ausbildung & Lernen' -> 'Zeit, Maße & Basiswortschatz'
  [UPDATE] 'voraus' (ID: 1934): theme: 'Ausbildung & Lernen' -> 'Zeit, Maße & Basiswortschatz'
Batch 387 saved successfully. Total cumulative updates: 34

Processing Batch 388/428 (Index 1935 to 1940)
Batch 388 saved successfully. Total cumulative updates: 34

Processing Batch 389/428 (Index 1940 to 1945)
Batch 389 saved successfully. Total cumulative updates: 34

Processing Batch 390/428 (Index 1945 to 1950)
  [UPDATE] 'die Vorsicht' (ID: 1947): theme: 'Dienstleistungen & Behörden' -> 'Zeit, Maße & Basiswortschatz'
Batch 390 saved successfully. Total cumulative updates: 35

Processing Batch 391/428 (Index 1950 to 1955)
  [UPDATE] 'die Vorwahl' (ID: 1952): theme: 'Ausbildung & Lernen' -> 'Dienstleistungen & Behörden'
  [UPDATE] 'der Vorwurf' (ID: 1953): theme: 'Ausbildung & Lernen' -> 'Person & Familie'
  [UPDATE] 'vorwärts' (ID: 1954): theme: 'Reise & Verkehr' -> 'Zeit, Maße & Basiswortschatz'
Batch 391 saved successfully. Total cumulative updates: 38

Processing Batch 392/428 (Index 1955 to 1960)
  [UPDATE] 'wahr' (ID: 1960): theme: 'Ausbildung & Lernen' -> 'Zeit, Maße & Basiswortschatz'
Batch 392 saved successfully. Total cumulative updates: 39

Processing Batch 393/428 (Index 1960 to 1965)
  [UPDATE] 'die Wahrheit' (ID: 1961): theme: 'Ausbildung & Lernen' -> 'Zeit, Maße & Basiswortschatz'
  [UPDATE] 'wahrscheinlich' (ID: 1962): theme: 'Person & Familie' -> 'Zeit, Maße & Basiswortschatz'
Batch 393 saved successfully. Total cumulative updates: 41
